<h2>Methods that were not run</h2><table>
<tr><td>teammates.test.cases.ui.browsertests.AllAccessControlUiTests.testUserNotLoggedIn</td></tr>
<tr><td>teammates.test.cases.ui.browsertests.InstructorCommentsPageUiTest.allTests</td></tr>
<tr><td>teammates.test.cases.logic.EvaluationsLogicTest.testAll</td></tr>
<tr><td>teammates.test.cases.ui.browsertests.StudentFeedbackResultsPageUiTest.testAll</td></tr>
<tr><td>teammates.test.cases.ui.browsertests.InstructorFeedbackPageUiTest.allTests</td></tr>
<tr><td>teammates.test.cases.ui.browsertests.AdminAccountDetailsPageUiTest.testAll</td></tr>
<tr><td>teammates.test.cases.ui.browsertests.InstructorCourseDetailsPageUiTest.allTests</td></tr>
<tr><td>teammates.test.cases.ui.AdminInstructorAccountAddActionTest.testGenerateNextDemoCourseId</td></tr>
<tr><td>teammates.test.cases.ui.browsertests.AllAccessControlUiTests.testStudentAccessToAdminPages</td></tr>
<tr><td>teammates.test.cases.ui.browsertests.AllAccessControlUiTests.testUserNotRegistered</td></tr>
<tr><td>teammates.test.cases.ui.browsertests.InstructorFeedbackResultsPageUiTest.testAll</td></tr>
<tr><td>teammates.test.cases.ui.browsertests.SystemErrorEmailReportTest.testEntityDoesNotExistException</td></tr>
<tr><td>teammates.test.cases.ui.browsertests.AdminHomePageUiTest.testAll</td></tr>
<tr><td>teammates.test.cases.ui.browsertests.InstructorHomePageUiTest.allTests</td></tr>
<tr><td>teammates.test.cases.ui.browsertests.AllAccessControlUiTests.testStudentEvalResult</td></tr>
<tr><td>teammates.test.cases.ui.browsertests.MashupPageUiTest.loadWebpageCompilation</td></tr>
<tr><td>teammates.test.cases.ui.browsertests.SystemErrorEmailReportTest.testAssertionError</td></tr>
<tr><td>teammates.test.cases.ui.browsertests.AllAccessControlUiTests.testPubliclyAccessiblePages</td></tr>
<tr><td>teammates.test.cases.ui.browsertests.AllAccessControlUiTests.testStudentHome</td></tr>
<tr><td>teammates.test.automated.FeedbackSessionPublishedReminderTest.testFeedbackSessionOpeningMailAction</td></tr>
<tr><td>teammates.test.cases.ui.browsertests.StudentHomePageUiTest.allTests</td></tr>
<tr><td>teammates.test.cases.ui.browsertests.InstructorFeedbackEditPageUiTest.allTests</td></tr>
<tr><td>teammates.test.cases.ui.browsertests.AllAccessControlUiTests.testStudentEvalSubmission</td></tr>
<tr><td>teammates.test.cases.ui.AdminInstructorAccountAddActionTest.testExecuteAndPostProcess</td></tr>
<tr><td>teammates.test.cases.ui.browsertests.AllAccessControlUiTests.testInstructorHome</td></tr>
<tr><td>teammates.test.cases.ui.browsertests.SystemErrorEmailReportTest.testUnauthorizedAccessException</td></tr>
<tr><td>teammates.test.automated.FeedbackSessionPublishedReminderTest.testAdditionOfTaskToTaskQueue</td></tr>
<tr><td>teammates.test.cases.BaseComponentTestCase.testTearDown</td></tr>
<tr><td>teammates.test.cases.ui.browsertests.SystemErrorEmailReportTest.testDeadlineExceededException</td></tr>
<tr><td>teammates.test.cases.ui.browsertests.SystemErrorEmailReportTest.testNullPointerException</td></tr>
<tr><td>teammates.test.cases.BaseComponentTestCase.testSetUp</td></tr>
<tr><td>teammates.test.cases.ui.browsertests.AllAccessControlUiTests.testUserNotLoggedIn</td></tr>
<tr><td>teammates.test.cases.ui.browsertests.InstructorCommentsPageUiTest.allTests</td></tr>
<tr><td>teammates.test.cases.logic.EvaluationsLogicTest.testAll</td></tr>
<tr><td>teammates.test.cases.ui.browsertests.InstructorFeedbackPageUiTest.allTests</td></tr>
<tr><td>teammates.test.cases.ui.browsertests.AdminAccountDetailsPageUiTest.testAll</td></tr>
<tr><td>teammates.test.cases.ui.browsertests.InstructorCourseDetailsPageUiTest.allTests</td></tr>
<tr><td>teammates.test.cases.ui.AdminInstructorAccountAddActionTest.testGenerateNextDemoCourseId</td></tr>
<tr><td>teammates.test.cases.ui.browsertests.AllAccessControlUiTests.testStudentAccessToAdminPages</td></tr>
<tr><td>teammates.test.cases.ui.browsertests.AllAccessControlUiTests.testUserNotRegistered</td></tr>
<tr><td>teammates.test.cases.ui.browsertests.InstructorFeedbackResultsPageUiTest.testAll</td></tr>
<tr><td>teammates.test.cases.ui.browsertests.SystemErrorEmailReportTest.testEntityDoesNotExistException</td></tr>
<tr><td>teammates.test.cases.ui.browsertests.AllAccessControlUiTests.testStudentEvalResult</td></tr>
<tr><td>teammates.test.cases.ui.browsertests.MashupPageUiTest.loadWebpageCompilation</td></tr>
<tr><td>teammates.test.cases.ui.browsertests.SystemErrorEmailReportTest.testAssertionError</td></tr>
<tr><td>teammates.test.cases.ui.browsertests.AllAccessControlUiTests.testPubliclyAccessiblePages</td></tr>
<tr><td>teammates.test.cases.ui.browsertests.AllAccessControlUiTests.testStudentHome</td></tr>
<tr><td>teammates.test.automated.FeedbackSessionPublishedReminderTest.testFeedbackSessionOpeningMailAction</td></tr>
<tr><td>teammates.test.cases.ui.browsertests.StudentHomePageUiTest.allTests</td></tr>
<tr><td>teammates.test.cases.ui.browsertests.InstructorFeedbackEditPageUiTest.allTests</td></tr>
<tr><td>teammates.test.cases.ui.browsertests.GodModeTest.testGodMode</td></tr>
<tr><td>teammates.test.cases.ui.browsertests.AllAccessControlUiTests.testStudentEvalSubmission</td></tr>
<tr><td>teammates.test.cases.ui.AdminInstructorAccountAddActionTest.testExecuteAndPostProcess</td></tr>
<tr><td>teammates.test.cases.ui.browsertests.AllAccessControlUiTests.testInstructorHome</td></tr>
<tr><td>teammates.test.cases.ui.browsertests.SystemErrorEmailReportTest.testUnauthorizedAccessException</td></tr>
<tr><td>teammates.test.automated.FeedbackSessionPublishedReminderTest.testAdditionOfTaskToTaskQueue</td></tr>
<tr><td>teammates.test.cases.BaseComponentTestCase.testTearDown</td></tr>
<tr><td>teammates.test.cases.ui.browsertests.SystemErrorEmailReportTest.testDeadlineExceededException</td></tr>
<tr><td>teammates.test.cases.ui.browsertests.SystemErrorEmailReportTest.testNullPointerException</td></tr>
<tr><td>teammates.test.cases.BaseComponentTestCase.testSetUp</td></tr>
</table>