<?xml version="1.0" encoding="UTF-8"?>
<testng-results skipped="0" failed="12" total="12" passed="0">
  <reporter-output>
  </reporter-output>
  <suite name="Failed suite [Failed suite [Failed suite [Failed suite [Failed suite [all-tests-in-parallel]]]]]" duration-ms="8488" started-at="2014-09-03T12:10:17Z" finished-at="2014-09-03T12:10:26Z">
    <groups>
    </groups>
    <test name="component-tests(failed)(failed)(failed)(failed)(failed)" duration-ms="3308" started-at="2014-09-03T12:10:17Z" finished-at="2014-09-03T12:10:21Z">
      <class name="teammates.test.cases.logic.CommentsLogicTest">
        <test-method status="PASS" signature="setupClass()[pri:0, instance:teammates.test.cases.logic.CommentsLogicTest@16891f0]" name="setupClass" is-config="true" duration-ms="1967" started-at="2014-09-03T12:10:18Z" finished-at="2014-09-03T12:10:20Z">
          <reporter-output>
          </reporter-output>
        </test-method> <!-- setupClass -->
        <test-method status="FAIL" signature="testGetComments()[pri:0, instance:teammates.test.cases.logic.CommentsLogicTest@16891f0]" name="testGetComments" duration-ms="15" started-at="2014-09-03T12:10:20Z" finished-at="2014-09-03T12:10:20Z">
          <exception class="java.lang.NullPointerException">
            <full-stacktrace>
              <![CDATA[java.lang.NullPointerException
	at teammates.common.datatransfer.CommentAttributes.removeIrrelevantVisibilityOptions(CommentAttributes.java:227)
	at teammates.common.datatransfer.CommentAttributes.sanitizeForSaving(CommentAttributes.java:198)
	at teammates.storage.api.CommentsDb.updateComment(CommentsDb.java:244)
	at teammates.logic.core.CommentsLogic.updateComment(CommentsLogic.java:113)
	at teammates.test.cases.logic.CommentsLogicTest.testGetComments(CommentsLogicTest.java:138)
	at sun.reflect.NativeMethodAccessorImpl.invoke0(Native Method)
	at sun.reflect.NativeMethodAccessorImpl.invoke(NativeMethodAccessorImpl.java:57)
	at sun.reflect.DelegatingMethodAccessorImpl.invoke(DelegatingMethodAccessorImpl.java:43)
	at java.lang.reflect.Method.invoke(Method.java:606)
	at org.testng.internal.MethodInvocationHelper.invokeMethod(MethodInvocationHelper.java:84)
	at org.testng.internal.Invoker.invokeMethod(Invoker.java:714)
	at org.testng.internal.Invoker.invokeTestMethod(Invoker.java:901)
	at org.testng.internal.Invoker.invokeTestMethods(Invoker.java:1231)
	at org.testng.internal.TestMethodWorker.invokeTestMethods(TestMethodWorker.java:127)
	at org.testng.internal.TestMethodWorker.run(TestMethodWorker.java:111)
	at org.testng.TestRunner.privateRun(TestRunner.java:767)
	at org.testng.TestRunner.run(TestRunner.java:617)
	at org.testng.SuiteRunner.runTest(SuiteRunner.java:334)
	at org.testng.SuiteRunner.access$000(SuiteRunner.java:37)
	at org.testng.SuiteRunner$SuiteWorker.run(SuiteRunner.java:368)
	at org.testng.internal.thread.ThreadUtil$2.call(ThreadUtil.java:64)
	at java.util.concurrent.FutureTask.run(FutureTask.java:262)
	at java.util.concurrent.ThreadPoolExecutor.runWorker(ThreadPoolExecutor.java:1145)
	at java.util.concurrent.ThreadPoolExecutor$Worker.run(ThreadPoolExecutor.java:615)
	at java.lang.Thread.run(Thread.java:745)
]]>
            </full-stacktrace>
          </exception> <!-- java.lang.NullPointerException -->
          <reporter-output>
          </reporter-output>
        </test-method> <!-- testGetComments -->
        <test-method status="FAIL" signature="testCreateComment()[pri:0, instance:teammates.test.cases.logic.CommentsLogicTest@16891f0]" name="testCreateComment" duration-ms="0" started-at="2014-09-03T12:10:20Z" finished-at="2014-09-03T12:10:20Z">
          <exception class="java.lang.NullPointerException">
            <full-stacktrace>
              <![CDATA[java.lang.NullPointerException
	at teammates.common.datatransfer.CommentAttributes.removeIrrelevantVisibilityOptions(CommentAttributes.java:227)
	at teammates.common.datatransfer.CommentAttributes.sanitizeForSaving(CommentAttributes.java:198)
	at teammates.storage.api.EntitiesDb.createEntity(EntitiesDb.java:55)
	at teammates.storage.api.CommentsDb.createEntity(CommentsDb.java:67)
	at teammates.logic.core.CommentsLogic.createComment(CommentsLogic.java:64)
	at teammates.test.cases.logic.CommentsLogicTest.testCreateComment(CommentsLogicTest.java:84)
	at sun.reflect.NativeMethodAccessorImpl.invoke0(Native Method)
	at sun.reflect.NativeMethodAccessorImpl.invoke(NativeMethodAccessorImpl.java:57)
	at sun.reflect.DelegatingMethodAccessorImpl.invoke(DelegatingMethodAccessorImpl.java:43)
	at java.lang.reflect.Method.invoke(Method.java:606)
	at org.testng.internal.MethodInvocationHelper.invokeMethod(MethodInvocationHelper.java:84)
	at org.testng.internal.Invoker.invokeMethod(Invoker.java:714)
	at org.testng.internal.Invoker.invokeTestMethod(Invoker.java:901)
	at org.testng.internal.Invoker.invokeTestMethods(Invoker.java:1231)
	at org.testng.internal.TestMethodWorker.invokeTestMethods(TestMethodWorker.java:127)
	at org.testng.internal.TestMethodWorker.run(TestMethodWorker.java:111)
	at org.testng.TestRunner.privateRun(TestRunner.java:767)
	at org.testng.TestRunner.run(TestRunner.java:617)
	at org.testng.SuiteRunner.runTest(SuiteRunner.java:334)
	at org.testng.SuiteRunner.access$000(SuiteRunner.java:37)
	at org.testng.SuiteRunner$SuiteWorker.run(SuiteRunner.java:368)
	at org.testng.internal.thread.ThreadUtil$2.call(ThreadUtil.java:64)
	at java.util.concurrent.FutureTask.run(FutureTask.java:262)
	at java.util.concurrent.ThreadPoolExecutor.runWorker(ThreadPoolExecutor.java:1145)
	at java.util.concurrent.ThreadPoolExecutor$Worker.run(ThreadPoolExecutor.java:615)
	at java.lang.Thread.run(Thread.java:745)
]]>
            </full-stacktrace>
          </exception> <!-- java.lang.NullPointerException -->
          <reporter-output>
          </reporter-output>
        </test-method> <!-- testCreateComment -->
        <test-method status="FAIL" signature="testUpdateComment()[pri:0, instance:teammates.test.cases.logic.CommentsLogicTest@16891f0]" name="testUpdateComment" duration-ms="16" started-at="2014-09-03T12:10:20Z" finished-at="2014-09-03T12:10:20Z">
          <exception class="java.lang.NullPointerException">
            <full-stacktrace>
              <![CDATA[java.lang.NullPointerException
	at teammates.common.datatransfer.CommentAttributes.removeIrrelevantVisibilityOptions(CommentAttributes.java:227)
	at teammates.common.datatransfer.CommentAttributes.sanitizeForSaving(CommentAttributes.java:198)
	at teammates.storage.api.CommentsDb.updateComment(CommentsDb.java:244)
	at teammates.logic.core.CommentsLogic.updateComment(CommentsLogic.java:113)
	at teammates.test.cases.logic.CommentsLogicTest.testUpdateComment(CommentsLogicTest.java:368)
	at sun.reflect.NativeMethodAccessorImpl.invoke0(Native Method)
	at sun.reflect.NativeMethodAccessorImpl.invoke(NativeMethodAccessorImpl.java:57)
	at sun.reflect.DelegatingMethodAccessorImpl.invoke(DelegatingMethodAccessorImpl.java:43)
	at java.lang.reflect.Method.invoke(Method.java:606)
	at org.testng.internal.MethodInvocationHelper.invokeMethod(MethodInvocationHelper.java:84)
	at org.testng.internal.Invoker.invokeMethod(Invoker.java:714)
	at org.testng.internal.Invoker.invokeTestMethod(Invoker.java:901)
	at org.testng.internal.Invoker.invokeTestMethods(Invoker.java:1231)
	at org.testng.internal.TestMethodWorker.invokeTestMethods(TestMethodWorker.java:127)
	at org.testng.internal.TestMethodWorker.run(TestMethodWorker.java:111)
	at org.testng.TestRunner.privateRun(TestRunner.java:767)
	at org.testng.TestRunner.run(TestRunner.java:617)
	at org.testng.SuiteRunner.runTest(SuiteRunner.java:334)
	at org.testng.SuiteRunner.access$000(SuiteRunner.java:37)
	at org.testng.SuiteRunner$SuiteWorker.run(SuiteRunner.java:368)
	at org.testng.internal.thread.ThreadUtil$2.call(ThreadUtil.java:64)
	at java.util.concurrent.FutureTask.run(FutureTask.java:262)
	at java.util.concurrent.ThreadPoolExecutor.runWorker(ThreadPoolExecutor.java:1145)
	at java.util.concurrent.ThreadPoolExecutor$Worker.run(ThreadPoolExecutor.java:615)
	at java.lang.Thread.run(Thread.java:745)
]]>
            </full-stacktrace>
          </exception> <!-- java.lang.NullPointerException -->
          <reporter-output>
          </reporter-output>
        </test-method> <!-- testUpdateComment -->
      </class> <!-- teammates.test.cases.logic.CommentsLogicTest -->
      <class name="teammates.test.cases.common.CommentAttributesTest">
        <test-method status="FAIL" signature="testSanitize()[pri:0, instance:teammates.test.cases.common.CommentAttributesTest@4534b2]" name="testSanitize" duration-ms="0" started-at="2014-09-03T12:10:18Z" finished-at="2014-09-03T12:10:18Z">
          <exception class="java.lang.NullPointerException">
            <full-stacktrace>
              <![CDATA[java.lang.NullPointerException
	at teammates.common.datatransfer.CommentAttributes.removeIrrelevantVisibilityOptions(CommentAttributes.java:227)
	at teammates.common.datatransfer.CommentAttributes.sanitizeForSaving(CommentAttributes.java:198)
	at teammates.test.cases.common.CommentAttributesTest.testSanitize(CommentAttributesTest.java:127)
	at sun.reflect.NativeMethodAccessorImpl.invoke0(Native Method)
	at sun.reflect.NativeMethodAccessorImpl.invoke(NativeMethodAccessorImpl.java:57)
	at sun.reflect.DelegatingMethodAccessorImpl.invoke(DelegatingMethodAccessorImpl.java:43)
	at java.lang.reflect.Method.invoke(Method.java:606)
	at org.testng.internal.MethodInvocationHelper.invokeMethod(MethodInvocationHelper.java:84)
	at org.testng.internal.Invoker.invokeMethod(Invoker.java:714)
	at org.testng.internal.Invoker.invokeTestMethod(Invoker.java:901)
	at org.testng.internal.Invoker.invokeTestMethods(Invoker.java:1231)
	at org.testng.internal.TestMethodWorker.invokeTestMethods(TestMethodWorker.java:127)
	at org.testng.internal.TestMethodWorker.run(TestMethodWorker.java:111)
	at org.testng.TestRunner.privateRun(TestRunner.java:767)
	at org.testng.TestRunner.run(TestRunner.java:617)
	at org.testng.SuiteRunner.runTest(SuiteRunner.java:334)
	at org.testng.SuiteRunner.access$000(SuiteRunner.java:37)
	at org.testng.SuiteRunner$SuiteWorker.run(SuiteRunner.java:368)
	at org.testng.internal.thread.ThreadUtil$2.call(ThreadUtil.java:64)
	at java.util.concurrent.FutureTask.run(FutureTask.java:262)
	at java.util.concurrent.ThreadPoolExecutor.runWorker(ThreadPoolExecutor.java:1145)
	at java.util.concurrent.ThreadPoolExecutor$Worker.run(ThreadPoolExecutor.java:615)
	at java.lang.Thread.run(Thread.java:745)
]]>
            </full-stacktrace>
          </exception> <!-- java.lang.NullPointerException -->
          <reporter-output>
          </reporter-output>
        </test-method> <!-- testSanitize -->
        <test-method status="PASS" signature="classSetUp()[pri:0, instance:teammates.test.cases.common.CommentAttributesTest@4534b2]" name="classSetUp" is-config="true" duration-ms="0" started-at="2014-09-03T12:10:18Z" finished-at="2014-09-03T12:10:18Z">
          <reporter-output>
          </reporter-output>
        </test-method> <!-- classSetUp -->
        <test-method status="PASS" signature="classTearDown()[pri:0, instance:teammates.test.cases.common.CommentAttributesTest@4534b2]" name="classTearDown" is-config="true" duration-ms="0" started-at="2014-09-03T12:10:18Z" finished-at="2014-09-03T12:10:18Z">
          <reporter-output>
          </reporter-output>
        </test-method> <!-- classTearDown -->
      </class> <!-- teammates.test.cases.common.CommentAttributesTest -->
      <class name="teammates.test.cases.storage.CommentsDbTest">
        <test-method status="PASS" signature="testSetUp()[pri:0, instance:teammates.test.cases.storage.CommentsDbTest@12130d1]" name="testSetUp" is-config="true" duration-ms="546" started-at="2014-09-03T12:10:17Z" finished-at="2014-09-03T12:10:18Z">
          <reporter-output>
          </reporter-output>
        </test-method> <!-- testSetUp -->
        <test-method status="PASS" signature="testSetUp()[pri:0, instance:teammates.test.cases.logic.FeedbackSessionsLogicTest@186bf64]" name="testSetUp" is-config="true" duration-ms="0" started-at="2014-09-03T12:10:18Z" finished-at="2014-09-03T12:10:18Z">
          <reporter-output>
          </reporter-output>
        </test-method> <!-- testSetUp -->
        <test-method status="FAIL" signature="testGetComment()[pri:0, instance:teammates.test.cases.storage.CommentsDbTest@12130d1]" name="testGetComment" duration-ms="0" started-at="2014-09-03T12:10:18Z" finished-at="2014-09-03T12:10:18Z">
          <exception class="java.lang.NullPointerException">
            <full-stacktrace>
              <![CDATA[java.lang.NullPointerException
	at teammates.common.datatransfer.CommentAttributes.removeIrrelevantVisibilityOptions(CommentAttributes.java:227)
	at teammates.common.datatransfer.CommentAttributes.sanitizeForSaving(CommentAttributes.java:198)
	at teammates.storage.api.EntitiesDb.createEntity(EntitiesDb.java:55)
	at teammates.storage.api.CommentsDb.createEntity(CommentsDb.java:67)
	at teammates.test.cases.storage.CommentsDbTest.testGetComment(CommentsDbTest.java:91)
	at sun.reflect.NativeMethodAccessorImpl.invoke0(Native Method)
	at sun.reflect.NativeMethodAccessorImpl.invoke(NativeMethodAccessorImpl.java:57)
	at sun.reflect.DelegatingMethodAccessorImpl.invoke(DelegatingMethodAccessorImpl.java:43)
	at java.lang.reflect.Method.invoke(Method.java:606)
	at org.testng.internal.MethodInvocationHelper.invokeMethod(MethodInvocationHelper.java:84)
	at org.testng.internal.Invoker.invokeMethod(Invoker.java:714)
	at org.testng.internal.Invoker.invokeTestMethod(Invoker.java:901)
	at org.testng.internal.Invoker.invokeTestMethods(Invoker.java:1231)
	at org.testng.internal.TestMethodWorker.invokeTestMethods(TestMethodWorker.java:127)
	at org.testng.internal.TestMethodWorker.run(TestMethodWorker.java:111)
	at org.testng.TestRunner.privateRun(TestRunner.java:767)
	at org.testng.TestRunner.run(TestRunner.java:617)
	at org.testng.SuiteRunner.runTest(SuiteRunner.java:334)
	at org.testng.SuiteRunner.access$000(SuiteRunner.java:37)
	at org.testng.SuiteRunner$SuiteWorker.run(SuiteRunner.java:368)
	at org.testng.internal.thread.ThreadUtil$2.call(ThreadUtil.java:64)
	at java.util.concurrent.FutureTask.run(FutureTask.java:262)
	at java.util.concurrent.ThreadPoolExecutor.runWorker(ThreadPoolExecutor.java:1145)
	at java.util.concurrent.ThreadPoolExecutor$Worker.run(ThreadPoolExecutor.java:615)
	at java.lang.Thread.run(Thread.java:745)
]]>
            </full-stacktrace>
          </exception> <!-- java.lang.NullPointerException -->
          <reporter-output>
          </reporter-output>
        </test-method> <!-- testGetComment -->
        <test-method status="FAIL" signature="testCreateComment()[pri:0, instance:teammates.test.cases.storage.CommentsDbTest@12130d1]" name="testCreateComment" duration-ms="0" started-at="2014-09-03T12:10:18Z" finished-at="2014-09-03T12:10:18Z">
          <exception class="java.lang.NullPointerException">
            <full-stacktrace>
              <![CDATA[java.lang.NullPointerException
	at teammates.common.datatransfer.CommentAttributes.removeIrrelevantVisibilityOptions(CommentAttributes.java:227)
	at teammates.common.datatransfer.CommentAttributes.sanitizeForSaving(CommentAttributes.java:198)
	at teammates.storage.api.EntitiesDb.createEntity(EntitiesDb.java:55)
	at teammates.storage.api.CommentsDb.createEntity(CommentsDb.java:67)
	at teammates.test.cases.storage.CommentsDbTest.testCreateComment(CommentsDbTest.java:60)
	at sun.reflect.NativeMethodAccessorImpl.invoke0(Native Method)
	at sun.reflect.NativeMethodAccessorImpl.invoke(NativeMethodAccessorImpl.java:57)
	at sun.reflect.DelegatingMethodAccessorImpl.invoke(DelegatingMethodAccessorImpl.java:43)
	at java.lang.reflect.Method.invoke(Method.java:606)
	at org.testng.internal.MethodInvocationHelper.invokeMethod(MethodInvocationHelper.java:84)
	at org.testng.internal.Invoker.invokeMethod(Invoker.java:714)
	at org.testng.internal.Invoker.invokeTestMethod(Invoker.java:901)
	at org.testng.internal.Invoker.invokeTestMethods(Invoker.java:1231)
	at org.testng.internal.TestMethodWorker.invokeTestMethods(TestMethodWorker.java:127)
	at org.testng.internal.TestMethodWorker.run(TestMethodWorker.java:111)
	at org.testng.TestRunner.privateRun(TestRunner.java:767)
	at org.testng.TestRunner.run(TestRunner.java:617)
	at org.testng.SuiteRunner.runTest(SuiteRunner.java:334)
	at org.testng.SuiteRunner.access$000(SuiteRunner.java:37)
	at org.testng.SuiteRunner$SuiteWorker.run(SuiteRunner.java:368)
	at org.testng.internal.thread.ThreadUtil$2.call(ThreadUtil.java:64)
	at java.util.concurrent.FutureTask.run(FutureTask.java:262)
	at java.util.concurrent.ThreadPoolExecutor.runWorker(ThreadPoolExecutor.java:1145)
	at java.util.concurrent.ThreadPoolExecutor$Worker.run(ThreadPoolExecutor.java:615)
	at java.lang.Thread.run(Thread.java:745)
]]>
            </full-stacktrace>
          </exception> <!-- java.lang.NullPointerException -->
          <reporter-output>
          </reporter-output>
        </test-method> <!-- testCreateComment -->
        <test-method status="FAIL" signature="testDeleteComment()[pri:0, instance:teammates.test.cases.storage.CommentsDbTest@12130d1]" name="testDeleteComment" duration-ms="0" started-at="2014-09-03T12:10:18Z" finished-at="2014-09-03T12:10:18Z">
          <exception class="java.lang.NullPointerException">
            <full-stacktrace>
              <![CDATA[java.lang.NullPointerException
	at teammates.common.datatransfer.CommentAttributes.removeIrrelevantVisibilityOptions(CommentAttributes.java:227)
	at teammates.common.datatransfer.CommentAttributes.sanitizeForSaving(CommentAttributes.java:198)
	at teammates.storage.api.EntitiesDb.createEntity(EntitiesDb.java:55)
	at teammates.storage.api.CommentsDb.createEntity(CommentsDb.java:67)
	at teammates.test.cases.storage.CommentsDbTest.testDeleteComment(CommentsDbTest.java:323)
	at sun.reflect.NativeMethodAccessorImpl.invoke0(Native Method)
	at sun.reflect.NativeMethodAccessorImpl.invoke(NativeMethodAccessorImpl.java:57)
	at sun.reflect.DelegatingMethodAccessorImpl.invoke(DelegatingMethodAccessorImpl.java:43)
	at java.lang.reflect.Method.invoke(Method.java:606)
	at org.testng.internal.MethodInvocationHelper.invokeMethod(MethodInvocationHelper.java:84)
	at org.testng.internal.Invoker.invokeMethod(Invoker.java:714)
	at org.testng.internal.Invoker.invokeTestMethod(Invoker.java:901)
	at org.testng.internal.Invoker.invokeTestMethods(Invoker.java:1231)
	at org.testng.internal.TestMethodWorker.invokeTestMethods(TestMethodWorker.java:127)
	at org.testng.internal.TestMethodWorker.run(TestMethodWorker.java:111)
	at org.testng.TestRunner.privateRun(TestRunner.java:767)
	at org.testng.TestRunner.run(TestRunner.java:617)
	at org.testng.SuiteRunner.runTest(SuiteRunner.java:334)
	at org.testng.SuiteRunner.access$000(SuiteRunner.java:37)
	at org.testng.SuiteRunner$SuiteWorker.run(SuiteRunner.java:368)
	at org.testng.internal.thread.ThreadUtil$2.call(ThreadUtil.java:64)
	at java.util.concurrent.FutureTask.run(FutureTask.java:262)
	at java.util.concurrent.ThreadPoolExecutor.runWorker(ThreadPoolExecutor.java:1145)
	at java.util.concurrent.ThreadPoolExecutor$Worker.run(ThreadPoolExecutor.java:615)
	at java.lang.Thread.run(Thread.java:745)
]]>
            </full-stacktrace>
          </exception> <!-- java.lang.NullPointerException -->
          <reporter-output>
          </reporter-output>
        </test-method> <!-- testDeleteComment -->
        <test-method status="PASS" signature="setupClass()[pri:0, instance:teammates.test.cases.storage.CommentsDbTest@12130d1]" name="setupClass" is-config="true" duration-ms="0" started-at="2014-09-03T12:10:18Z" finished-at="2014-09-03T12:10:18Z">
          <reporter-output>
          </reporter-output>
        </test-method> <!-- setupClass -->
        <test-method status="PASS" signature="caseTearDown()[pri:0, instance:teammates.test.cases.storage.CommentsDbTest@12130d1]" name="caseTearDown" is-config="true" duration-ms="0" started-at="2014-09-03T12:10:18Z" finished-at="2014-09-03T12:10:18Z">
          <reporter-output>
          </reporter-output>
        </test-method> <!-- caseTearDown -->
        <test-method status="PASS" signature="caseTearDown()[pri:0, instance:teammates.test.cases.storage.CommentsDbTest@12130d1]" name="caseTearDown" is-config="true" duration-ms="0" started-at="2014-09-03T12:10:18Z" finished-at="2014-09-03T12:10:18Z">
          <reporter-output>
          </reporter-output>
        </test-method> <!-- caseTearDown -->
        <test-method status="PASS" signature="tearDownClass()[pri:0, instance:teammates.test.cases.storage.CommentsDbTest@12130d1]" name="tearDownClass" is-config="true" duration-ms="0" started-at="2014-09-03T12:10:18Z" finished-at="2014-09-03T12:10:18Z">
          <reporter-output>
          </reporter-output>
        </test-method> <!-- tearDownClass -->
        <test-method status="PASS" signature="caseTearDown()[pri:0, instance:teammates.test.cases.storage.CommentsDbTest@12130d1]" name="caseTearDown" is-config="true" duration-ms="0" started-at="2014-09-03T12:10:18Z" finished-at="2014-09-03T12:10:18Z">
          <reporter-output>
          </reporter-output>
        </test-method> <!-- caseTearDown -->
        <test-method status="PASS" signature="caseTearDown()[pri:0, instance:teammates.test.cases.storage.CommentsDbTest@12130d1]" name="caseTearDown" is-config="true" duration-ms="0" started-at="2014-09-03T12:10:18Z" finished-at="2014-09-03T12:10:18Z">
          <reporter-output>
          </reporter-output>
        </test-method> <!-- caseTearDown -->
        <test-method status="PASS" signature="caseTearDown()[pri:0, instance:teammates.test.cases.storage.CommentsDbTest@12130d1]" name="caseTearDown" is-config="true" duration-ms="0" started-at="2014-09-03T12:10:18Z" finished-at="2014-09-03T12:10:18Z">
          <reporter-output>
          </reporter-output>
        </test-method> <!-- caseTearDown -->
        <test-method status="PASS" signature="caseTearDown()[pri:0, instance:teammates.test.cases.storage.CommentsDbTest@12130d1]" name="caseTearDown" is-config="true" duration-ms="0" started-at="2014-09-03T12:10:18Z" finished-at="2014-09-03T12:10:18Z">
          <reporter-output>
          </reporter-output>
        </test-method> <!-- caseTearDown -->
        <test-method status="FAIL" signature="testDeleteComments()[pri:0, instance:teammates.test.cases.storage.CommentsDbTest@12130d1]" name="testDeleteComments" duration-ms="0" started-at="2014-09-03T12:10:18Z" finished-at="2014-09-03T12:10:18Z">
          <exception class="java.lang.NullPointerException">
            <full-stacktrace>
              <![CDATA[java.lang.NullPointerException
	at teammates.common.datatransfer.CommentAttributes.removeIrrelevantVisibilityOptions(CommentAttributes.java:227)
	at teammates.common.datatransfer.CommentAttributes.sanitizeForSaving(CommentAttributes.java:198)
	at teammates.storage.api.EntitiesDb.createEntity(EntitiesDb.java:55)
	at teammates.storage.api.CommentsDb.createEntity(CommentsDb.java:67)
	at teammates.test.cases.storage.CommentsDbTest.testDeleteComments(CommentsDbTest.java:357)
	at sun.reflect.NativeMethodAccessorImpl.invoke0(Native Method)
	at sun.reflect.NativeMethodAccessorImpl.invoke(NativeMethodAccessorImpl.java:57)
	at sun.reflect.DelegatingMethodAccessorImpl.invoke(DelegatingMethodAccessorImpl.java:43)
	at java.lang.reflect.Method.invoke(Method.java:606)
	at org.testng.internal.MethodInvocationHelper.invokeMethod(MethodInvocationHelper.java:84)
	at org.testng.internal.Invoker.invokeMethod(Invoker.java:714)
	at org.testng.internal.Invoker.invokeTestMethod(Invoker.java:901)
	at org.testng.internal.Invoker.invokeTestMethods(Invoker.java:1231)
	at org.testng.internal.TestMethodWorker.invokeTestMethods(TestMethodWorker.java:127)
	at org.testng.internal.TestMethodWorker.run(TestMethodWorker.java:111)
	at org.testng.TestRunner.privateRun(TestRunner.java:767)
	at org.testng.TestRunner.run(TestRunner.java:617)
	at org.testng.SuiteRunner.runTest(SuiteRunner.java:334)
	at org.testng.SuiteRunner.access$000(SuiteRunner.java:37)
	at org.testng.SuiteRunner$SuiteWorker.run(SuiteRunner.java:368)
	at org.testng.internal.thread.ThreadUtil$2.call(ThreadUtil.java:64)
	at java.util.concurrent.FutureTask.run(FutureTask.java:262)
	at java.util.concurrent.ThreadPoolExecutor.runWorker(ThreadPoolExecutor.java:1145)
	at java.util.concurrent.ThreadPoolExecutor$Worker.run(ThreadPoolExecutor.java:615)
	at java.lang.Thread.run(Thread.java:745)
]]>
            </full-stacktrace>
          </exception> <!-- java.lang.NullPointerException -->
          <reporter-output>
          </reporter-output>
        </test-method> <!-- testDeleteComments -->
        <test-method status="FAIL" signature="testUpdateInstructorEmailAndStudentEmail()[pri:0, instance:teammates.test.cases.storage.CommentsDbTest@12130d1]" name="testUpdateInstructorEmailAndStudentEmail" duration-ms="0" started-at="2014-09-03T12:10:18Z" finished-at="2014-09-03T12:10:18Z">
          <exception class="java.lang.NullPointerException">
            <full-stacktrace>
              <![CDATA[java.lang.NullPointerException
	at teammates.common.datatransfer.CommentAttributes.removeIrrelevantVisibilityOptions(CommentAttributes.java:227)
	at teammates.common.datatransfer.CommentAttributes.sanitizeForSaving(CommentAttributes.java:198)
	at teammates.storage.api.EntitiesDb.createEntity(EntitiesDb.java:55)
	at teammates.storage.api.CommentsDb.createEntity(CommentsDb.java:67)
	at teammates.test.cases.storage.CommentsDbTest.testUpdateInstructorEmailAndStudentEmail(CommentsDbTest.java:229)
	at sun.reflect.NativeMethodAccessorImpl.invoke0(Native Method)
	at sun.reflect.NativeMethodAccessorImpl.invoke(NativeMethodAccessorImpl.java:57)
	at sun.reflect.DelegatingMethodAccessorImpl.invoke(DelegatingMethodAccessorImpl.java:43)
	at java.lang.reflect.Method.invoke(Method.java:606)
	at org.testng.internal.MethodInvocationHelper.invokeMethod(MethodInvocationHelper.java:84)
	at org.testng.internal.Invoker.invokeMethod(Invoker.java:714)
	at org.testng.internal.Invoker.invokeTestMethod(Invoker.java:901)
	at org.testng.internal.Invoker.invokeTestMethods(Invoker.java:1231)
	at org.testng.internal.TestMethodWorker.invokeTestMethods(TestMethodWorker.java:127)
	at org.testng.internal.TestMethodWorker.run(TestMethodWorker.java:111)
	at org.testng.TestRunner.privateRun(TestRunner.java:767)
	at org.testng.TestRunner.run(TestRunner.java:617)
	at org.testng.SuiteRunner.runTest(SuiteRunner.java:334)
	at org.testng.SuiteRunner.access$000(SuiteRunner.java:37)
	at org.testng.SuiteRunner$SuiteWorker.run(SuiteRunner.java:368)
	at org.testng.internal.thread.ThreadUtil$2.call(ThreadUtil.java:64)
	at java.util.concurrent.FutureTask.run(FutureTask.java:262)
	at java.util.concurrent.ThreadPoolExecutor.runWorker(ThreadPoolExecutor.java:1145)
	at java.util.concurrent.ThreadPoolExecutor$Worker.run(ThreadPoolExecutor.java:615)
	at java.lang.Thread.run(Thread.java:745)
]]>
            </full-stacktrace>
          </exception> <!-- java.lang.NullPointerException -->
          <reporter-output>
          </reporter-output>
        </test-method> <!-- testUpdateInstructorEmailAndStudentEmail -->
        <test-method status="FAIL" signature="testUpdateComment()[pri:0, instance:teammates.test.cases.storage.CommentsDbTest@12130d1]" name="testUpdateComment" duration-ms="0" started-at="2014-09-03T12:10:18Z" finished-at="2014-09-03T12:10:18Z">
          <exception class="java.lang.NullPointerException">
            <full-stacktrace>
              <![CDATA[java.lang.NullPointerException
	at teammates.common.datatransfer.CommentAttributes.removeIrrelevantVisibilityOptions(CommentAttributes.java:227)
	at teammates.common.datatransfer.CommentAttributes.sanitizeForSaving(CommentAttributes.java:198)
	at teammates.storage.api.EntitiesDb.createEntity(EntitiesDb.java:55)
	at teammates.storage.api.CommentsDb.createEntity(CommentsDb.java:67)
	at teammates.test.cases.storage.CommentsDbTest.testUpdateComment(CommentsDbTest.java:175)
	at sun.reflect.NativeMethodAccessorImpl.invoke0(Native Method)
	at sun.reflect.NativeMethodAccessorImpl.invoke(NativeMethodAccessorImpl.java:57)
	at sun.reflect.DelegatingMethodAccessorImpl.invoke(DelegatingMethodAccessorImpl.java:43)
	at java.lang.reflect.Method.invoke(Method.java:606)
	at org.testng.internal.MethodInvocationHelper.invokeMethod(MethodInvocationHelper.java:84)
	at org.testng.internal.Invoker.invokeMethod(Invoker.java:714)
	at org.testng.internal.Invoker.invokeTestMethod(Invoker.java:901)
	at org.testng.internal.Invoker.invokeTestMethods(Invoker.java:1231)
	at org.testng.internal.TestMethodWorker.invokeTestMethods(TestMethodWorker.java:127)
	at org.testng.internal.TestMethodWorker.run(TestMethodWorker.java:111)
	at org.testng.TestRunner.privateRun(TestRunner.java:767)
	at org.testng.TestRunner.run(TestRunner.java:617)
	at org.testng.SuiteRunner.runTest(SuiteRunner.java:334)
	at org.testng.SuiteRunner.access$000(SuiteRunner.java:37)
	at org.testng.SuiteRunner$SuiteWorker.run(SuiteRunner.java:368)
	at org.testng.internal.thread.ThreadUtil$2.call(ThreadUtil.java:64)
	at java.util.concurrent.FutureTask.run(FutureTask.java:262)
	at java.util.concurrent.ThreadPoolExecutor.runWorker(ThreadPoolExecutor.java:1145)
	at java.util.concurrent.ThreadPoolExecutor$Worker.run(ThreadPoolExecutor.java:615)
	at java.lang.Thread.run(Thread.java:745)
]]>
            </full-stacktrace>
          </exception> <!-- java.lang.NullPointerException -->
          <reporter-output>
          </reporter-output>
        </test-method> <!-- testUpdateComment -->
        <test-method status="PASS" signature="testTearDown()[pri:0, instance:teammates.test.cases.storage.CommentsDbTest@12130d1]" name="testTearDown" is-config="true" duration-ms="0" started-at="2014-09-03T12:10:21Z" finished-at="2014-09-03T12:10:21Z">
          <reporter-output>
          </reporter-output>
        </test-method> <!-- testTearDown -->
        <test-method status="PASS" signature="testTearDown()[pri:0, instance:teammates.test.cases.logic.FeedbackSessionsLogicTest@186bf64]" name="testTearDown" is-config="true" duration-ms="0" started-at="2014-09-03T12:10:21Z" finished-at="2014-09-03T12:10:21Z">
          <reporter-output>
          </reporter-output>
        </test-method> <!-- testTearDown -->
      </class> <!-- teammates.test.cases.storage.CommentsDbTest -->
      <class name="teammates.test.cases.logic.EvaluationsLogicTest">
        <test-method status="PASS" signature="classSetUp()[pri:0, instance:teammates.test.cases.logic.EvaluationsLogicTest@1dc22ad]" name="classSetUp" is-config="true" duration-ms="546" started-at="2014-09-03T12:10:20Z" finished-at="2014-09-03T12:10:21Z">
          <reporter-output>
          </reporter-output>
        </test-method> <!-- classSetUp -->
        <test-method status="FAIL" signature="testAll()[pri:0, instance:teammates.test.cases.logic.EvaluationsLogicTest@1dc22ad]" name="testAll" duration-ms="203" started-at="2014-09-03T12:10:21Z" finished-at="2014-09-03T12:10:21Z">
          <exception class="java.lang.AssertionError">
            <message>
              <![CDATA[expected:<1> but was:<0>]]>
            </message>
            <full-stacktrace>
              <![CDATA[java.lang.AssertionError: expected:<1> but was:<0>
	at org.testng.AssertJUnit.fail(AssertJUnit.java:59)
	at org.testng.AssertJUnit.failNotEquals(AssertJUnit.java:364)
	at org.testng.AssertJUnit.assertEquals(AssertJUnit.java:80)
	at org.testng.AssertJUnit.assertEquals(AssertJUnit.java:245)
	at org.testng.AssertJUnit.assertEquals(AssertJUnit.java:252)
	at teammates.test.cases.logic.EvaluationsLogicTest.testGetEvaluationsClosingWithinTimeLimit(EvaluationsLogicTest.java:273)
	at teammates.test.cases.logic.EvaluationsLogicTest.testAll(EvaluationsLogicTest.java:82)
	at sun.reflect.NativeMethodAccessorImpl.invoke0(Native Method)
	at sun.reflect.NativeMethodAccessorImpl.invoke(NativeMethodAccessorImpl.java:57)
	at sun.reflect.DelegatingMethodAccessorImpl.invoke(DelegatingMethodAccessorImpl.java:43)
	at java.lang.reflect.Method.invoke(Method.java:606)
	at org.testng.internal.MethodInvocationHelper.invokeMethod(MethodInvocationHelper.java:84)
	at org.testng.internal.Invoker.invokeMethod(Invoker.java:714)
	at org.testng.internal.Invoker.invokeTestMethod(Invoker.java:901)
	at org.testng.internal.Invoker.invokeTestMethods(Invoker.java:1231)
	at org.testng.internal.TestMethodWorker.invokeTestMethods(TestMethodWorker.java:127)
	at org.testng.internal.TestMethodWorker.run(TestMethodWorker.java:111)
	at org.testng.TestRunner.privateRun(TestRunner.java:767)
	at org.testng.TestRunner.run(TestRunner.java:617)
	at org.testng.SuiteRunner.runTest(SuiteRunner.java:334)
	at org.testng.SuiteRunner.access$000(SuiteRunner.java:37)
	at org.testng.SuiteRunner$SuiteWorker.run(SuiteRunner.java:368)
	at org.testng.internal.thread.ThreadUtil$2.call(ThreadUtil.java:64)
	at java.util.concurrent.FutureTask.run(FutureTask.java:262)
	at java.util.concurrent.ThreadPoolExecutor.runWorker(ThreadPoolExecutor.java:1145)
	at java.util.concurrent.ThreadPoolExecutor$Worker.run(ThreadPoolExecutor.java:615)
	at java.lang.Thread.run(Thread.java:745)
]]>
            </full-stacktrace>
          </exception> <!-- java.lang.AssertionError -->
          <reporter-output>
          </reporter-output>
        </test-method> <!-- testAll -->
        <test-method status="PASS" signature="classTearDown()[pri:0, instance:teammates.test.cases.logic.EvaluationsLogicTest@1dc22ad]" name="classTearDown" is-config="true" duration-ms="0" started-at="2014-09-03T12:10:21Z" finished-at="2014-09-03T12:10:21Z">
          <reporter-output>
          </reporter-output>
        </test-method> <!-- classTearDown -->
      </class> <!-- teammates.test.cases.logic.EvaluationsLogicTest -->
    </test> <!-- component-tests(failed)(failed)(failed)(failed)(failed) -->
    <test name="rare-tests(failed)(failed)(failed)(failed)(failed)" duration-ms="8488" started-at="2014-09-03T12:10:17Z" finished-at="2014-09-03T12:10:26Z">
      <class name="teammates.test.cases.storage.CommentsDbTest">
        <test-method status="PASS" signature="testSetUp()[pri:0, instance:teammates.test.cases.storage.CommentsDbTest@47fdc3]" name="testSetUp" is-config="true" duration-ms="546" started-at="2014-09-03T12:10:17Z" finished-at="2014-09-03T12:10:18Z">
          <reporter-output>
          </reporter-output>
        </test-method> <!-- testSetUp -->
        <test-method status="PASS" signature="testSetUp()[pri:0, instance:teammates.test.cases.logic.FeedbackSessionsLogicTest@1059a9a]" name="testSetUp" is-config="true" duration-ms="0" started-at="2014-09-03T12:10:18Z" finished-at="2014-09-03T12:10:18Z">
          <reporter-output>
          </reporter-output>
        </test-method> <!-- testSetUp -->
        <test-method status="PASS" signature="testTearDown()[pri:0, instance:teammates.test.cases.logic.FeedbackSessionsLogicTest@1059a9a]" name="testTearDown" is-config="true" duration-ms="0" started-at="2014-09-03T12:10:26Z" finished-at="2014-09-03T12:10:26Z">
          <reporter-output>
          </reporter-output>
        </test-method> <!-- testTearDown -->
        <test-method status="PASS" signature="testTearDown()[pri:0, instance:teammates.test.cases.storage.CommentsDbTest@47fdc3]" name="testTearDown" is-config="true" duration-ms="0" started-at="2014-09-03T12:10:26Z" finished-at="2014-09-03T12:10:26Z">
          <reporter-output>
          </reporter-output>
        </test-method> <!-- testTearDown -->
      </class> <!-- teammates.test.cases.storage.CommentsDbTest -->
      <class name="teammates.test.cases.ui.browsertests.GodModeTest">
        <test-method status="PASS" signature="classSetUp()[pri:0, instance:teammates.test.cases.ui.browsertests.GodModeTest@51e300]" name="classSetUp" is-config="true" duration-ms="7802" started-at="2014-09-03T12:10:18Z" finished-at="2014-09-03T12:10:26Z">
          <reporter-output>
          </reporter-output>
        </test-method> <!-- classSetUp -->
        <test-method status="FAIL" signature="testGodMode()[pri:0, instance:teammates.test.cases.ui.browsertests.GodModeTest@51e300]" name="testGodMode" duration-ms="125" started-at="2014-09-03T12:10:26Z" finished-at="2014-09-03T12:10:26Z">
          <exception class="java.lang.AssertionError">
            <message>
              <![CDATA[expected:<   <title>
   </title>
   <div id="frameBodyWrapper">
      <input type="text" value=""/>
            <a class="student-profile-pic-view-link btn-link" data-link="/page/studentProfilePic?studentemail={*}&courseid={*}">
         View Photo
      </a>
      <a class="navLinks" data-unreg="true" href="/page/studentCourseJoinAuthentication?key={*}&">
         Home
      </a>
      <input class="form-control" id="start" name="start" type="text" value="{*}"/>
            <p class="form-control-static">
         {*}
      </p>
      <input name="commentid" type="hidden" value="{*}"/>
            <input name="questionid" type="hidden" value="{*}"/>
            <a class="btn btn-default btn-xs t_course_archive0" data-placement="top" data-toggle="tooltip" href="/page/instructorCourseArchive?courseid=testuserm.gma-demo&archive=true&next=%2Fpage%2FinstructorCoursesPage&user=testuser.instructor" title="Archive the course so that it will not be shown in the home page any more (you can still access it from the 'Courses' tab)">
      </a>
      <input name="end" value="21/05/2001"/>
            <div>
         yourGoogleId_123teammates.coord_123alice.tmms_123charlie.tmms_123teammates.unreg_123app_admin@gmail.com
      </div>
   </div>

> but was:<   <title>
   </title>
   <div id="frameBodyWrapper">
      <input type="text" value=""/>
            <a class="student-profile-pic-view-link btn-link" data-link="/page/studentProfilePic?studentemail={*}&courseid={*}">
         View Photo
      </a>
      <a class="navLinks" data-unreg="true" href="/page/studentCourseJoinAuthentication?key={*}&">
         Home
      </a>
      <input class="form-control" id="start" name="start" type="text" value="07/08/2014"/>
            <p class="form-control-static">
         07 Aug 2014, 05:35
      </p>
      <input name="commentid" type="hidden" value="{*}"/>
            <input name="questionid" type="hidden" value="{*}"/>
            <a class="btn btn-default btn-xs t_course_archive0" data-placement="top" data-toggle="tooltip" href="/page/instructorCourseArchive?courseid=testuserm.gma-demo&archive=true&next=%2Fpage%2FinstructorCoursesPage&user=testuser.instructor" title="Archive the course so that it will not be shown in the home page any more (you can still access it from the 'Courses' tab)">
      </a>
      <input name="end" value="21/05/2001"/>
            <div>
         yourGoogleId_123teammates.coord_123alice.tmms_123charlie.tmms_123teammates.unreg_123app_admin@gmail.com
      </div>
   </div>

>]]>
            </message>
            <full-stacktrace>
              <![CDATA[java.lang.AssertionError: expected:<   <title>
   </title>
   <div id="frameBodyWrapper">
      <input type="text" value=""/>
            <a class="student-profile-pic-view-link btn-link" data-link="/page/studentProfilePic?studentemail={*}&courseid={*}">
         View Photo
      </a>
      <a class="navLinks" data-unreg="true" href="/page/studentCourseJoinAuthentication?key={*}&">
         Home
      </a>
      <input class="form-control" id="start" name="start" type="text" value="{*}"/>
            <p class="form-control-static">
         {*}
      </p>
      <input name="commentid" type="hidden" value="{*}"/>
            <input name="questionid" type="hidden" value="{*}"/>
            <a class="btn btn-default btn-xs t_course_archive0" data-placement="top" data-toggle="tooltip" href="/page/instructorCourseArchive?courseid=testuserm.gma-demo&archive=true&next=%2Fpage%2FinstructorCoursesPage&user=testuser.instructor" title="Archive the course so that it will not be shown in the home page any more (you can still access it from the 'Courses' tab)">
      </a>
      <input name="end" value="21/05/2001"/>
            <div>
         yourGoogleId_123teammates.coord_123alice.tmms_123charlie.tmms_123teammates.unreg_123app_admin@gmail.com
      </div>
   </div>

> but was:<   <title>
   </title>
   <div id="frameBodyWrapper">
      <input type="text" value=""/>
            <a class="student-profile-pic-view-link btn-link" data-link="/page/studentProfilePic?studentemail={*}&courseid={*}">
         View Photo
      </a>
      <a class="navLinks" data-unreg="true" href="/page/studentCourseJoinAuthentication?key={*}&">
         Home
      </a>
      <input class="form-control" id="start" name="start" type="text" value="07/08/2014"/>
            <p class="form-control-static">
         07 Aug 2014, 05:35
      </p>
      <input name="commentid" type="hidden" value="{*}"/>
            <input name="questionid" type="hidden" value="{*}"/>
            <a class="btn btn-default btn-xs t_course_archive0" data-placement="top" data-toggle="tooltip" href="/page/instructorCourseArchive?courseid=testuserm.gma-demo&archive=true&next=%2Fpage%2FinstructorCoursesPage&user=testuser.instructor" title="Archive the course so that it will not be shown in the home page any more (you can still access it from the 'Courses' tab)">
      </a>
      <input name="end" value="21/05/2001"/>
            <div>
         yourGoogleId_123teammates.coord_123alice.tmms_123charlie.tmms_123teammates.unreg_123app_admin@gmail.com
      </div>
   </div>

>
	at org.testng.AssertJUnit.assertEquals(AssertJUnit.java:101)
	at org.testng.AssertJUnit.assertEquals(AssertJUnit.java:108)
	at teammates.test.cases.ui.browsertests.GodModeTest.verifyOutput(GodModeTest.java:131)
	at teammates.test.cases.ui.browsertests.GodModeTest.testGodMode(GodModeTest.java:97)
	at sun.reflect.NativeMethodAccessorImpl.invoke0(Native Method)
	at sun.reflect.NativeMethodAccessorImpl.invoke(NativeMethodAccessorImpl.java:57)
	at sun.reflect.DelegatingMethodAccessorImpl.invoke(DelegatingMethodAccessorImpl.java:43)
	at java.lang.reflect.Method.invoke(Method.java:606)
	at org.testng.internal.MethodInvocationHelper.invokeMethod(MethodInvocationHelper.java:84)
	at org.testng.internal.Invoker.invokeMethod(Invoker.java:714)
	at org.testng.internal.Invoker.invokeTestMethod(Invoker.java:901)
	at org.testng.internal.Invoker.invokeTestMethods(Invoker.java:1231)
	at org.testng.internal.TestMethodWorker.invokeTestMethods(TestMethodWorker.java:127)
	at org.testng.internal.TestMethodWorker.run(TestMethodWorker.java:111)
	at java.util.concurrent.ThreadPoolExecutor.runWorker(ThreadPoolExecutor.java:1145)
	at java.util.concurrent.ThreadPoolExecutor$Worker.run(ThreadPoolExecutor.java:615)
	at java.lang.Thread.run(Thread.java:745)
]]>
            </full-stacktrace>
          </exception> <!-- java.lang.AssertionError -->
          <reporter-output>
          </reporter-output>
        </test-method> <!-- testGodMode -->
        <test-method status="PASS" signature="closeClass()[pri:0, instance:teammates.test.cases.ui.browsertests.GodModeTest@51e300]" name="closeClass" is-config="true" duration-ms="0" started-at="2014-09-03T12:10:26Z" finished-at="2014-09-03T12:10:26Z">
          <reporter-output>
          </reporter-output>
        </test-method> <!-- closeClass -->
      </class> <!-- teammates.test.cases.ui.browsertests.GodModeTest -->
    </test> <!-- rare-tests(failed)(failed)(failed)(failed)(failed) -->
  </suite> <!-- Failed suite [Failed suite [Failed suite [Failed suite [Failed suite [all-tests-in-parallel]]]]] -->
</testng-results>
