<?xml version="1.0" encoding="UTF-8"?>
<!-- Generated by org.testng.reporters.JUnitReportReporter -->
<testsuite hostname="soccf-tr5-001" name="teammates.test.cases.ui.browsertests.InstructorFeedbackEditPageUiTest" tests="1" failures="0" timestamp="6 Aug 2014 07:46:11 GMT" time="26.056" errors="1">
  <testcase name="allTests" time="26.056" classname="teammates.test.cases.ui.browsertests.InstructorFeedbackEditPageUiTest">
    <error type="org.junit.ComparisonFailure" message="expected:&lt;&lt;[expected&gt;
   &lt;div class=&quot;container&quot; id=&quot;frameBodyWrapper&quot;&gt;
      &lt;h1&gt;
         Edit Feedback Session
      &lt;/h1&gt;
      &lt;br/&gt;
            &lt;div class=&quot;well well-plain&quot;&gt;
         &lt;form action=&quot;/page/instructorFeedbackEditSave&quot; class=&quot;form-group&quot; id=&quot;form_editfeedbacksession&quot; method=&quot;post&quot;&gt;
            &lt;div class=&quot;row&quot;&gt;
               &lt;div class=&quot;col-sm-12&quot;&gt;
                  &lt;span class=&quot;pull-right&quot;&gt;
                     &lt;a class=&quot;btn btn-primary btn-sm&quot; data-original-title=&quot;Edit feedback session details&quot; data-placement=&quot;top&quot; data-toggle=&quot;tooltip&quot; id=&quot;fsEditLink&quot; onclick=&quot;enableEditFS()&quot; title=&quot;&quot;&gt;
                        Edit
                     &lt;/a&gt;
                     &lt;button class=&quot;btn btn-primary btn-sm&quot; disabled=&quot;&quot; id=&quot;fsSaveLink&quot; onclick=&quot;return checkEditFeedbackSession(this.form);&quot; style=&quot;display:none;&quot; type=&quot;submit&quot;&gt;
                        Save Changes
                     &lt;/button&gt;
                     &lt;a class=&quot;btn btn-primary btn-sm&quot; data-original-title=&quot;Delete the feedback session&quot; data-placement=&quot;top&quot; data-toggle=&quot;tooltip&quot; href=&quot;/page/instructorFeedbackDelete?courseid=CFeedbackEditUiT.CS2104&amp;fsname=First+Session&amp;next=%3Fuser%3DCFeedbackEditUiT.instructor&amp;user=CFeedbackEditUiT.instructor&quot; id=&quot;fsDeleteLink&quot; onclick=&quot;return toggleDeleteFeedbackSessionConfirmation(&#039;CFeedbackEditUiT.CS2104&#039;,&#039;First Session&#039;);&quot; title=&quot;&quot;&gt;
                        Delete
                     &lt;/a&gt;
                  &lt;/span&gt;
               &lt;/div&gt;
            &lt;/div&gt;
            &lt;br/&gt;
                        &lt;div class=&quot;panel panel-primary&quot;&gt;
               &lt;div class=&quot;panel-body&quot;&gt;
                  &lt;div class=&quot;row&quot;&gt;
                     &lt;div class=&quot;col-md-6&quot;&gt;
                        &lt;div class=&quot;form-group&quot;&gt;
                           &lt;label class=&quot;col-sm-4 control-label&quot; data-original-title=&quot;Please select the course for which the feedback session is to be created.&quot; data-placement=&quot;top&quot; data-toggle=&quot;tooltip&quot; title=&quot;&quot;&gt;
                              Course
                           &lt;/label&gt;
                           &lt;div class=&quot;col-sm-8&quot;&gt;
                              &lt;div class=&quot;form-control-static&quot;&gt;
                                 CFeedbackEditUiT.CS2104
                              &lt;/div&gt;
                           &lt;/div&gt;
                        &lt;/div&gt;
                     &lt;/div&gt;
                     &lt;div class=&quot;col-md-6&quot;&gt;
                        &lt;div class=&quot;form-group&quot;&gt;
                           &lt;h5 class=&quot;col-sm-4&quot;&gt;
                              &lt;label class=&quot;col-sm-4 control-label&quot; data-original-title=&quot;You should not need to change this as your timezone is auto-detected. &lt;br /&gt;&lt;br /&gt;However, note that daylight saving is not taken into account i.e. if you are in UTC -8:00 and there is daylight saving, you should choose UTC -7:00 and its corresponding timings.&quot; data-placement=&quot;top&quot; data-toggle=&quot;tooltip&quot; for=&quot;timezone&quot; title=&quot;&quot;&gt;
                                 Timezone
                              &lt;/label&gt;
                           &lt;/h5&gt;
                           &lt;div class=&quot;col-sm-8&quot;&gt;
                              &lt;select class=&quot;form-control&quot; disabled=&quot;&quot; id=&quot;timezone&quot; name=&quot;timezone&quot;&gt;
                                 &lt;option value=&quot;-12&quot;&gt;
                                    (UTC -12:00) Baker Island, Howland Island
                                 &lt;/option&gt;
                                 &lt;option value=&quot;-11&quot;&gt;
                                    (UTC -11:00) American Samoa, Niue
                                 &lt;/option&gt;
                                 &lt;option value=&quot;-10&quot;&gt;
                                    (UTC -10:00) Hawaii, Cook Islands, Marquesas Islands
                                 &lt;/option&gt;
                                 &lt;option value=&quot;-9&quot;&gt;
                                    (UTC -09:00) Gambier Islands, Alaska
                                 &lt;/option&gt;
                                 &lt;option value=&quot;-8&quot;&gt;
                                    (UTC -08:00) Los Angeles, Vancouver, Tijuana
                                 &lt;/option&gt;
                                 &lt;option value=&quot;-7&quot;&gt;
                                    (UTC -07:00) Phoenix, Calgary, Ciudad Juárez
                                 &lt;/option&gt;
                                 &lt;option value=&quot;-6&quot;&gt;
                                    (UTC -06:00) Chicago, Guatemala City, Mexico City, San José, San Salvador, Tegucigalpa, Winnipeg
                                 &lt;/option&gt;
                                 &lt;option value=&quot;-5&quot;&gt;
                                    (UTC -05:00) New York, Lima, Toronto, Bogotá, Havana, Kingston
                                 &lt;/option&gt;
                                 &lt;option value=&quot;-4.5&quot;&gt;
                                    (UTC -04:30) Caracas
                                 &lt;/option&gt;
                                 &lt;option value=&quot;-4&quot;&gt;
                                    (UTC -04:00) Santiago, La Paz, San Juan de Puerto Rico, Manaus, Halifax
                                 &lt;/option&gt;
                                 &lt;option value=&quot;-3.5&quot;&gt;
                                    (UTC -03:30) St. John&#039;s
                                 &lt;/option&gt;
                                 &lt;option value=&quot;-3&quot;&gt;
                                    (UTC -03:00) Buenos Aires, Montevideo, São Paulo
                                 &lt;/option&gt;
                                 &lt;option value=&quot;-2&quot;&gt;
                                    (UTC -02:00) Fernando de Noronha, South Georgia and the South Sandwich Islands
                                 &lt;/option&gt;
                                 &lt;option value=&quot;-1&quot;&gt;
                                    (UTC -01:00) Cape Verde, Greenland, Azores islands
                                 &lt;/option&gt;
                                 &lt;option value=&quot;0&quot;&gt;
                                    (UTC) Accra, Abidjan, Casablanca, Dakar, Dublin, Lisbon, London
                                 &lt;/option&gt;
                                 &lt;option value=&quot;1&quot;&gt;
                                    (UTC +01:00) Belgrade, Berlin, Brussels, Lagos, Madrid, Paris, Rome, Tunis, Vienna, Warsaw
                                 &lt;/option&gt;
                                 &lt;option selected=&quot;selected&quot; value=&quot;2&quot;&gt;
                                    (UTC +02:00) Athens, Sofia, Cairo, Kiev, Istanbul, Beirut, Helsinki, Jerusalem, Johannesburg, Bucharest
                                 &lt;/option&gt;
                                 &lt;option value=&quot;3&quot;&gt;
                                    (UTC +03:00) Nairobi, Baghdad, Doha, Khartoum, Minsk, Riyadh
                                 &lt;/option&gt;
                                 &lt;option value=&quot;3.5&quot;&gt;
                                    (UTC +03:30) Tehran
                                 &lt;/option&gt;
                                 &lt;option value=&quot;4&quot;&gt;
                                    (UTC +04:00) Baku, Dubai, Moscow
                                 &lt;/option&gt;
                                 &lt;option value=&quot;4.5&quot;&gt;
                                    (UTC +04:30) Kabul
                                 &lt;/option&gt;
                                 &lt;option value=&quot;5&quot;&gt;
                                    (UTC +05:00) Karachi, Tashkent
                                 &lt;/option&gt;
                                 &lt;option value=&quot;5.5&quot;&gt;
                                    (UTC +05:30) Colombo, Delhi
                                 &lt;/option&gt;
                                 &lt;option value=&quot;5.75&quot;&gt;
                                    (UTC +05:45) Kathmandu
                                 &lt;/option&gt;
                                 &lt;option value=&quot;6&quot;&gt;
                                    (UTC +06:00) Almaty, Dhaka, Yekaterinburg
                                 &lt;/option&gt;
                                 &lt;option value=&quot;7&quot;&gt;
                                    (UTC +07:00) Jakarta, Bangkok, Novosibirsk, Hanoi
                                 &lt;/option&gt;
                                 &lt;option value=&quot;8&quot;&gt;
                                    (UTC +08:00) Perth, Beijing, Manila, Singapore, Kuala Lumpur, Denpasar, Krasnoyarsk
                                 &lt;/option&gt;
                                 &lt;option value=&quot;9&quot;&gt;
                                    (UTC +09:00) Seoul, Tokyo, Pyongyang, Ambon, Irkutsk
                                 &lt;/option&gt;
                                 &lt;option value=&quot;10&quot;&gt;
                                    (UTC +10:00) Canberra, Yakutsk, Port Moresby
                                 &lt;/option&gt;
                                 &lt;option value=&quot;11&quot;&gt;
                                    (UTC +11:00) Vladivostok, Noumea
                                 &lt;/option&gt;
                                 &lt;option value=&quot;12&quot;&gt;
                                    (UTC +12:00) Auckland, Suva
                                 &lt;/option&gt;
                                 &lt;option value=&quot;13&quot;&gt;
                                    (UTC +13:00) Phoenix Islands, Tokelau, Tonga
                                 &lt;/option&gt;
                              &lt;/select&gt;
                           &lt;/div&gt;
                        &lt;/div&gt;
                     &lt;/div&gt;
                  &lt;/div&gt;
                  &lt;br/&gt;
                                    &lt;div class=&quot;row&quot;&gt;
                     &lt;div class=&quot;col-md-12&quot;&gt;
                        &lt;div class=&quot;form-group&quot;&gt;
                           &lt;label class=&quot;col-sm-2 control-label&quot; data-original-title=&quot;Enter the name of the feedback session e.g. Feedback Session 1.&quot; data-placement=&quot;top&quot; data-toggle=&quot;tooltip&quot; for=&quot;fsname&quot; title=&quot;&quot;&gt;
                              Session
                                            name
                           &lt;/label&gt;
                           &lt;div class=&quot;col-sm-10&quot;&gt;
                              &lt;div class=&quot;form-control-static&quot;&gt;
                                 First Session
                              &lt;/div&gt;
                           &lt;/div&gt;
                        &lt;/div&gt;
                     &lt;/div&gt;
                  &lt;/div&gt;
                  &lt;div class=&quot;row&quot;&gt;
                     &lt;div class=&quot;col-md-12&quot;&gt;
                        &lt;div class=&quot;form-group&quot;&gt;
                           &lt;div class=&quot;form-group&quot;&gt;
                              &lt;label class=&quot;col-sm-2 control-label&quot; data-original-title=&quot;Enter instructions for this feedback session. e.g. Avoid comments which are too critical.&lt;br /&gt; It will be displayed at the top of the page when users respond to the session.&quot; data-placement=&quot;top&quot; data-toggle=&quot;tooltip&quot; for=&quot;instructions&quot; title=&quot;&quot;&gt;
                                 Instructions
                              &lt;/label&gt;
                              &lt;div class=&quot;col-sm-10&quot;&gt;
                                 &lt;textarea class=&quot;form-control&quot; cols=&quot;100%&quot; disabled=&quot;&quot; id=&quot;instructions&quot; name=&quot;instructions&quot; rows=&quot;4&quot;&gt;
                                    Please fill in the edited feedback session.
                                 &lt;/textarea&gt;
                              &lt;/div&gt;
                           &lt;/div&gt;
                        &lt;/div&gt;
                     &lt;/div&gt;
                  &lt;/div&gt;
               &lt;/div&gt;
            &lt;/div&gt;
            &lt;div class=&quot;panel panel-primary&quot;&gt;
               &lt;div class=&quot;panel-body&quot;&gt;
                  &lt;div class=&quot;row&quot;&gt;
                     &lt;div class=&quot;col-md-5&quot; data-original-title=&quot;Please select the date and time for which users can start submitting responses for the feedback session.&quot; data-placement=&quot;top&quot; data-toggle=&quot;tooltip&quot; title=&quot;&quot;&gt;
                        &lt;div class=&quot;row&quot;&gt;
                           &lt;div class=&quot;col-md-6&quot;&gt;
                              &lt;label class=&quot;label-control&quot; for=&quot;startdate&quot;&gt;
                                 Submission opening time
                              &lt;/label&gt;
                           &lt;/div&gt;
                        &lt;/div&gt;
                        &lt;div class=&quot;row&quot;&gt;
                           &lt;div class=&quot;col-md-6&quot;&gt;
                              &lt;input class=&quot;form-control col-sm-2 hasDatepicker&quot; disabled=&quot;&quot; id=&quot;startdate&quot; name=&quot;startdate&quot; placeholder=&quot;Date&quot; type=&quot;text&quot; value=&quot;01/04/2012&quot;/&gt;
                                                         &lt;/div&gt;
                           &lt;div class=&quot;col-md-6&quot;&gt;
                              &lt;select class=&quot;form-control&quot; disabled=&quot;&quot; id=&quot;starttime&quot; name=&quot;starttime&quot;&gt;
                                 &lt;option value=&quot;1&quot;&gt;
                                    0100H
                                 &lt;/option&gt;
                                 &lt;option value=&quot;2&quot;&gt;
                                    0200H
                                 &lt;/option&gt;
                                 &lt;option value=&quot;3&quot;&gt;
                                    0300H
                                 &lt;/option&gt;
                                 &lt;option value=&quot;4&quot;&gt;
                                    0400H
                                 &lt;/option&gt;
                                 &lt;option value=&quot;5&quot;&gt;
                                    0500H
                                 &lt;/option&gt;
                                 &lt;option value=&quot;6&quot;&gt;
                                    0600H
                                 &lt;/option&gt;
                                 &lt;option value=&quot;7&quot;&gt;
                                    0700H
                                 &lt;/option&gt;
                                 &lt;option value=&quot;8&quot;&gt;
                                    0800H
                                 &lt;/option&gt;
                                 &lt;option value=&quot;9&quot;&gt;
                                    0900H
                                 &lt;/option&gt;
                                 &lt;option value=&quot;10&quot;&gt;
                                    1000H
                                 &lt;/option&gt;
                                 &lt;option value=&quot;11&quot;&gt;
                                    1100H
                                 &lt;/option&gt;
                                 &lt;option value=&quot;12&quot;&gt;
                                    1200H
                                 &lt;/option&gt;
                                 &lt;option value=&quot;13&quot;&gt;
                                    1300H
                                 &lt;/option&gt;
                                 &lt;option value=&quot;14&quot;&gt;
                                    1400H
                                 &lt;/option&gt;
                                 &lt;option value=&quot;15&quot;&gt;
                                    1500H
                                 &lt;/option&gt;
                                 &lt;option value=&quot;16&quot;&gt;
                                    1600H
                                 &lt;/option&gt;
                                 &lt;option value=&quot;17&quot;&gt;
                                    1700H
                                 &lt;/option&gt;
                                 &lt;option value=&quot;18&quot;&gt;
                                    1800H
                                 &lt;/option&gt;
                                 &lt;option value=&quot;19&quot;&gt;
                                    1900H
                                 &lt;/option&gt;
                                 &lt;option value=&quot;20&quot;&gt;
                                    2000H
                                 &lt;/option&gt;
                                 &lt;option value=&quot;21&quot;&gt;
                                    2100H
                                 &lt;/option&gt;
                                 &lt;option value=&quot;22&quot;&gt;
                                    2200H
                                 &lt;/option&gt;
                                 &lt;option value=&quot;23&quot;&gt;
                                    2300H
                                 &lt;/option&gt;
                                 &lt;option selected=&quot;selected&quot; value=&quot;24&quot;&gt;
                                    2359H
                                 &lt;/option&gt;
                              &lt;/select&gt;
                           &lt;/div&gt;
                        &lt;/div&gt;
                     &lt;/div&gt;
                     &lt;div class=&quot;col-md-5 border-left-gray&quot; data-original-title=&quot;Please select the date and time after which the feedback session will no longer accept submissions from users.&quot; data-placement=&quot;top&quot; data-toggle=&quot;tooltip&quot; title=&quot;&quot;&gt;
                        &lt;div class=&quot;row&quot;&gt;
                           &lt;div class=&quot;col-md-6&quot;&gt;
                              &lt;label class=&quot;label-control&quot; for=&quot;enddate&quot;&gt;
                                 Submission closing time
                              &lt;/label&gt;
                           &lt;/div&gt;
                        &lt;/div&gt;
                        &lt;div class=&quot;row&quot;&gt;
                           &lt;div class=&quot;col-md-6&quot;&gt;
                              &lt;input class=&quot;form-control col-sm-2 hasDatepicker&quot; disabled=&quot;&quot; id=&quot;enddate&quot; name=&quot;enddate&quot; placeholder=&quot;Date&quot; type=&quot;text&quot; value=&quot;01/05/2016&quot;/&gt;
                                                         &lt;/div&gt;
                           &lt;div class=&quot;col-md-6&quot;&gt;
                              &lt;select class=&quot;form-control&quot; disabled=&quot;&quot; id=&quot;endtime&quot; name=&quot;endtime&quot;&gt;
                                 &lt;option value=&quot;1&quot;&gt;
                                    0100H
                                 &lt;/option&gt;
                                 &lt;option value=&quot;2&quot;&gt;
                                    0200H
                                 &lt;/option&gt;
                                 &lt;option value=&quot;3&quot;&gt;
                                    0300H
                                 &lt;/option&gt;
                                 &lt;option value=&quot;4&quot;&gt;
                                    0400H
                                 &lt;/option&gt;
                                 &lt;option value=&quot;5&quot;&gt;
                                    0500H
                                 &lt;/option&gt;
                                 &lt;option value=&quot;6&quot;&gt;
                                    0600H
                                 &lt;/option&gt;
                                 &lt;option value=&quot;7&quot;&gt;
                                    0700H
                                 &lt;/option&gt;
                                 &lt;option value=&quot;8&quot;&gt;
                                    0800H
                                 &lt;/option&gt;
                                 &lt;option value=&quot;9&quot;&gt;
                                    0900H
                                 &lt;/option&gt;
                                 &lt;option value=&quot;10&quot;&gt;
                                    1000H
                                 &lt;/option&gt;
                                 &lt;option value=&quot;11&quot;&gt;
                                    1100H
                                 &lt;/option&gt;
                                 &lt;option value=&quot;12&quot;&gt;
                                    1200H
                                 &lt;/option&gt;
                                 &lt;option value=&quot;13&quot;&gt;
                                    1300H
                                 &lt;/option&gt;
                                 &lt;option value=&quot;14&quot;&gt;
                                    1400H
                                 &lt;/option&gt;
                                 &lt;option value=&quot;15&quot;&gt;
                                    1500H
                                 &lt;/option&gt;
                                 &lt;option value=&quot;16&quot;&gt;
                                    1600H
                                 &lt;/option&gt;
                                 &lt;option value=&quot;17&quot;&gt;
                                    1700H
                                 &lt;/option&gt;
                                 &lt;option value=&quot;18&quot;&gt;
                                    1800H
                                 &lt;/option&gt;
                                 &lt;option value=&quot;19&quot;&gt;
                                    1900H
                                 &lt;/option&gt;
                                 &lt;option value=&quot;20&quot;&gt;
                                    2000H
                                 &lt;/option&gt;
                                 &lt;option value=&quot;21&quot;&gt;
                                    2100H
                                 &lt;/option&gt;
                                 &lt;option selected=&quot;selected&quot; value=&quot;22&quot;&gt;
                                    2200H
                                 &lt;/option&gt;
                                 &lt;option value=&quot;23&quot;&gt;
                                    2300H
                                 &lt;/option&gt;
                                 &lt;option value=&quot;24&quot;&gt;
                                    2359H
                                 &lt;/option&gt;
                              &lt;/select&gt;
                           &lt;/div&gt;
                        &lt;/div&gt;
                     &lt;/div&gt;
                     &lt;div class=&quot;col-md-2 border-left-gray&quot; data-original-title=&quot;Please select the amount of time that the system will continue accepting &lt;br /&gt;submissions after the specified deadline.&quot; data-placement=&quot;top&quot; data-toggle=&quot;tooltip&quot; title=&quot;&quot;&gt;
                        &lt;div class=&quot;row&quot;&gt;
                           &lt;div class=&quot;col-md-12&quot;&gt;
                              &lt;label class=&quot;control-label&quot; for=&quot;graceperiod&quot;&gt;
                                 Grace
                                                period
                              &lt;/label&gt;
                           &lt;/div&gt;
                        &lt;/div&gt;
                        &lt;div class=&quot;row&quot;&gt;
                           &lt;div class=&quot;col-sm-12&quot;&gt;
                              &lt;select class=&quot;form-control&quot; disabled=&quot;&quot; id=&quot;graceperiod&quot; name=&quot;graceperiod&quot;&gt;
                                 &lt;option value=&quot;0&quot;&gt;
                                    0 mins
                                 &lt;/option&gt;
                                 &lt;option value=&quot;5&quot;&gt;
                                    5 mins
                                 &lt;/option&gt;
                                 &lt;option value=&quot;10&quot;&gt;
                                    10 mins
                                 &lt;/option&gt;
                                 &lt;option value=&quot;15&quot;&gt;
                                    15 mins
                                 &lt;/option&gt;
                                 &lt;option value=&quot;20&quot;&gt;
                                    20 mins
                                 &lt;/option&gt;
                                 &lt;option value=&quot;25&quot;&gt;
                                    25 mins
                                 &lt;/option&gt;
                                 &lt;option selected=&quot;selected&quot; value=&quot;30&quot;&gt;
                                    30 mins
                                 &lt;/option&gt;
                              &lt;/select&gt;
                           &lt;/div&gt;
                        &lt;/div&gt;
                     &lt;/div&gt;
                  &lt;/div&gt;
               &lt;/div&gt;
            &lt;/div&gt;
            &lt;div class=&quot;row&quot; id=&quot;uncommonSettingsInfo&quot; style=&quot;display: none;&quot;&gt;
               &lt;div class=&quot;col-md-12 text-muted&quot;&gt;
                  &lt;span id=&quot;uncommonSettingsInfoText&quot;&gt;
                     Session is visible at submission opening time, responses are only visible when you publish the results.
                     &lt;br/&gt;
                                          Emails are sent when session opens (within 15 mins), 24 hrs before session closes and when results are published.
                  &lt;/span&gt;
                  &lt;a data-done=&quot;[Done]&quot; data-edit=&quot;[Edit]&quot; id=&quot;editUncommonSettingsButton&quot; onclick=&quot;enableEditFS()&quot;&gt;
                     [Edit]
                  &lt;/a&gt;
               &lt;/div&gt;
            &lt;/div&gt;
            &lt;div class=&quot;panel panel-primary&quot; id=&quot;sessionResponsesVisiblePanel&quot;&gt;
               &lt;div class=&quot;panel-body&quot;&gt;
                  &lt;div class=&quot;row&quot;&gt;
                     &lt;div class=&quot;col-md-6&quot;&gt;
                        &lt;div class=&quot;row&quot;&gt;
                           &lt;div class=&quot;col-md-6&quot; data-original-title=&quot;Please select when you want the questions for the feedback session to be visible to users who need to participate. Note that users cannot submit their responses until the submissions opening time set below.&quot; data-placement=&quot;top&quot; data-toggle=&quot;tooltip&quot; title=&quot;&quot;&gt;
                              &lt;label class=&quot;label-control&quot;&gt;
                                 Session visible from
                              &lt;/label&gt;
                           &lt;/div&gt;
                        &lt;/div&gt;
                        &lt;div class=&quot;row radio&quot;&gt;
                           &lt;div class=&quot;col-md-2&quot; data-original-title=&quot;Select this option to enter in a custom date and time for which the feedback session will become visible.&lt;br /&gt;Note that you can make a session visible before it is open for submissions so that users can preview the questions.&quot; data-placement=&quot;top&quot; data-toggle=&quot;tooltip&quot; title=&quot;&quot;&gt;
                              &lt;label for=&quot;sessionVisibleFromButton_custom&quot;&gt;
                                 At
                              &lt;/label&gt;
                              &lt;input disabled=&quot;&quot; id=&quot;sessionVisibleFromButton_custom&quot; name=&quot;sessionVisibleFromButton&quot; type=&quot;radio&quot; value=&quot;custom&quot;/&gt;
                                                         &lt;/div&gt;
                           &lt;div class=&quot;col-md-5&quot;&gt;
                              &lt;input class=&quot;form-control col-sm-2 hasDatepicker&quot; disabled=&quot;&quot; id=&quot;visibledate&quot; name=&quot;visibledate&quot; type=&quot;text&quot; value=&quot;&quot;/&gt;
                                                         &lt;/div&gt;
                           &lt;div class=&quot;col-md-4&quot;&gt;
                              &lt;select class=&quot;form-control&quot; disabled=&quot;&quot; id=&quot;visibletime&quot; name=&quot;visibletime&quot;&gt;
                                 &lt;option value=&quot;1&quot;&gt;
                                    0100H
                                 &lt;/option&gt;
                                 &lt;option value=&quot;2&quot;&gt;
                                    0200H
                                 &lt;/option&gt;
                                 &lt;option value=&quot;3&quot;&gt;
                                    0300H
                                 &lt;/option&gt;
                                 &lt;option value=&quot;4&quot;&gt;
                                    0400H
                                 &lt;/option&gt;
                                 &lt;option value=&quot;5&quot;&gt;
                                    0500H
                                 &lt;/option&gt;
                                 &lt;option value=&quot;6&quot;&gt;
                                    0600H
                                 &lt;/option&gt;
                                 &lt;option value=&quot;7&quot;&gt;
                                    0700H
                                 &lt;/option&gt;
                                 &lt;option value=&quot;8&quot;&gt;
                                    0800H
                                 &lt;/option&gt;
                                 &lt;option value=&quot;9&quot;&gt;
                                    0900H
                                 &lt;/option&gt;
                                 &lt;option value=&quot;10&quot;&gt;
                                    1000H
                                 &lt;/option&gt;
                                 &lt;option value=&quot;11&quot;&gt;
                                    1100H
                                 &lt;/option&gt;
                                 &lt;option value=&quot;12&quot;&gt;
                                    1200H
                                 &lt;/option&gt;
                                 &lt;option value=&quot;13&quot;&gt;
                                    1300H
                                 &lt;/option&gt;
                                 &lt;option value=&quot;14&quot;&gt;
                                    1400H
                                 &lt;/option&gt;
                                 &lt;option value=&quot;15&quot;&gt;
                                    1500H
                                 &lt;/option&gt;
                                 &lt;option value=&quot;16&quot;&gt;
                                    1600H
                                 &lt;/option&gt;
                                 &lt;option value=&quot;17&quot;&gt;
                                    1700H
                                 &lt;/option&gt;
                                 &lt;option value=&quot;18&quot;&gt;
                                    1800H
                                 &lt;/option&gt;
                                 &lt;option value=&quot;19&quot;&gt;
                                    1900H
                                 &lt;/option&gt;
                                 &lt;option value=&quot;20&quot;&gt;
                                    2000H
                                 &lt;/option&gt;
                                 &lt;option value=&quot;21&quot;&gt;
                                    2100H
                                 &lt;/option&gt;
                                 &lt;option value=&quot;22&quot;&gt;
                                    2200H
                                 &lt;/option&gt;
                                 &lt;option value=&quot;23&quot;&gt;
                                    2300H
                                 &lt;/option&gt;
                                 &lt;option selected=&quot;selected&quot; value=&quot;24&quot;&gt;
                                    2359H
                                 &lt;/option&gt;
                              &lt;/select&gt;
                           &lt;/div&gt;
                        &lt;/div&gt;
                        &lt;div class=&quot;row radio&quot;&gt;
                           &lt;div class=&quot;col-md-6&quot; data-original-title=&quot;Select this option to have the feedback session become visible when it is open for submissions (as selected above).&quot; data-placement=&quot;top&quot; data-toggle=&quot;tooltip&quot; title=&quot;&quot;&gt;
                              &lt;label for=&quot;sessionVisibleFromButton_atopen&quot;&gt;
                                 Submission opening time
                              &lt;/label&gt;
                              &lt;input checked=&quot;checked&quot; disabled=&quot;&quot; id=&quot;sessionVisibleFromButton_atopen&quot; name=&quot;sessionVisibleFromButton&quot; type=&quot;radio&quot; value=&quot;atopen&quot;/&gt;
                                                         &lt;/div&gt;
                        &lt;/div&gt;
                        &lt;div class=&quot;row radio&quot;&gt;
                           &lt;div class=&quot;col-md-6&quot; data-original-title=&quot;Select this option if you want the feedback session to never be visible. Use this option if you want to use this as a private feedback session.&quot; data-placement=&quot;top&quot; data-toggle=&quot;tooltip&quot; title=&quot;&quot;&gt;
                              &lt;label for=&quot;sessionVisibleFromButton_never&quot;&gt;
                                 Never (this is a private session)
                              &lt;/label&gt;
                              &lt;input disabled=&quot;&quot; id=&quot;sessionVisibleFromButton_never&quot; name=&quot;sessionVisibleFromButton&quot; type=&quot;radio&quot; value=&quot;never&quot;/&gt;
                                                         &lt;/div&gt;
                        &lt;/div&gt;
                     &lt;/div&gt;
                     &lt;div class=&quot;col-md-6 border-left-gray&quot;&gt;
                        &lt;div class=&quot;row&quot;&gt;
                           &lt;div class=&quot;col-md-6&quot; data-original-title=&quot;Please select when the responses for the feedback session will be visible to the designated recipients.&lt;br /&gt;You can select the response visibility for each type of user and question later.&quot; data-placement=&quot;top&quot; data-toggle=&quot;tooltip&quot; title=&quot;&quot;&gt;
                              &lt;label class=&quot;label-control&quot;&gt;
                                 Responses visible from
                              &lt;/label&gt;
                           &lt;/div&gt;
                        &lt;/div&gt;
                        &lt;div class=&quot;row radio&quot;&gt;
                           &lt;div class=&quot;col-md-2&quot; data-original-title=&quot;Select this option to use a custom time for when the responses of the feedback session&lt;br /&gt;will be visible to the designated recipients.&quot; data-placement=&quot;top&quot; data-toggle=&quot;tooltip&quot; title=&quot;&quot;&gt;
                              &lt;label for=&quot;resultsVisibleFromButton_custom&quot;&gt;
                                 At
                              &lt;/label&gt;
                              &lt;input disabled=&quot;&quot; id=&quot;resultsVisibleFromButton_custom&quot; name=&quot;resultsVisibleFromButton&quot; type=&quot;radio&quot; value=&quot;custom&quot;/&gt;
                                                         &lt;/div&gt;
                           &lt;div class=&quot;col-md-5&quot;&gt;
                              &lt;input class=&quot;form-control hasDatepicker&quot; disabled=&quot;&quot; id=&quot;publishdate&quot; name=&quot;publishdate&quot; type=&quot;text&quot; value=&quot;&quot;/&gt;
                                                         &lt;/div&gt;
                           &lt;div class=&quot;col-md-4&quot;&gt;
                              &lt;select class=&quot;form-control&quot; data-original-title=&quot;Select this option to enter in a custom date and time for which&lt;/br&gt;the responses for this feedback session will become visible.&quot; data-placement=&quot;top&quot; data-toggle=&quot;tooltip&quot; disabled=&quot;&quot; id=&quot;publishtime&quot; name=&quot;publishtime&quot; title=&quot;&quot;&gt;
                                 &lt;option value=&quot;1&quot;&gt;
                                    0100H
                                 &lt;/option&gt;
                                 &lt;option value=&quot;2&quot;&gt;
                                    0200H
                                 &lt;/option&gt;
                                 &lt;option value=&quot;3&quot;&gt;
                                    0300H
                                 &lt;/option&gt;
                                 &lt;option value=&quot;4&quot;&gt;
                                    0400H
                                 &lt;/option&gt;
                                 &lt;option value=&quot;5&quot;&gt;
                                    0500H
                                 &lt;/option&gt;
                                 &lt;option value=&quot;6&quot;&gt;
                                    0600H
                                 &lt;/option&gt;
                                 &lt;option value=&quot;7&quot;&gt;
                                    0700H
                                 &lt;/option&gt;
                                 &lt;option value=&quot;8&quot;&gt;
                                    0800H
                                 &lt;/option&gt;
                                 &lt;option value=&quot;9&quot;&gt;
                                    0900H
                                 &lt;/option&gt;
                                 &lt;option value=&quot;10&quot;&gt;
                                    1000H
                                 &lt;/option&gt;
                                 &lt;option value=&quot;11&quot;&gt;
                                    1100H
                                 &lt;/option&gt;
                                 &lt;option value=&quot;12&quot;&gt;
                                    1200H
                                 &lt;/option&gt;
                                 &lt;option value=&quot;13&quot;&gt;
                                    1300H
                                 &lt;/option&gt;
                                 &lt;option value=&quot;14&quot;&gt;
                                    1400H
                                 &lt;/option&gt;
                                 &lt;option value=&quot;15&quot;&gt;
                                    1500H
                                 &lt;/option&gt;
                                 &lt;option value=&quot;16&quot;&gt;
                                    1600H
                                 &lt;/option&gt;
                                 &lt;option value=&quot;17&quot;&gt;
                                    1700H
                                 &lt;/option&gt;
                                 &lt;option value=&quot;18&quot;&gt;
                                    1800H
                                 &lt;/option&gt;
                                 &lt;option value=&quot;19&quot;&gt;
                                    1900H
                                 &lt;/option&gt;
                                 &lt;option value=&quot;20&quot;&gt;
                                    2000H
                                 &lt;/option&gt;
                                 &lt;option value=&quot;21&quot;&gt;
                                    2100H
                                 &lt;/option&gt;
                                 &lt;option value=&quot;22&quot;&gt;
                                    2200H
                                 &lt;/option&gt;
                                 &lt;option value=&quot;23&quot;&gt;
                                    2300H
                                 &lt;/option&gt;
                                 &lt;option selected=&quot;selected&quot; value=&quot;24&quot;&gt;
                                    2359H
                                 &lt;/option&gt;
                              &lt;/select&gt;
                           &lt;/div&gt;
                        &lt;/div&gt;
                        &lt;div class=&quot;row radio&quot;&gt;
                           &lt;div class=&quot;col-md-3&quot; data-original-title=&quot;Select this option to have the feedback responses be immediately visible&lt;br /&gt;when the session becomes visible to users.&quot; data-placement=&quot;top&quot; data-toggle=&quot;tooltip&quot; title=&quot;&quot;&gt;
                              &lt;label for=&quot;resultsVisibleFromButton_atvisible&quot;&gt;
                                 Immediately
                              &lt;/label&gt;
                              &lt;input checked=&quot;checked&quot; disabled=&quot;&quot; id=&quot;resultsVisibleFromButton_atvisible&quot; name=&quot;resultsVisibleFromButton&quot; type=&quot;radio&quot; value=&quot;atvisible&quot;/&gt;
                                                         &lt;/div&gt;
                        &lt;/div&gt;
                        &lt;div class=&quot;row radio&quot;&gt;
                           &lt;div class=&quot;col-md-4&quot; data-original-title=&quot;Select this option if you intend to manually publish the session later on.&quot; data-placement=&quot;top&quot; data-toggle=&quot;tooltip&quot; title=&quot;&quot;&gt;
                              &lt;label for=&quot;resultsVisibleFromButton_later&quot;&gt;
                                 Publish manually
                              &lt;/label&gt;
                              &lt;input disabled=&quot;&quot; id=&quot;resultsVisibleFromButton_later&quot; name=&quot;resultsVisibleFromButton&quot; type=&quot;radio&quot; value=&quot;later&quot;/&gt;
                                                         &lt;/div&gt;
                        &lt;/div&gt;
                        &lt;div class=&quot;row radio&quot;&gt;
                           &lt;div class=&quot;col-md-2&quot; data-original-title=&quot;Select this option if you intend never to publish the responses.&quot; data-placement=&quot;top&quot; data-toggle=&quot;tooltip&quot; title=&quot;&quot;&gt;
                              &lt;label for=&quot;resultsVisibleFromButton_never&quot;&gt;
                                 Never
                              &lt;/label&gt;
                              &lt;input disabled=&quot;&quot; id=&quot;resultsVisibleFromButton_never&quot; name=&quot;resultsVisibleFromButton&quot; type=&quot;radio&quot; value=&quot;never&quot;/&gt;
                                                         &lt;/div&gt;
                        &lt;/div&gt;
                     &lt;/div&gt;
                  &lt;/div&gt;
               &lt;/div&gt;
            &lt;/div&gt;
            &lt;div class=&quot;panel panel-primary&quot; id=&quot;sendEmailsForPanel&quot;&gt;
               &lt;div class=&quot;panel-body&quot;&gt;
                  &lt;div class=&quot;row&quot;&gt;
                     &lt;div class=&quot;col-md-12&quot;&gt;
                        &lt;label class=&quot;control-label&quot;&gt;
                           Send emails for
                        &lt;/label&gt;
                     &lt;/div&gt;
                  &lt;/div&gt;
                  &lt;div class=&quot;row&quot;&gt;
                     &lt;div class=&quot;col-sm-3&quot; data-original-title=&quot;Select this option to automatically send an email to students to notify them when the session is open for submission.&quot; data-placement=&quot;top&quot; data-toggle=&quot;tooltip&quot; title=&quot;&quot;&gt;
                        &lt;div class=&quot;checkbox&quot;&gt;
                           &lt;label&gt;
                              Session opening reminder
                           &lt;/label&gt;
                           &lt;input checked=&quot;checked&quot; disabled=&quot;&quot; id=&quot;sendreminderemail_open&quot; name=&quot;sendreminderemail&quot; type=&quot;checkbox&quot; value=&quot;FEEDBACK_OPENING&quot;/&gt;
                                                   &lt;/div&gt;
                     &lt;/div&gt;
                     &lt;div class=&quot;col-sm-3&quot; data-original-title=&quot;Select this option to automatically send an email to students to remind them to submit 24 hours before the end of the session.&quot; data-placement=&quot;top&quot; data-toggle=&quot;tooltip&quot; title=&quot;&quot;&gt;
                        &lt;div class=&quot;checkbox&quot;&gt;
                           &lt;label for=&quot;sendreminderemail_closing&quot;&gt;
                              Session closing reminder
                           &lt;/label&gt;
                           &lt;input checked=&quot;checked&quot; disabled=&quot;&quot; id=&quot;sendreminderemail_closing&quot; name=&quot;sendreminderemail&quot; type=&quot;checkbox&quot; value=&quot;FEEDBACK_CLOSING&quot;/&gt;
                                                   &lt;/div&gt;
                     &lt;/div&gt;
                     &lt;div class=&quot;col-sm-4&quot; data-original-title=&quot;Select this option to automatically send an email to students to notify them when the session results is published.&quot; data-placement=&quot;top&quot; data-toggle=&quot;tooltip&quot; title=&quot;&quot;&gt;
                        &lt;div class=&quot;checkbox&quot;&gt;
                           &lt;label for=&quot;sendreminderemail_published&quot;&gt;
                              Results published announcement
                           &lt;/label&gt;
                           &lt;input checked=&quot;checked&quot; disabled=&quot;&quot; id=&quot;sendreminderemail_published&quot; name=&quot;sendreminderemail&quot; type=&quot;checkbox&quot; value=&quot;FEEDBACK_PUBLISHED&quot;/&gt;
                                                   &lt;/div&gt;
                     &lt;/div&gt;
                  &lt;/div&gt;
               &lt;/div&gt;
            &lt;/div&gt;
            &lt;div class=&quot;col-sm-12&quot;&gt;
               &lt;button class=&quot;btn btn-primary center-block&quot; disabled=&quot;&quot; id=&quot;button_submit_edit&quot; onclick=&quot;return checkEditFeedbackSession(this.form);&quot; style=&quot;display:none;&quot; type=&quot;submit&quot;&gt;
                  Save Changes
               &lt;/button&gt;
            &lt;/div&gt;
            &lt;input disabled=&quot;&quot; name=&quot;fsname&quot; type=&quot;hidden&quot; value=&quot;First Session&quot;/&gt;
                        &lt;input disabled=&quot;&quot; name=&quot;courseid&quot; type=&quot;hidden&quot; value=&quot;CFeedbackEditUiT.CS2104&quot;/&gt;
                        &lt;input disabled=&quot;&quot; name=&quot;user&quot; type=&quot;hidden&quot; value=&quot;CFeedbackEditUiT.instructor&quot;/&gt;
                     &lt;/form&gt;
         &lt;br/&gt;
                  &lt;br/&gt;
               &lt;/div&gt;
      &lt;br/&gt;
            &lt;div class=&quot;alert alert-warning&quot; id=&quot;statusMessage&quot;&gt;
         The changes to the question has been updated.
      &lt;/div&gt;
      &lt;script type=&quot;text/javascript&quot;&gt;
         document.getElementById( &#039;statusMessage&#039; ).scrollIntoView();
      &lt;/script&gt;
      &lt;br/&gt;
            &lt;form action=&quot;/page/instructorFeedbackQuestionEdit&quot; class=&quot;form-horizontal form_question&quot; id=&quot;form_editquestion-1&quot; method=&quot;post&quot; name=&quot;form_editquestions&quot; onsubmit=&quot;tallyCheckboxes(1)&quot; role=&quot;form&quot;&gt;
         &lt;div class=&quot;panel panel-primary questionTable&quot; id=&quot;questionTable1&quot;&gt;
            &lt;div class=&quot;panel-heading&quot;&gt;
               &lt;div class=&quot;row&quot;&gt;
                  &lt;div class=&quot;col-sm-12&quot;&gt;
                     &lt;span&gt;
                        &lt;strong&gt;
                           Question
                        &lt;/strong&gt;
                        &lt;select class=&quot;questionNumber nonDestructive text-primary&quot; id=&quot;questionnum-1&quot; name=&quot;questionnum&quot;&gt;
                           &lt;option value=&quot;1&quot;&gt;
                              1
                           &lt;/option&gt;
                        &lt;/select&gt;
                         
                            Essay question
                     &lt;/span&gt;
                     &lt;span class=&quot;pull-right&quot;&gt;
                        &lt;a class=&quot;btn btn-primary btn-xs&quot; data-original-title=&quot;Get a submission link to this particular question. Useful if you want students to answer individual questions separately or at different points in time.&quot; data-placement=&quot;top&quot; data-toggle=&quot;tooltip&quot; id=&quot;questiongetlink-1&quot; onclick=&quot;getQuestionLink(1)&quot; title=&quot;&quot;&gt;
                           Get Link
                        &lt;/a&gt;
                        &lt;a class=&quot;btn btn-primary btn-xs&quot; data-original-title=&quot;Edit this question&quot; data-placement=&quot;top&quot; data-toggle=&quot;tooltip&quot; id=&quot;questionedittext-1&quot; onclick=&quot;enableEdit(1,1)&quot; style=&quot;display: none;&quot; title=&quot;&quot;&gt;
                           Edit
                        &lt;/a&gt;
                        &lt;a class=&quot;btn btn-primary btn-xs&quot; id=&quot;questionsavechangestext-1&quot; style=&quot;&quot;&gt;
                           Save Changes
                        &lt;/a&gt;
                        &lt;a class=&quot;btn btn-primary btn-xs&quot; data-original-title=&quot;Delete this question&quot; data-placement=&quot;top&quot; data-toggle=&quot;tooltip&quot; onclick=&quot;deleteQuestion(1)&quot; title=&quot;&quot;&gt;
                           Delete
                        &lt;/a&gt;
                     &lt;/span&gt;
                  &lt;/div&gt;
               &lt;/div&gt;
            &lt;/div&gt;
            &lt;div class=&quot;panel-body&quot;&gt;
               &lt;div&gt;
                  &lt;textarea class=&quot;form-control textvalue nonDestructive&quot; data-original-title=&quot;Please enter the question for users to give feedback about. e.g. What is the biggest weakness of the presented product?&quot; data-placement=&quot;top&quot; data-toggle=&quot;tooltip&quot; id=&quot;questiontext-1&quot; name=&quot;questiontext&quot; rows=&quot;5&quot; tabindex=&quot;9&quot; title=&quot;&quot;&gt;
                     filled qn
                  &lt;/textarea&gt;
               &lt;/div&gt;
               &lt;br/&gt;
                              &lt;div&gt;
                  &lt;div class=&quot;col-sm-6&quot; data-original-title=&quot;Who will give feedback&quot; data-placement=&quot;top&quot; data-toggle=&quot;tooltip&quot; title=&quot;&quot;&gt;
                     &lt;label class=&quot;col-sm-4 control-label&quot;&gt;
                        Feedback Giver:
                     &lt;/label&gt;
                     &lt;div class=&quot;col-sm-8&quot;&gt;
                        &lt;select class=&quot;form-control participantSelect&quot; id=&quot;givertype-1&quot; name=&quot;givertype&quot; onchange=&quot;feedbackGiverUpdateVisibilityOptions(this)&quot;&gt;
                           &lt;option value=&quot;SELF&quot;&gt;
                              Me (Session creator)
                           &lt;/option&gt;
                           &lt;option value=&quot;STUDENTS&quot;&gt;
                              Students in this course
                           &lt;/option&gt;
                           &lt;option value=&quot;INSTRUCTORS&quot;&gt;
                              Instructors in this course
                           &lt;/option&gt;
                           &lt;option selected=&quot;selected&quot; value=&quot;TEAMS&quot;&gt;
                              Teams in this course
                           &lt;/option&gt;
                        &lt;/select&gt;
                     &lt;/div&gt;
                  &lt;/div&gt;
                  &lt;div class=&quot;col-sm-6&quot; data-original-title=&quot;Who the feedback is about&quot; data-placement=&quot;top&quot; data-toggle=&quot;tooltip&quot; title=&quot;&quot;&gt;
                     &lt;label class=&quot;col-sm-4 control-label&quot;&gt;
                        Feedback Recipient:
                     &lt;/label&gt;
                     &lt;div class=&quot;col-sm-8&quot;&gt;
                        &lt;select class=&quot;form-control participantSelect&quot; id=&quot;recipienttype-1&quot; name=&quot;recipienttype&quot; onchange=&quot;feedbackRecipientUpdateVisibilityOptions(this);getVisibilityMessage(this);&quot;&gt;
                           &lt;option value=&quot;SELF&quot;&gt;
                              Giver (Self feedback)
                           &lt;/option&gt;
                           &lt;option value=&quot;STUDENTS&quot;&gt;
                              Other students in the course
                           &lt;/option&gt;
                           &lt;option value=&quot;INSTRUCTORS&quot;&gt;
                              Instructors in the course
                           &lt;/option&gt;
                           &lt;option selected=&quot;selected&quot; value=&quot;TEAMS&quot;&gt;
                              Other teams in the course
                           &lt;/option&gt;
                           &lt;option value=&quot;OWN_TEAM&quot;&gt;
                              Giver&#039;s team
                           &lt;/option&gt;
                           &lt;option value=&quot;OWN_TEAM_MEMBERS&quot;&gt;
                              Giver&#039;s team members
                           &lt;/option&gt;
                           &lt;option value=&quot;OWN_TEAM_MEMBERS_INCLUDING_SELF&quot;&gt;
                              Giver&#039;s team members and Giver
                           &lt;/option&gt;
                           &lt;option value=&quot;NONE&quot;&gt;
                              Nobody specific (For general class feedback)
                           &lt;/option&gt;
                        &lt;/select&gt;
                     &lt;/div&gt;
                  &lt;/div&gt;
               &lt;/div&gt;
               &lt;div class=&quot;row&quot;&gt;
                  &lt;br/&gt;
                                    &lt;br/&gt;
                                    &lt;div class=&quot;col-sm-6 btn-group&quot; data-toggle=&quot;buttons&quot;&gt;
                     &lt;label class=&quot;btn btn-xs btn-info visibilityOptionsLabel&quot; onchange=&quot;toggleVisibilityOptions(this)&quot;&gt;
                        &lt;input type=&quot;radio&quot;/&gt;
                                                &lt;span class=&quot;glyphicon glyphicon-pencil&quot;&gt;
                        &lt;/span&gt;
                        Edit Visibility
                     &lt;/label&gt;
                     &lt;label class=&quot;btn btn-xs btn-info visibilityMessageButton active&quot; onchange=&quot;toggleVisibilityMessage(this)&quot;&gt;
                        &lt;input type=&quot;radio&quot;/&gt;
                                                &lt;span class=&quot;glyphicon glyphicon-eye-open&quot;&gt;
                        &lt;/span&gt;
                        Preview Visibility
                     &lt;/label&gt;
                  &lt;/div&gt;
                  &lt;div class=&quot;col-sm-6 numberOfEntitiesElements1&quot;&gt;
                     &lt;label class=&quot;control-label col-sm-4 small&quot; id=&quot;numofrecipients_text-1&quot;&gt;
                        The maximum number of
                        &lt;span id=&quot;numofrecipients_text_inner-1&quot;&gt;
                           teams
                        &lt;/span&gt;
                        each respondant should give feedback to:
                     &lt;/label&gt;
                     &lt;div class=&quot;col-sm-8 form-control-static&quot;&gt;
                        &lt;div class=&quot;col-sm-6&quot;&gt;
                           &lt;input class=&quot;nonDestructive&quot; name=&quot;numofrecipientstype&quot; type=&quot;radio&quot; value=&quot;custom&quot;/&gt;
                                                      &lt;input class=&quot;nonDestructive numberOfEntitiesBox&quot; id=&quot;numofrecipients-1&quot; max=&quot;250&quot; min=&quot;1&quot; name=&quot;numofrecipients&quot; type=&quot;number&quot; value=&quot;1&quot;/&gt;
                                                   &lt;/div&gt;
                        &lt;div class=&quot;col-sm-6&quot;&gt;
                           &lt;input checked=&quot;checked&quot; class=&quot;nonDestructive&quot; name=&quot;numofrecipientstype&quot; type=&quot;radio&quot; value=&quot;max&quot;/&gt;
                                                      &lt;span class=&quot;&quot;&gt;
                              Unlimited
                           &lt;/span&gt;
                        &lt;/div&gt;
                     &lt;/div&gt;
                  &lt;/div&gt;
               &lt;/div&gt;
               &lt;div class=&quot;row&quot;&gt;
                  &lt;div class=&quot;col-sm-12 text-muted visibilityMessage&quot; style=&quot;display: block;&quot;&gt;
                     This is the visibility as seen by the feedback giver.
                     &lt;ul class=&quot;background-color-warning&quot;&gt;
                        &lt;li&gt;
                           The receiving team can see your response, and your name.
                        &lt;/li&gt;
                        &lt;li&gt;
                           Instructors in this course can see your response, the name of the recipient, and your name.
                        &lt;/li&gt;
                     &lt;/ul&gt;
                  &lt;/div&gt;
               &lt;/div&gt;
               &lt;div class=&quot;visibilityOptions&quot; style=&quot;display: none;&quot;&gt;
                  &lt;br/&gt;
                                    &lt;table class=&quot;dataTable participantTable table table-striped text-center&quot;&gt;
                     &lt;tbody&gt;
                        &lt;tr&gt;
                           &lt;th class=&quot;text-center&quot;&gt;
                              User/Group
                           &lt;/th&gt;
                           &lt;th class=&quot;text-center&quot;&gt;
                              Can see answer
                           &lt;/th&gt;
                           &lt;th class=&quot;text-center&quot;&gt;
                              Can see giver&#039;s name
                           &lt;/th&gt;
                           &lt;th class=&quot;text-center&quot;&gt;
                              Can see recipient&#039;s name
                           &lt;/th&gt;
                        &lt;/tr&gt;
                        &lt;tr&gt;
                           &lt;td class=&quot;text-left&quot;&gt;
                              &lt;div data-original-title=&quot;Control what feedback recipient(s) can view&quot; data-placement=&quot;top&quot; data-toggle=&quot;tooltip&quot; title=&quot;&quot;&gt;
                                 Recipient(s)
                              &lt;/div&gt;
                           &lt;/td&gt;
                           &lt;td&gt;
                              &lt;input checked=&quot;checked&quot; class=&quot;visibilityCheckbox answerCheckbox1 centered&quot; name=&quot;receiverLeaderCheckbox&quot; type=&quot;checkbox&quot; value=&quot;RECEIVER&quot;/&gt;
                                                         &lt;/td&gt;
                           &lt;td&gt;
                              &lt;input checked=&quot;checked&quot; class=&quot;visibilityCheckbox giverCheckbox1&quot; type=&quot;checkbox&quot; value=&quot;RECEIVER&quot;/&gt;
                                                         &lt;/td&gt;
                           &lt;td&gt;
                              &lt;input checked=&quot;checked&quot; class=&quot;visibilityCheckbox recipientCheckbox1&quot; disabled=&quot;&quot; name=&quot;receiverFollowerCheckbox&quot; type=&quot;checkbox&quot; value=&quot;RECEIVER&quot;/&gt;
                                                         &lt;/td&gt;
                        &lt;/tr&gt;
                        &lt;hide style=&quot;display: none;&quot;&gt;
                           &lt;tr&gt;
                              &lt;td class=&quot;text-left&quot;&gt;
                                 &lt;div data-original-title=&quot;Control what team members of feedback giver can view&quot; data-placement=&quot;top&quot; data-toggle=&quot;tooltip&quot; title=&quot;&quot;&gt;
                                    Giver&#039;s Team Members
                                 &lt;/div&gt;
                              &lt;/td&gt;
                              &lt;td&gt;
                                 &lt;input class=&quot;visibilityCheckbox answerCheckbox1&quot; type=&quot;checkbox&quot; value=&quot;OWN_TEAM_MEMBERS&quot;/&gt;
                                                               &lt;/td&gt;
                              &lt;td&gt;
                                 &lt;input class=&quot;visibilityCheckbox giverCheckbox1&quot; type=&quot;checkbox&quot; value=&quot;OWN_TEAM_MEMBERS&quot;/&gt;
                                                               &lt;/td&gt;
                              &lt;td&gt;
                                 &lt;input class=&quot;visibilityCheckbox recipientCheckbox1&quot; type=&quot;checkbox&quot; value=&quot;OWN_TEAM_MEMBERS&quot;/&gt;
                                                               &lt;/td&gt;
                           &lt;/tr&gt;
                        &lt;/hide&gt;
                        &lt;hide style=&quot;display: none;&quot;&gt;
                           &lt;tr&gt;
                              &lt;td class=&quot;text-left&quot;&gt;
                                 &lt;div data-original-title=&quot;Control what team members of feedback recipients can view&quot; data-placement=&quot;top&quot; data-toggle=&quot;tooltip&quot; title=&quot;&quot;&gt;
                                    Recipient&#039;s Team Members
                                 &lt;/div&gt;
                              &lt;/td&gt;
                              &lt;td&gt;
                                 &lt;input class=&quot;visibilityCheckbox answerCheckbox1&quot; type=&quot;checkbox&quot; value=&quot;RECEIVER_TEAM_MEMBERS&quot;/&gt;
                                                               &lt;/td&gt;
                              &lt;td&gt;
                                 &lt;input class=&quot;visibilityCheckbox giverCheckbox1&quot; type=&quot;checkbox&quot; value=&quot;RECEIVER_TEAM_MEMBERS&quot;/&gt;
                                                               &lt;/td&gt;
                              &lt;td&gt;
                                 &lt;input class=&quot;visibilityCheckbox recipientCheckbox1&quot; type=&quot;checkbox&quot; value=&quot;RECEIVER_TEAM_MEMBERS&quot;/&gt;
                                                               &lt;/td&gt;
                           &lt;/tr&gt;
                        &lt;/hide&gt;
                        &lt;tr&gt;
                           &lt;td class=&quot;text-left&quot;&gt;
                              &lt;div data-original-title=&quot;Control what other students can view&quot; data-placement=&quot;top&quot; data-toggle=&quot;tooltip&quot; title=&quot;&quot;&gt;
                                 Other students
                              &lt;/div&gt;
                           &lt;/td&gt;
                           &lt;td&gt;
                              &lt;input class=&quot;visibilityCheckbox answerCheckbox1&quot; type=&quot;checkbox&quot; value=&quot;STUDENTS&quot;/&gt;
                                                         &lt;/td&gt;
                           &lt;td&gt;
                              &lt;input class=&quot;visibilityCheckbox giverCheckbox1&quot; type=&quot;checkbox&quot; value=&quot;STUDENTS&quot;/&gt;
                                                         &lt;/td&gt;
                           &lt;td&gt;
                              &lt;input class=&quot;visibilityCheckbox recipientCheckbox1&quot; type=&quot;checkbox&quot; value=&quot;STUDENTS&quot;/&gt;
                                                         &lt;/td&gt;
                        &lt;/tr&gt;
                        &lt;tr&gt;
                           &lt;td class=&quot;text-left&quot;&gt;
                              &lt;div data-original-title=&quot;Control what instructors can view&quot; data-placement=&quot;top&quot; data-toggle=&quot;tooltip&quot; title=&quot;&quot;&gt;
                                 Instructors
                              &lt;/div&gt;
                           &lt;/td&gt;
                           &lt;td&gt;
                              &lt;input checked=&quot;checked&quot; class=&quot;visibilityCheckbox answerCheckbox1&quot; type=&quot;checkbox&quot; value=&quot;INSTRUCTORS&quot;/&gt;
                                                         &lt;/td&gt;
                           &lt;td&gt;
                              &lt;input checked=&quot;checked&quot; class=&quot;visibilityCheckbox giverCheckbox1&quot; type=&quot;checkbox&quot; value=&quot;INSTRUCTORS&quot;/&gt;
                                                         &lt;/td&gt;
                           &lt;td&gt;
                              &lt;input checked=&quot;checked&quot; class=&quot;visibilityCheckbox recipientCheckbox1&quot; type=&quot;checkbox&quot; value=&quot;INSTRUCTORS&quot;/&gt;
                                                         &lt;/td&gt;
                        &lt;/tr&gt;
                     &lt;/tbody&gt;
                  &lt;/table&gt;
               &lt;/div&gt;
               &lt;div&gt;
                  &lt;span class=&quot;pull-right&quot;&gt;
                     &lt;input class=&quot;btn btn-primary&quot; id=&quot;button_question_submit-1&quot; style=&quot;&quot; tabindex=&quot;0&quot; type=&quot;submit&quot; value=&quot;Save Changes&quot;/&gt;
                                       &lt;/span&gt;
               &lt;/div&gt;
            &lt;/div&gt;
         &lt;/div&gt;
         &lt;input name=&quot;fsname&quot; type=&quot;hidden&quot; value=&quot;First Session&quot;/&gt;
                  &lt;input name=&quot;courseid&quot; type=&quot;hidden&quot; value=&quot;CFeedbackEditUiT.CS2104&quot;/&gt;
                  &lt;input name=&quot;questionid&quot; type=&quot;hidden&quot; value=&quot;{*}&quot;/&gt;
                  &lt;input name=&quot;questionnum&quot; type=&quot;hidden&quot; value=&quot;1&quot;/&gt;
                  &lt;input name=&quot;questiontype&quot; type=&quot;hidden&quot; value=&quot;TEXT&quot;/&gt;
                  &lt;input id=&quot;questionedittype-1&quot; name=&quot;questionedittype&quot; type=&quot;hidden&quot; value=&quot;edit&quot;/&gt;
                  &lt;input name=&quot;showresponsesto&quot; type=&quot;hidden&quot; value=&quot;RECEIVER,INSTRUCTORS&quot;/&gt;
                  &lt;input name=&quot;showgiverto&quot; type=&quot;hidden&quot; value=&quot;RECEIVER,INSTRUCTORS&quot;/&gt;
                  &lt;input name=&quot;showrecipientto&quot; type=&quot;hidden&quot; value=&quot;RECEIVER,INSTRUCTORS&quot;/&gt;
                  &lt;input name=&quot;user&quot; type=&quot;hidden&quot; value=&quot;CFeedbackEditUiT.instructor&quot;/&gt;
               &lt;/form&gt;
      &lt;br/&gt;
            &lt;br/&gt;
            &lt;form action=&quot;/page/instructorFeedbackQuestionAdd&quot; class=&quot;form-horizontal form_question&quot; method=&quot;post&quot; name=&quot;form_addquestions&quot; onsubmit=&quot;tallyCheckboxes(&#039;&#039;)&quot; role=&quot;form&quot;&gt;
         &lt;div class=&quot;well well-plain inputTable&quot; id=&quot;addNewQuestionTable&quot;&gt;
            &lt;div class=&quot;row&quot;&gt;
               &lt;div class=&quot;col-sm-6&quot;&gt;
                  &lt;label class=&quot;control-label col-sm-3&quot; for=&quot;questionTypeChoice&quot;&gt;
                     Question Type
                  &lt;/label&gt;
                  &lt;div class=&quot;col-sm-8&quot;&gt;
                     &lt;select class=&quot;form-control questionType&quot; id=&quot;questionTypeChoice&quot; name=&quot;questiontype&quot;&gt;
                        &lt;option value=&quot;TEXT&quot;&gt;
                           Essay question
                        &lt;/option&gt;
                        &lt;option value=&quot;MCQ&quot;&gt;
                           Multiple-choice (single answer) question
                        &lt;/option&gt;
                        &lt;option value=&quot;MSQ&quot;&gt;
                           Multiple-choice (multiple answers) question
                        &lt;/option&gt;
                        &lt;option value=&quot;NUMSCALE&quot;&gt;
                           Numerical-scale question
                        &lt;/option&gt;
                        &lt;option value=&quot;CONSTSUM_OPTION&quot;&gt;
                           Distribute points (among options) question
                        &lt;/option&gt;
                        &lt;option value=&quot;CONSTSUM_RECIPIENT&quot;&gt;
                           Distribute points (among recipients) question
                        &lt;/option&gt;
                        &lt;option style=&quot;display:none&quot; value=&quot;CONSTSUM&quot;&gt;
                        &lt;/option&gt;
                        &lt;option value=&quot;CONTRIB&quot;&gt;
                           Team contribution question
                        &lt;/option&gt;
                     &lt;/select&gt;
                  &lt;/div&gt;
                  &lt;div class=&quot;col-sm-1&quot;&gt;
                     &lt;h5&gt;
                        &lt;a href=&quot;/instructorHelp.html#fbQuestionTypes&quot; target=&quot;_blank&quot;&gt;
                           &lt;span class=&quot;glyphicon glyphicon-info-sign&quot;&gt;
                           &lt;/span&gt;
                        &lt;/a&gt;
                     &lt;/h5&gt;
                  &lt;/div&gt;
               &lt;/div&gt;
               &lt;div class=&quot;col-sm-2&quot;&gt;
                  &lt;a class=&quot;btn btn-primary&quot; id=&quot;button_openframe&quot; onclick=&quot;showNewQuestionFrame(document.getElementById(&#039;questionTypeChoice&#039;).value)&quot; value=&quot;Add New Question&quot;&gt;
                        Add New Question   
                  &lt;/a&gt;
               &lt;/div&gt;
               &lt;div class=&quot;col-sm-2&quot;&gt;
                  &lt;a class=&quot;btn btn-primary&quot; id=&quot;button_copy&quot; value=&quot;Copy Question&quot;&gt;
                        Copy Question   
                  &lt;/a&gt;
               &lt;/div&gt;
               &lt;div class=&quot;col-sm-2&quot;&gt;
                  &lt;a class=&quot;btn btn-primary&quot; href=&quot;/page/instructorFeedbacksPage?user=CFeedbackEditUiT.instructor&amp;courseid=CFeedbackEditUiT.CS2104&quot;&gt;
                        Done Editing   
                  &lt;/a&gt;
               &lt;/div&gt;
            &lt;/div&gt;
         &lt;/div&gt;
         &lt;div class=&quot;panel panel-primary questionTable&quot; id=&quot;questionTableNew&quot; style=&quot;display:none;&quot;&gt;
            &lt;div class=&quot;panel-heading&quot;&gt;
               &lt;strong&gt;
                  Question
               &lt;/strong&gt;
               &lt;select class=&quot;questionNumber nonDestructive text-primary&quot; id=&quot;questionnum&quot; name=&quot;questionnum&quot;&gt;
                  &lt;option value=&quot;1&quot;&gt;
                     1
                  &lt;/option&gt;
                  &lt;option value=&quot;2&quot;&gt;
                     2
                  &lt;/option&gt;
               &lt;/select&gt;
                
               &lt;span id=&quot;questionTypeHeader&quot;&gt;
               &lt;/span&gt;
               &lt;span class=&quot;pull-right&quot;&gt;
                  &lt;a class=&quot;btn btn-primary btn-xs&quot; data-original-title=&quot;Delete this question&quot; data-placement=&quot;top&quot; data-toggle=&quot;tooltip&quot; onclick=&quot;deleteQuestion(-1)&quot; title=&quot;&quot;&gt;
                     Delete
                  &lt;/a&gt;
               &lt;/span&gt;
            &lt;/div&gt;
            &lt;div class=&quot;panel-body&quot;&gt;
               &lt;div&gt;
                  &lt;textarea class=&quot;form-control textvalue nonDestructive&quot; data-original-title=&quot;Please enter the question for users to give feedback about. e.g. What is the biggest weakness of the presented product?&quot; data-placement=&quot;top&quot; data-toggle=&quot;tooltip&quot; disabled=&quot;disabled&quot; id=&quot;questiontext&quot; name=&quot;questiontext&quot; rows=&quot;5&quot; tabindex=&quot;9&quot; title=&quot;&quot;&gt;
                  &lt;/textarea&gt;
               &lt;/div&gt;
               &lt;div id=&quot;mcqForm&quot;&gt;
                  &lt;div class=&quot;row&quot;&gt;
                     &lt;br/&gt;
                                          &lt;div class=&quot;col-sm-6&quot;&gt;
                        &lt;div id=&quot;mcqChoiceTable--1&quot;&gt;
                           &lt;div id=&quot;mcqOptionRow-0--1&quot;&gt;
                              &lt;div class=&quot;input-group&quot;&gt;
                                 &lt;span class=&quot;input-group-addon&quot;&gt;
                                    &lt;input class=&quot;disabled_radio&quot; disabled=&quot;disabled&quot; type=&quot;radio&quot;/&gt;
                                                                     &lt;/span&gt;
                                 &lt;input class=&quot;form-control&quot; disabled=&quot;disabled&quot; id=&quot;mcqOption-0--1&quot; name=&quot;mcqOption-0&quot; type=&quot;text&quot; value=&quot;&quot;/&gt;
                                                                  &lt;span class=&quot;input-group-btn&quot;&gt;
                                    &lt;button class=&quot;btn btn-default removeOptionLink&quot; id=&quot;mcqRemoveOptionLink&quot; onclick=&quot;removeMcqOption(0,-1)&quot; style=&quot;display:none&quot; tabindex=&quot;-1&quot; type=&quot;button&quot;&gt;
                                       &lt;span class=&quot;glyphicon glyphicon-remove&quot;&gt;
                                       &lt;/span&gt;
                                    &lt;/button&gt;
                                 &lt;/span&gt;
                              &lt;/div&gt;
                           &lt;/div&gt;
                           &lt;div id=&quot;mcqOptionRow-1--1&quot;&gt;
                              &lt;div class=&quot;input-group&quot;&gt;
                                 &lt;span class=&quot;input-group-addon&quot;&gt;
                                    &lt;input class=&quot;disabled_radio&quot; disabled=&quot;disabled&quot; type=&quot;radio&quot;/&gt;
                                                                     &lt;/span&gt;
                                 &lt;input class=&quot;form-control&quot; disabled=&quot;disabled&quot; id=&quot;mcqOption-1--1&quot; name=&quot;mcqOption-1&quot; type=&quot;text&quot; value=&quot;&quot;/&gt;
                                                                  &lt;span class=&quot;input-group-btn&quot;&gt;
                                    &lt;button class=&quot;btn btn-default removeOptionLink&quot; id=&quot;mcqRemoveOptionLink&quot; onclick=&quot;removeMcqOption(1,-1)&quot; style=&quot;display:none&quot; tabindex=&quot;-1&quot; type=&quot;button&quot;&gt;
                                       &lt;span class=&quot;glyphicon glyphicon-remove&quot;&gt;
                                       &lt;/span&gt;
                                    &lt;/button&gt;
                                 &lt;/span&gt;
                              &lt;/div&gt;
                           &lt;/div&gt;
                           &lt;div id=&quot;mcqAddOptionRow--1&quot;&gt;
                              &lt;div colspan=&quot;2&quot;&gt;
                                 &lt;a class=&quot;btn btn-primary btn-xs addOptionLink&quot; id=&quot;mcqAddOptionLink&quot; onclick=&quot;addMcqOption(-1)&quot; style=&quot;display:none&quot;&gt;
                                    &lt;span class=&quot;glyphicon glyphicon-plus&quot;&gt;
                                    &lt;/span&gt;
                                    add more options
                                 &lt;/a&gt;
                              &lt;/div&gt;
                           &lt;/div&gt;
                        &lt;/div&gt;
                        &lt;input id=&quot;noofchoicecreated--1&quot; name=&quot;noofchoicecreated&quot; type=&quot;hidden&quot; value=&quot;2&quot;/&gt;
                                             &lt;/div&gt;
                     &lt;div class=&quot;col-sm-6&quot;&gt;
                        &lt;label class=&quot;control-label col-sm-8&quot;&gt;
                           &lt;input disabled=&quot;disabled&quot; id=&quot;generateOptionsCheckbox--1&quot; onchange=&quot;toggleMcqGeneratedOptions(this,-1)&quot; type=&quot;checkbox&quot;/&gt;
                                                      Or, generate options from the list of all
                        &lt;/label&gt;
                        &lt;div class=&quot;col-sm-4&quot;&gt;
[...]
                                                               </div>
                              <div class="col-sm-4" data-original-title="Value to be increased/decreased each step" data-placement="top" data-toggle="tooltip" title="">
                                 Increment:
                                 <input class="stepBox" disabled="disabled" id="stepBox--1" min="0.001" name="numscalestep" onchange="updateNumScalePossibleValues(-1)" step="0.001" type="number" value="1"/>
                                                               </div>
                              <div class="col-sm-4" data-original-title="Maximum acceptable response value" data-placement="top" data-toggle="tooltip" title="">
                                 Maximum value:
                                 <input class="maxScaleBox" disabled="disabled" id="maxScaleBox--1" name="numscalemax" onchange="updateNumScalePossibleValues(-1)" type="number" value="5"/>
                                                               </div>
                           </div>
                           <br/>
                                                      <div class="row">
                              <div class="col-sm-12">
                                 <span id="numScalePossibleValues--1">
                                    [Based on the above settings, acceptable responses are: 1, 2, 3, 4, 5]
                                 </span>
                              </div>
                           </div>
                        </div>
                     </div>
                  </div>
               </div>
               <div id="constSumForm">
                  <div class="row">
                     <br/>
                                          <div class="col-sm-6" id="constSumOptionTable--1">
                        <div id="constSumOptionRow-0--1">
                           <div class="input-group col-sm-12">
                              <input class="form-control" disabled="disabled" id="constSumOption-0--1" name="constSumOption-0" type="text" value=""/>
                                                            <span class="input-group-btn">
                                 <button class="btn btn-default removeOptionLink" id="constSumRemoveOptionLink" onclick="removeConstSumOption(0,-1)" style="display:none" tabindex="-1" type="button">
                                    <span class="glyphicon glyphicon-remove">
                                    </span>
                                 </button>
                              </span>
                           </div>
                        </div>
                        <div id="constSumOptionRow-1--1">
                           <div class="input-group col-sm-12">
                              <input class="form-control" disabled="disabled" id="constSumOption-1--1" name="constSumOption-1" type="text" value=""/>
                                                            <span class="input-group-btn">
                                 <button class="btn btn-default removeOptionLink" id="constSumRemoveOptionLink" onclick="removeConstSumOption(1,-1)" style="display:none" tabindex="-1" type="button">
                                    <span class="glyphicon glyphicon-remove">
                                    </span>
                                 </button>
                              </span>
                           </div>
                        </div>
                        <div id="constSumAddOptionRow--1">
                           <div colspan="2">
                              <a class="btn btn-primary btn-xs addOptionLink" id="constSumAddOptionLink" onclick="addConstSumOption(-1)" style="display:none">
                                 <span class="glyphicon glyphicon-plus">
                                 </span>
                                 add more options
                              </a>
                           </div>
                        </div>
                        <input id="noofchoicecreated--1" name="noofchoicecreated" type="hidden" value="2"/>
                                                <input id="constSumToRecipients--1" name="constSumToRecipients" type="hidden" value="false"/>
                                             </div>
                     <div class="col-sm-6">
                        <div class="form-inline col-sm-12">
                           <div class="row">
                              <div class="col-sm-4">
                                 <label class="control-label width-100-pc">
                                    <b>
                                       Points to distribute
                                    </b>
                                 </label>
                              </div>
                              <div class="col-sm-5">
                                 <select class="col-sm-5 width-100-pc select form-control" disabled="disabled" id="constSumPointsPerOptionSelect--1" name="constSumPointsPerOption">
                                    <option value="false">
                                       in total:
                                    </option>
                                    <option id="constSumOption_Option--1" value="true">
                                       per option:
                                    </option>
                                    <option id="constSumOption_Recipient--1" value="true">
                                       per recipient:
                                    </option>
                                 </select>
                              </div>
                              <div class="col-sm-3">
                                 <input class="form-control width-100-pc pointsBox" disabled="disabled" id="constSumPoints--1" min="1" name="constSumPoints" onchange="updateConstSumPointsValue(-1)" step="1" type="number" value="100"/>
                                                               </div>
                           </div>
                        </div>
                     </div>
                     <br/>
                                       </div>
               </div>
               <br/>
                              <div>
                  <div class="col-sm-6" data-original-title="Who will give feedback" data-placement="top" data-toggle="tooltip" title="">
                     <label class="col-sm-4 control-label">
                        Feedback Giver:
                     </label>
                     <div class="col-sm-8">
                        <select class="form-control participantSelect" id="givertype" name="givertype" onchange="feedbackGiverUpdateVisibilityOptions(this)">
                           <option value="SELF">
                              Me (Session creator)
                           </option>
                           <option value="STUDENTS">
                              Students in this course
                           </option>
                           <option value="INSTRUCTORS">
                              Instructors in this course
                           </option>
                           <option value="TEAMS">
                              Teams in this course
                           </option>
                        </select>
                     </div>
                  </div>
                  <div class="col-sm-6" data-original-title="Who the feedback is about" data-placement="top" data-toggle="tooltip" title="">
                     <label class="col-sm-4 control-label">
                        Feedback Recipient:
                     </label>
                     <div class="col-sm-8">
                        <select class="form-control participantSelect" id="recipienttype" name="recipienttype" onchange="feedbackRecipientUpdateVisibilityOptions(this);getVisibilityMessage(this);">
                           <option value="SELF">
                              Giver (Self feedback)
                           </option>
                           <option value="STUDENTS">
                              Other students in the course
                           </option>
                           <option value="INSTRUCTORS">
                              Instructors in the course
                           </option>
                           <option value="TEAMS">
                              Other teams in the course
                           </option>
                           <option value="OWN_TEAM">
                              Giver's team
                           </option>
                           <option value="OWN_TEAM_MEMBERS">
                              Giver's team members
                           </option>
                           <option value="OWN_TEAM_MEMBERS_INCLUDING_SELF">
                              Giver's team members and Giver
                           </option>
                           <option value="NONE">
                              Nobody specific (For general class feedback)
                           </option>
                        </select>
                     </div>
                  </div>
               </div>
               <div class="row">
                  <br/>
                                    <br/>
                                    <div class="col-sm-6 btn-group" data-toggle="buttons">
                     <label class="btn btn-xs btn-info visibilityOptionsLabel" onchange="toggleVisibilityOptions(this)">
                        <input type="radio"/>
                                                <span class="glyphicon glyphicon-pencil">
                        </span>
                        Edit Visibility
                     </label>
                     <label class="btn btn-xs btn-info active visibilityMessageButton" onchange="toggleVisibilityMessage(this)">
                        <input type="radio"/>
                                                <span class="glyphicon glyphicon-eye-open">
                        </span>
                        Preview Visibility
                     </label>
                  </div>
                  <div class="col-sm-6 numberOfEntitiesElements" style="display: none;">
                     <label class="control-label col-sm-4 small" id="numofrecipients_text-">
                        The maximum number of
                        <span id="numofrecipients_text_inner-">
                        </span>
                        each respondant should give feedback to:
                     </label>
                     <div class="col-sm-8 form-control-static">
                        <div class="col-sm-6">
                           <input class="nonDestructive" name="numofrecipientstype" type="radio" value="custom"/>
                                                      <input class="nonDestructive numberOfEntitiesBox" id="numofrecipients" max="250" min="1" name="numofrecipients" type="number" value="1"/>
                                                   </div>
                        <div class="col-sm-6">
                           <input checked="checked" class="nonDestructive" name="numofrecipientstype" type="radio" value="max"/>
                                                      <span class="">
                              Unlimited
                           </span>
                        </div>
                     </div>
                  </div>
               </div>
               <div class="row">
                  <div class="col-sm-12 text-muted visibilityMessage">
                  </div>
               </div>
               <div class="visibilityOptions" style="display: none;">
                  <br/>
                                    <table class="dataTable participantTable table table-striped text-center">
                     <tbody>
                        <tr>
                           <th class="text-center">
                              User/Group
                           </th>
                           <th class="text-center">
                              Can see answer
                           </th>
                           <th class="text-center">
                              Can see giver's name
                           </th>
                           <th class="text-center">
                              Can see recipient's name
                           </th>
                        </tr>
                        <tr>
                           <td class="text-left">
                              <div data-original-title="Control what feedback recipient(s) can view" data-placement="top" data-toggle="tooltip" title="">
                                 Recipient(s)
                              </div>
                           </td>
                           <td>
                              <input checked="checked" class="visibilityCheckbox answerCheckbox centered" name="receiverLeaderCheckbox" type="checkbox" value="RECEIVER"/>
                                                         </td>
                           <td>
                              <input checked="checked" class="visibilityCheckbox giverCheckbox" type="checkbox" value="RECEIVER"/>
                                                         </td>
                           <td>
                              <input checked="checked" class="visibilityCheckbox recipientCheckbox" disabled="disabled" name="receiverFollowerCheckbox" type="checkbox" value="RECEIVER"/>
                                                         </td>
                        </tr>
                        <tr>
                           <td class="text-left">
                              <div data-original-title="Control what team members of feedback giver can view" data-placement="top" data-toggle="tooltip" title="">
                                 Giver's Team Members
                              </div>
                           </td>
                           <td>
                              <input class="visibilityCheckbox answerCheckbox" type="checkbox" value="OWN_TEAM_MEMBERS"/>
                                                         </td>
                           <td>
                              <input class="visibilityCheckbox giverCheckbox" type="checkbox" value="OWN_TEAM_MEMBERS"/>
                                                         </td>
                           <td>
                              <input class="visibilityCheckbox recipientCheckbox" type="checkbox" value="OWN_TEAM_MEMBERS"/>
                                                         </td>
                        </tr>
                        <tr>
                           <td class="text-left">
                              <div data-original-title="Control what team members of feedback recipients can view" data-placement="top" data-toggle="tooltip" title="">
                                 Recipient's Team Members
                              </div>
                           </td>
                           <td>
                              <input class="visibilityCheckbox answerCheckbox" type="checkbox" value="RECEIVER_TEAM_MEMBERS"/>
                                                         </td>
                           <td>
                              <input class="visibilityCheckbox giverCheckbox" type="checkbox" value="RECEIVER_TEAM_MEMBERS"/>
                                                         </td>
                           <td>
                              <input class="visibilityCheckbox recipientCheckbox" type="checkbox" value="RECEIVER_TEAM_MEMBERS"/>
                                                         </td>
                        </tr>
                        <tr>
                           <td class="text-left">
                              <div data-original-title="Control what other students can view" data-placement="top" data-toggle="tooltip" title="">
                                 Other students
                              </div>
                           </td>
                           <td>
                              <input class="visibilityCheckbox answerCheckbox" type="checkbox" value="STUDENTS"/>
                                                         </td>
                           <td>
                              <input class="visibilityCheckbox giverCheckbox" type="checkbox" value="STUDENTS"/>
                                                         </td>
                           <td>
                              <input class="visibilityCheckbox recipientCheckbox" type="checkbox" value="STUDENTS"/>
                                                         </td>
                        </tr>
                        <tr>
                           <td class="text-left">
                              <div data-original-title="Control what instructors can view" data-placement="top" data-toggle="tooltip" title="">
                                 Instructors
                              </div>
                           </td>
                           <td>
                              <input checked="checked" class="visibilityCheckbox answerCheckbox" type="checkbox" value="INSTRUCTORS"/>
                                                         </td>
                           <td>
                              <input checked="checked" class="visibilityCheckbox giverCheckbox" type="checkbox" value="INSTRUCTORS"/>
                                                         </td>
                           <td>
                              <input checked="checked" class="visibilityCheckbox recipientCheckbox" type="checkbox" value="INSTRUCTORS"/>
                                                         </td>
                        </tr>
                     </tbody>
                  </table>
               </div>
               <div>
                  <span class="pull-right">
                     <input class="btn btn-primary" id="button_submit_add" tabindex="9" type="submit" value="Save Question"/>
                                       </span>
               </div>
            </div>
         </div>
      </form>
   </div>

</actual]>>
	at org.junit.Assert.assertEquals(Assert.java:115)
	at org.junit.Assert.assertEquals(Assert.java:144)
	at teammates.test.driver.HtmlHelper.assertSameHtmlPart(HtmlHelper.java:43)
	at teammates.test.pageobjects.AppPage.verifyHtmlPart(AppPage.java:815)
	at teammates.test.pageobjects.AppPage.verifyHtmlMainContent(AppPage.java:857)
	at teammates.test.cases.ui.browsertests.InstructorFeedbackEditPageUiTest.testEditQuestionAction(InstructorFeedbackEditPageUiTest.java:251)
	at teammates.test.cases.ui.browsertests.InstructorFeedbackEditPageUiTest.allTests(InstructorFeedbackEditPageUiTest.java:81)
	at sun.reflect.NativeMethodAccessorImpl.invoke0(Native Method)
	at sun.reflect.NativeMethodAccessorImpl.invoke(NativeMethodAccessorImpl.java:57)
	at sun.reflect.DelegatingMethodAccessorImpl.invoke(DelegatingMethodAccessorImpl.java:43)
	at java.lang.reflect.Method.invoke(Method.java:606)
	at org.testng.internal.MethodInvocationHelper.invokeMethod(MethodInvocationHelper.java:84)
	at org.testng.internal.Invoker.invokeMethod(Invoker.java:714)
	at org.testng.internal.Invoker.invokeTestMethod(Invoker.java:901)
	at org.testng.internal.Invoker.invokeTestMethods(Invoker.java:1231)
	at org.testng.internal.TestMethodWorker.invokeTestMethods(TestMethodWorker.java:127)
	at org.testng.internal.TestMethodWorker.run(TestMethodWorker.java:111)
	at java.util.concurrent.ThreadPoolExecutor.runWorker(ThreadPoolExecutor.java:1145)
	at java.util.concurrent.ThreadPoolExecutor$Worker.run(ThreadPoolExecutor.java:615)
	at java.lang.Thread.run(Thread.java:745)
]]>
    </error>
  </testcase> <!-- allTests -->
</testsuite> <!-- teammates.test.cases.ui.browsertests.InstructorFeedbackEditPageUiTest -->
