<?xml version="1.0" encoding="UTF-8"?>
<!-- Generated by org.testng.reporters.JUnitReportReporter -->
<testsuite hostname="soccf-tr5-001" name="teammates.test.cases.ui.browsertests.InstructorFeedbackResultsPageUiTest" tests="1" failures="0" timestamp="24 Sep 2014 12:58:05 GMT" time="6.305" errors="1">
  <testcase name="testAll" time="6.305" classname="teammates.test.cases.ui.browsertests.InstructorFeedbackResultsPageUiTest">
    <error type="org.junit.ComparisonFailure" message="expected:&lt;&lt;[expected&gt;

   &lt;html&gt;
      &lt;head&gt;
         &lt;link href=&quot;/favicon.png&quot; rel=&quot;shortcut icon&quot;/&gt;
                  &lt;meta content=&quot;text/html; charset=UTF-8&quot; http-equiv=&quot;Content-Type&quot;/&gt;
                  &lt;meta content=&quot;IE=edge&quot; http-equiv=&quot;X-UA-Compatible&quot;/&gt;
                  &lt;meta content=&quot;width=device-width, initial-scale=1&quot; name=&quot;viewport&quot;/&gt;
                  &lt;title&gt;
            TEAMMATES - Feedback Session Results
         &lt;/title&gt;
         &lt;#comment         &lt;/#comment&gt;
         &lt;link href=&quot;/bootstrap/css/bootstrap.min.css&quot; rel=&quot;stylesheet&quot;/&gt;
                  &lt;#comment         &lt;/#comment&gt;
         &lt;link href=&quot;/bootstrap/css/bootstrap-theme.min.css&quot; rel=&quot;stylesheet&quot;/&gt;
                  &lt;link href=&quot;/stylesheets/teammatesCommon.css&quot; media=&quot;screen&quot; rel=&quot;stylesheet&quot; type=&quot;text/css&quot;/&gt;
                  &lt;script async=&quot;&quot; src=&quot;https://ssl.google-analytics.com/ga.js&quot; type=&quot;text/javascript&quot;&gt;
         &lt;/script&gt;
         &lt;script src=&quot;/js/googleAnalytics.js&quot; type=&quot;text/javascript&quot;&gt;
         &lt;/script&gt;
         &lt;script src=&quot;/js/jquery-minified.js&quot; type=&quot;text/javascript&quot;&gt;
         &lt;/script&gt;
         &lt;script src=&quot;/js/common.js&quot; type=&quot;text/javascript&quot;&gt;
         &lt;/script&gt;
         &lt;script src=&quot;/js/instructor.js&quot; type=&quot;text/javascript&quot;&gt;
         &lt;/script&gt;
         &lt;script src=&quot;/js/instructorFeedbackResults.js&quot; type=&quot;text/javascript&quot;&gt;
         &lt;/script&gt;
         &lt;script src=&quot;/js/instructorFeedbackResultsAjaxByQuestion.js&quot; type=&quot;text/javascript&quot;&gt;
         &lt;/script&gt;
         &lt;script src=&quot;/js/instructorFeedbackResultsAjaxResponseRate.js&quot; type=&quot;text/javascript&quot;&gt;
         &lt;/script&gt;
         &lt;script src=&quot;/js/additionalQuestionInfo.js&quot; type=&quot;text/javascript&quot;&gt;
         &lt;/script&gt;
         &lt;#comment         &lt;/#comment&gt;
         &lt;script src=&quot;/bootstrap/js/bootstrap.min.js&quot;&gt;
         &lt;/script&gt;
         &lt;#comment         &lt;/#comment&gt;
         &lt;#comment         &lt;/#comment&gt;
      &lt;/head&gt;
      &lt;body&gt;
         &lt;div class=&quot;navbar navbar-inverse navbar-fixed-top&quot; role=&quot;navigation&quot;&gt;
            &lt;div class=&quot;container&quot;&gt;
               &lt;div class=&quot;navbar-header&quot;&gt;
                  &lt;button class=&quot;navbar-toggle&quot; data-target=&quot;#contentLinks&quot; data-toggle=&quot;collapse&quot; type=&quot;button&quot;&gt;
                     &lt;span class=&quot;sr-only&quot;&gt;
                        Toggle navigation
                     &lt;/span&gt;
                     &lt;span class=&quot;icon-bar&quot;&gt;
                     &lt;/span&gt;
                     &lt;span class=&quot;icon-bar&quot;&gt;
                     &lt;/span&gt;
                     &lt;span class=&quot;icon-bar&quot;&gt;
                     &lt;/span&gt;
                  &lt;/button&gt;
                  &lt;a class=&quot;navbar-brand&quot; href=&quot;/index.html&quot;&gt;
                     TEAMMATES
                  &lt;/a&gt;
               &lt;/div&gt;
               &lt;div class=&quot;collapse navbar-collapse&quot; id=&quot;contentLinks&quot;&gt;
                  &lt;ul class=&quot;nav navbar-nav&quot;&gt;
                     &lt;li class=&quot;&quot;&gt;
                        &lt;a class=&quot;nav home&quot; data-link=&quot;instructorHome&quot; href=&quot;/page/instructorHomePage?user=CFResultsUiT.instr&quot;&gt;
                           Home
                        &lt;/a&gt;
                     &lt;/li&gt;
                     &lt;li class=&quot;&quot;&gt;
                        &lt;a class=&quot;nav courses&quot; data-link=&quot;instructorCourse&quot; href=&quot;/page/instructorCoursesPage?user=CFResultsUiT.instr&quot;&gt;
                           Courses
                        &lt;/a&gt;
                     &lt;/li&gt;
                     &lt;li class=&quot;active&quot;&gt;
                        &lt;a class=&quot;nav evaluations&quot; data-link=&quot;instructorEval&quot; href=&quot;/page/instructorFeedbacksPage?user=CFResultsUiT.instr&quot;&gt;
                           Sessions
                        &lt;/a&gt;
                     &lt;/li&gt;
                     &lt;li class=&quot;&quot;&gt;
                        &lt;a class=&quot;nav students&quot; data-link=&quot;instructorStudent&quot; href=&quot;/page/instructorStudentListPage?user=CFResultsUiT.instr&quot;&gt;
                           Students
                        &lt;/a&gt;
                     &lt;/li&gt;
                     &lt;li class=&quot;&quot;&gt;
                        &lt;a class=&quot;nav comments&quot; data-link=&quot;instructorComments&quot; href=&quot;/page/instructorCommentsPage?user=CFResultsUiT.instr&quot;&gt;
                           Comments
                        &lt;/a&gt;
                     &lt;/li&gt;
                     &lt;li class=&quot;&quot;&gt;
                        &lt;a class=&quot;nav search&quot; data-link=&quot;instructorSearch&quot; href=&quot;/page/instructorSearchPage?user=CFResultsUiT.instr&quot;&gt;
                           Search
                        &lt;/a&gt;
                     &lt;/li&gt;
                     &lt;li&gt;
                        &lt;a class=&quot;nav help&quot; href=&quot;/instructorHelp.html&quot; target=&quot;_blank&quot;&gt;
                           Help
                        &lt;/a&gt;
                     &lt;/li&gt;
                  &lt;/ul&gt;
                  &lt;ul class=&quot;nav navbar-nav pull-right&quot;&gt;
                     &lt;li&gt;
                        &lt;a class=&quot;nav logout&quot; href=&quot;/logout.jsp&quot;&gt;
                           Logout
                        
                        (
                           &lt;span class=&quot;text-info&quot; data-original-title=&quot;CFResultsUiT.instr&quot; data-placement=&quot;bottom&quot; data-toggle=&quot;tooltip&quot; title=&quot;&quot;&gt;
                              CFResultsUiT.instr
                           &lt;/span&gt;
                           )
                        &lt;/a&gt;
                     &lt;/li&gt;
                  &lt;/ul&gt;
               &lt;/div&gt;
            &lt;/div&gt;
         &lt;/div&gt;
         &lt;div id=&quot;frameBody&quot;&gt;
            &lt;div class=&quot;container&quot; id=&quot;frameBodyWrapper&quot;&gt;
               &lt;div id=&quot;topOfPage&quot;&gt;
               &lt;/div&gt;
               &lt;div id=&quot;headerOperation&quot;&gt;
                  &lt;h1&gt;
                     Session Results
                  &lt;/h1&gt;
               &lt;/div&gt;
               &lt;div class=&quot;well well-plain padding-0&quot;&gt;
                  &lt;form action=&quot;/page/instructorFeedbackResultsDownload&quot; class=&quot;form-horizontal&quot; method=&quot;post&quot; role=&quot;form&quot;&gt;
                     &lt;div class=&quot;panel-heading&quot;&gt;
                        &lt;div class=&quot;row&quot;&gt;
                           &lt;div class=&quot;col-sm-4&quot;&gt;
                              &lt;div class=&quot;form-group&quot;&gt;
                                 &lt;label class=&quot;col-sm-2 control-label&quot;&gt;
                                    Course:
                                 &lt;/label&gt;
                                 &lt;div class=&quot;col-sm-10&quot;&gt;
                                    &lt;p class=&quot;form-control-static&quot;&gt;
                                       CFResultsUiT.CS2104
                                    &lt;/p&gt;
                                 &lt;/div&gt;
                              &lt;/div&gt;
                              &lt;div class=&quot;form-group&quot;&gt;
                                 &lt;label class=&quot;col-sm-2 control-label&quot;&gt;
                                    Session:
                                 &lt;/label&gt;
                                 &lt;div class=&quot;col-sm-10&quot;&gt;
                                    &lt;p class=&quot;form-control-static&quot;&gt;
                                       First Session
                                       &lt;a href=&quot;/page/instructorFeedbackEditPage?courseid=CFResultsUiT.CS2104&amp;fsname=First+Session&amp;user=CFResultsUiT.instr&quot;&gt;
                                          [Edit]
                                       &lt;/a&gt;
                                    &lt;/p&gt;
                                 &lt;/div&gt;
                              &lt;/div&gt;
                           &lt;/div&gt;
                           &lt;div class=&quot;col-sm-6&quot;&gt;
                              &lt;div class=&quot;form-group&quot;&gt;
                                 &lt;label class=&quot;col-sm-4 control-label&quot;&gt;
                                    Session duration:
                                 &lt;/label&gt;
                                 &lt;div class=&quot;col-sm-8&quot;&gt;
                                    &lt;p class=&quot;form-control-static&quot;&gt;
                                       01 Apr 2012, 23:59   
                                       &lt;b&gt;
                                          to
                                       &lt;/b&gt;
                                          30 Apr 2016, 23:59
                                    &lt;/p&gt;
                                 &lt;/div&gt;
                              &lt;/div&gt;
                              &lt;div class=&quot;form-group&quot;&gt;
                                 &lt;label class=&quot;col-sm-4 control-label&quot;&gt;
                                    Results visible from:
                                 &lt;/label&gt;
                                 &lt;div class=&quot;col-sm-8&quot;&gt;
                                    &lt;p class=&quot;form-control-static&quot;&gt;
                                       01 May 2012, 23:59
                                    &lt;/p&gt;
                                 &lt;/div&gt;
                              &lt;/div&gt;
                           &lt;/div&gt;
                           &lt;div class=&quot;col-sm-2&quot;&gt;
                              &lt;div id=&quot;feedbackDataButtons&quot;&gt;
                                 &lt;input class=&quot;btn btn-primary pull-right&quot; id=&quot;button_download&quot; name=&quot;fruploaddownloadbtn&quot; type=&quot;submit&quot; value=&quot;Download results&quot;/&gt;
                                                               &lt;/div&gt;
                              &lt;input name=&quot;user&quot; type=&quot;hidden&quot; value=&quot;CFResultsUiT.instr&quot;/&gt;
                                                            &lt;input name=&quot;fsname&quot; type=&quot;hidden&quot; value=&quot;First Session&quot;/&gt;
                                                            &lt;input name=&quot;courseid&quot; type=&quot;hidden&quot; value=&quot;CFResultsUiT.CS2104&quot;/&gt;
                                                            &lt;input name=&quot;sectionname&quot; type=&quot;hidden&quot; value=&quot;All&quot;/&gt;
                                                         &lt;/div&gt;
                        &lt;/div&gt;
                     &lt;/div&gt;
                  &lt;/form&gt;
               &lt;/div&gt;
               &lt;form action=&quot;/page/instructorFeedbackResultsPage?courseid=CFResultsUiT.CS2104&amp;fsname=First+Session&amp;user=CFResultsUiT.instr&quot; class=&quot;form-horizontal&quot; method=&quot;post&quot; role=&quot;form&quot;&gt;
                  &lt;div class=&quot;panel panel-info margin-0&quot;&gt;
                     &lt;div class=&quot;panel-body&quot;&gt;
                        &lt;div class=&quot;row&quot;&gt;
                           &lt;div class=&quot;col-sm-5&quot; data-original-title=&quot;View results in different formats&quot; data-toggle=&quot;tooltip&quot; title=&quot;&quot;&gt;
                              &lt;div class=&quot;form-group&quot;&gt;
                                 &lt;label class=&quot;col-sm-2 control-label&quot; for=&quot;viewSelect&quot;&gt;
                                    View:
                                 &lt;/label&gt;
                                 &lt;div class=&quot;col-sm-10&quot;&gt;
                                    &lt;select class=&quot;form-control&quot; id=&quot;viewSelect&quot; name=&quot;frsorttype&quot; onchange=&quot;this.form.submit()&quot;&gt;
                                       &lt;option selected=&quot;selected&quot; value=&quot;question&quot;&gt;
                                          Group by - Question
                                       &lt;/option&gt;
                                       &lt;option value=&quot;giver-recipient-question&quot;&gt;
                                          Group by - Giver &gt; Recipient &gt; Question
                                       &lt;/option&gt;
                                       &lt;option value=&quot;recipient-giver-question&quot;&gt;
                                          Group by - Recipient &gt; Giver &gt; Question
                                       &lt;/option&gt;
                                       &lt;option value=&quot;giver-question-recipient&quot;&gt;
                                          Group by - Giver &gt; Question &gt; Recipient
                                       &lt;/option&gt;
                                       &lt;option value=&quot;recipient-question-giver&quot;&gt;
                                          Group by - Recipient &gt; Question &gt; Giver
                                       &lt;/option&gt;
                                    &lt;/select&gt;
                                 &lt;/div&gt;
                              &lt;/div&gt;
                           &lt;/div&gt;
                           &lt;div class=&quot;col-sm-5&quot; data-original-title=&quot;Filter the results in the current view&quot; data-toggle=&quot;tooltip&quot; title=&quot;&quot;&gt;
                              &lt;div class=&quot;form-group&quot;&gt;
                                 &lt;label class=&quot;col-sm-2 control-label&quot; for=&quot;viewSelect&quot;&gt;
                                    Filter:
                                 &lt;/label&gt;
                                 &lt;div class=&quot;col-sm-10&quot;&gt;
                                    &lt;div class=&quot;input-group&quot;&gt;
                                       &lt;input class=&quot;form-control&quot; id=&quot;results-search-box&quot; onchange=&quot;updateResultsFilter()&quot; placeholder=&quot;Type keywords from the question title&quot; type=&quot;text&quot;/&gt;
                                                                              &lt;a class=&quot;input-group-addon btn btn-default&quot;&gt;
                                          &lt;span class=&quot;glyphicon glyphicon-search&quot;&gt;
                                          &lt;/span&gt;
                                       &lt;/a&gt;
                                    &lt;/div&gt;
                                 &lt;/div&gt;
                              &lt;/div&gt;
                           &lt;/div&gt;
                           &lt;div class=&quot;col-sm-2 pull-right&quot;&gt;
                              &lt;div class=&quot;col-sm-12&quot; data-original-title=&quot;Group results in the current view by team&quot; data-toggle=&quot;tooltip&quot; title=&quot;&quot;&gt;
                                 &lt;div class=&quot;checkbox padding-top-0 min-height-0&quot;&gt;
                                    &lt;label class=&quot;text-strike&quot;&gt;
                                       &lt;input checked=&quot;checked&quot; id=&quot;frgroupbyteam&quot; name=&quot;frgroupbyteam&quot; type=&quot;checkbox&quot;/&gt;
                                                                              Group by Teams
                                    &lt;/label&gt;
                                 &lt;/div&gt;
                              &lt;/div&gt;
                              &lt;div class=&quot;col-sm-12&quot; data-original-title=&quot;Show statistics&quot; data-toggle=&quot;tooltip&quot; title=&quot;&quot;&gt;
                                 &lt;div class=&quot;checkbox padding-top-0 min-height-0&quot;&gt;
                                    &lt;label&gt;
                                       &lt;input checked=&quot;checked&quot; id=&quot;show-stats-checkbox&quot; name=&quot;frshowstats&quot; type=&quot;checkbox&quot;/&gt;
                                                                              Show Statistics
                                    &lt;/label&gt;
                                 &lt;/div&gt;
                              &lt;/div&gt;
                           &lt;/div&gt;
                        &lt;/div&gt;
                        &lt;div class=&quot;row&quot;&gt;
                           &lt;div class=&quot;col-sm-5&quot; data-original-title=&quot;View results by sections&quot; data-toggle=&quot;tooltip&quot; title=&quot;&quot;&gt;
                              &lt;div class=&quot;form-group&quot;&gt;
                                 &lt;label class=&quot;col-sm-2 control-label&quot; for=&quot;sectionSelect&quot;&gt;
                                    Section:
                                 &lt;/label&gt;
                                 &lt;div class=&quot;col-sm-10&quot;&gt;
                                    &lt;select class=&quot;form-control&quot; id=&quot;sectionSelect&quot; name=&quot;frgroupbysection&quot; onchange=&quot;this.form.submit()&quot;&gt;
                                       &lt;option selected=&quot;selected&quot; value=&quot;All&quot;&gt;
                                          All
                                       &lt;/option&gt;
                                       &lt;option value=&quot;Section A&quot;&gt;
                                          Section A
                                       &lt;/option&gt;
                                       &lt;option value=&quot;Section B&quot;&gt;
                                          Section B
                                       &lt;/option&gt;
                                    &lt;/select&gt;
                                 &lt;/div&gt;
                              &lt;/div&gt;
                           &lt;/div&gt;
                           &lt;div class=&quot;col-sm-7 pull-right&quot; style=&quot;padding-top:8px;&quot;&gt;
                              &lt;a class=&quot;btn btn-default btn-xs pull-right&quot; data-original-title=&quot;Collapse all panels. You can also click on the panel heading to toggle each one individually.&quot; data-toggle=&quot;tooltip&quot; id=&quot;collapse-panels-button&quot; onclick=&quot;toggleCollapse(this)&quot; title=&quot;&quot;&gt;
                                 Collapse Questions
                              &lt;/a&gt;
                           &lt;/div&gt;
                        &lt;/div&gt;
                     &lt;/div&gt;
                  &lt;/div&gt;
                  &lt;input name=&quot;fsname&quot; type=&quot;hidden&quot; value=&quot;First Session&quot;/&gt;
                                    &lt;input name=&quot;courseid&quot; type=&quot;hidden&quot; value=&quot;CFResultsUiT.CS2104&quot;/&gt;
                                    &lt;input name=&quot;user&quot; type=&quot;hidden&quot; value=&quot;CFResultsUiT.instr&quot;/&gt;
                                 &lt;/form&gt;
               &lt;br/&gt;
                              &lt;div id=&quot;statusMessage&quot; style=&quot;display: none;&quot;&gt;
               &lt;/div&gt;
               &lt;br/&gt;
                              &lt;br/&gt;
                              &lt;div class=&quot;panel panel-info&quot;&gt;
                  &lt;div class=&quot;panel-heading&quot; data-target=&quot;#panelBodyCollapse-1&quot; id=&quot;panelHeading-1&quot; style=&quot;cursor: pointer;&quot;&gt;
                     &lt;form action=&quot;/page/instructorFeedbackResultsPage&quot; class=&quot;seeMoreForm-1&quot; id=&quot;seeMore-1&quot; style=&quot;display:none;&quot;&gt;
                        &lt;input name=&quot;courseid&quot; type=&quot;hidden&quot; value=&quot;CFResultsUiT.CS2104&quot;/&gt;
                                                &lt;input name=&quot;fsname&quot; type=&quot;hidden&quot; value=&quot;First Session&quot;/&gt;
                                                &lt;input name=&quot;user&quot; type=&quot;hidden&quot; value=&quot;CFResultsUiT.instr&quot;/&gt;
                                                &lt;input name=&quot;frgroupbyteam&quot; type=&quot;hidden&quot; value=&quot;on&quot;/&gt;
                                                &lt;input name=&quot;frsorttype&quot; type=&quot;hidden&quot; value=&quot;question&quot;/&gt;
                                                &lt;input id=&quot;showStats-1&quot; name=&quot;frshowstats&quot; type=&quot;hidden&quot; value=&quot;on&quot;/&gt;
                                                &lt;input name=&quot;questionnum&quot; type=&quot;hidden&quot; value=&quot;1&quot;/&gt;
                                             &lt;/form&gt;
                     &lt;div class=&quot;display-icon pull-right&quot;&gt;
                        &lt;span class=&quot;glyphicon glyphicon-chevron-up pull-right&quot;&gt;
                        &lt;/span&gt;
                     &lt;/div&gt;
                     &lt;strong&gt;
                        Question 1:
                     &lt;/strong&gt;
                     &lt;span class=&quot;text-preserve-space&quot;&gt;
                        Rate 3 other students&#039; products
                     &lt;/span&gt;
                  &lt;/div&gt;
                  &lt;div class=&quot;panel-collapse collapse in&quot; id=&quot;panelBodyCollapse-1&quot;&gt;
                     &lt;div class=&quot;panel-body padding-0&quot; id=&quot;questionBody-0&quot;&gt;
                        &lt;div class=&quot;resultStatistics&quot;&gt;
                        &lt;/div&gt;
                        &lt;div class=&quot;table-responsive&quot;&gt;
                           &lt;table class=&quot;table table-striped table-bordered dataTable margin-0&quot;&gt;
                              &lt;thead class=&quot;background-color-medium-gray text-color-gray font-weight-normal&quot;&gt;
                                 &lt;tr&gt;
                                    &lt;th class=&quot;button-sort-none&quot; id=&quot;button_sortFromName&quot; onclick=&quot;toggleSort(this,1)&quot; style=&quot;width: 15%;&quot;&gt;
                                       Giver
                                       &lt;span class=&quot;icon-sort unsorted&quot;&gt;
                                       &lt;/span&gt;
                                    &lt;/th&gt;
                                    &lt;th class=&quot;button-sort-none&quot; id=&quot;button_sortFromTeam&quot; onclick=&quot;toggleSort(this,2)&quot; style=&quot;width: 15%;&quot;&gt;
                                       Team
                                       &lt;span class=&quot;icon-sort unsorted&quot;&gt;
                                       &lt;/span&gt;
                                    &lt;/th&gt;
                                    &lt;th class=&quot;button-sort-none&quot; id=&quot;button_sortToName&quot; onclick=&quot;toggleSort(this,3)&quot; style=&quot;width: 15%;&quot;&gt;
                                       Recipient
                                       &lt;span class=&quot;icon-sort unsorted&quot;&gt;
                                       &lt;/span&gt;
                                    &lt;/th&gt;
                                    &lt;th class=&quot;button-sort-ascending&quot; id=&quot;button_sortToTeam&quot; onclick=&quot;toggleSort(this,4)&quot; style=&quot;width: 15%;&quot;&gt;
                                       Team
                                       &lt;span class=&quot;icon-sort unsorted&quot;&gt;
                                       &lt;/span&gt;
                                    &lt;/th&gt;
                                    &lt;th class=&quot;button-sort-none&quot; id=&quot;button_sortFeedback&quot; onclick=&quot;toggleSort(this,5)&quot;&gt;
                                       Feedback
                                       &lt;span class=&quot;icon-sort unsorted&quot;&gt;
                                       &lt;/span&gt;
                                    &lt;/th&gt;
                                 &lt;/tr&gt;
                              &lt;/thead&gt;
                              &lt;thead&gt;
                              &lt;/thead&gt;
                              &lt;tbody&gt;
                                 &lt;tr&gt;
                                    &lt;td class=&quot;middlealign&quot;&gt;
                                       Alice Betsy
                                    &lt;/td&gt;
                                    &lt;td class=&quot;middlealign&quot;&gt;
                                       Team 1
                                    &lt;/td&gt;
                                    &lt;td class=&quot;middlealign&quot;&gt;
                                       Benny Charles
                                    &lt;/td&gt;
                                    &lt;td class=&quot;middlealign&quot;&gt;
                                       Team 1
                                    &lt;/td&gt;
                                    &lt;td class=&quot;text-preserve-space&quot;&gt;
                                       2 Response to Benny.
                                    &lt;/td&gt;
                                 &lt;/tr&gt;
                                 &lt;tr&gt;
                                    &lt;td class=&quot;middlealign&quot;&gt;
                                       Alice Betsy
                                    &lt;/td&gt;
                                    &lt;td class=&quot;middlealign&quot;&gt;
                                       Team 1
                                    &lt;/td&gt;
                                    &lt;td class=&quot;middlealign&quot;&gt;
                                       Drop out
                                    &lt;/td&gt;
                                    &lt;td class=&quot;middlealign&quot;&gt;
                                       Team 2
                                    &lt;/td&gt;
                                    &lt;td class=&quot;text-preserve-space&quot;&gt;
                                       Response to Dropout.
                                    &lt;/td&gt;
                                 &lt;/tr&gt;
                                 &lt;tr&gt;
                                    &lt;td class=&quot;middlealign&quot;&gt;
                                       Benny Charles
                                    &lt;/td&gt;
                                    &lt;td class=&quot;middlealign&quot;&gt;
                                       Team 1
                                    &lt;/td&gt;
                                    &lt;td class=&quot;middlealign&quot;&gt;
                                       Charlie Dávis
                                    &lt;/td&gt;
                                    &lt;td class=&quot;middlealign&quot;&gt;
                                       Team 2
                                    &lt;/td&gt;
                                    &lt;td class=&quot;text-preserve-space&quot;&gt;
                                       4 Response to Charlie.
                                    &lt;/td&gt;
                                 &lt;/tr&gt;
                                 &lt;tr&gt;
                                    &lt;td class=&quot;middlealign&quot;&gt;
                                       Benny Charles
                                    &lt;/td&gt;
                                    &lt;td class=&quot;middlealign&quot;&gt;
                                       Team 1
                                    &lt;/td&gt;
                                    &lt;td class=&quot;middlealign&quot;&gt;
                                       Danny Engrid
                                    &lt;/td&gt;
                                    &lt;td class=&quot;middlealign&quot;&gt;
                                       Team 2
                                    &lt;/td&gt;
                                    &lt;td class=&quot;text-preserve-space&quot;&gt;
                                       1 Response to Danny.
                                    &lt;/td&gt;
                                 &lt;/tr&gt;
                                 &lt;tr&gt;
                                    &lt;td class=&quot;middlealign&quot;&gt;
                                       Charlie Dávis
                                    &lt;/td&gt;
                                    &lt;td class=&quot;middlealign&quot;&gt;
                                       Team 2
                                    &lt;/td&gt;
                                    &lt;td class=&quot;middlealign&quot;&gt;
                                       Emily
                                    &lt;/td&gt;
                                    &lt;td class=&quot;middlealign&quot;&gt;
                                       Team 3
                                    &lt;/td&gt;
                                    &lt;td class=&quot;text-preserve-space&quot;&gt;
                                       3 Response to Emily.
                                    &lt;/td&gt;
                                 &lt;/tr&gt;
                                 &lt;tr&gt;
                                    &lt;td class=&quot;middlealign&quot;&gt;
                                       Drop out
                                    &lt;/td&gt;
                                    &lt;td class=&quot;middlealign&quot;&gt;
                                       Team 2
                                    &lt;/td&gt;
                                    &lt;td class=&quot;middlealign&quot;&gt;
                                       Alice Betsy
                                    &lt;/td&gt;
                                    &lt;td class=&quot;middlealign&quot;&gt;
                                       Team 1
                                    &lt;/td&gt;
                                    &lt;td class=&quot;text-preserve-space&quot;&gt;
                                       Response to Alice from Dropout.
                                    &lt;/td&gt;
                                 &lt;/tr&gt;
                                 &lt;tr&gt;
                                    &lt;td class=&quot;middlealign&quot;&gt;
                                       Drop out
                                    &lt;/td&gt;
                                    &lt;td class=&quot;middlealign&quot;&gt;
                                       Team 2
                                    &lt;/td&gt;
                                    &lt;td class=&quot;middlealign&quot;&gt;
                                       Benny Charles
                                    &lt;/td&gt;
                                    &lt;td class=&quot;middlealign&quot;&gt;
                                       Team 1
                                    &lt;/td&gt;
                                    &lt;td class=&quot;text-preserve-space&quot;&gt;
                                       Response to Benny from Dropout.
                                    &lt;/td&gt;
                                 &lt;/tr&gt;
                                 &lt;tr&gt;
                                    &lt;td class=&quot;middlealign&quot;&gt;
                                       Drop out
                                    &lt;/td&gt;
                                    &lt;td class=&quot;middlealign&quot;&gt;
                                       Team 2
                                    &lt;/td&gt;
                                    &lt;td class=&quot;middlealign&quot;&gt;
                                       Danny Engrid
                                    &lt;/td&gt;
                                    &lt;td class=&quot;middlealign&quot;&gt;
                                       Team 2
                                    &lt;/td&gt;
                                    &lt;td class=&quot;text-preserve-space&quot;&gt;
                                       Response to Danny from Dropout.
                                    &lt;/td&gt;
                                 &lt;/tr&gt;
                              &lt;/tbody&gt;
                           &lt;/table&gt;
                        &lt;/div&gt;
                     &lt;/div&gt;
                  &lt;/div&gt;
               &lt;/div&gt;
               &lt;div class=&quot;panel panel-info&quot;&gt;
                  &lt;div class=&quot;panel-heading&quot; data-target=&quot;#panelBodyCollapse-2&quot; id=&quot;panelHeading-2&quot; style=&quot;cursor: pointer;&quot;&gt;
                     &lt;form action=&quot;/page/instructorFeedbackResultsPage&quot; class=&quot;seeMoreForm-2&quot; id=&quot;seeMore-2&quot; style=&quot;display:none;&quot;&gt;
                        &lt;input name=&quot;courseid&quot; type=&quot;hidden&quot; value=&quot;CFResultsUiT.CS2104&quot;/&gt;
                                                &lt;input name=&quot;fsname&quot; type=&quot;hidden&quot; value=&quot;First Session&quot;/&gt;
                                                &lt;input name=&quot;user&quot; type=&quot;hidden&quot; value=&quot;CFResultsUiT.instr&quot;/&gt;
                                                &lt;input name=&quot;frgroupbyteam&quot; type=&quot;hidden&quot; value=&quot;on&quot;/&gt;
                                                &lt;input name=&quot;frsorttype&quot; type=&quot;hidden&quot; value=&quot;question&quot;/&gt;
                                                &lt;input id=&quot;showStats-2&quot; name=&quot;frshowstats&quot; type=&quot;hidden&quot; value=&quot;on&quot;/&gt;
                                                &lt;input name=&quot;questionnum&quot; type=&quot;hidden&quot; value=&quot;2&quot;/&gt;
                                             &lt;/form&gt;
                     &lt;div class=&quot;display-icon pull-right&quot;&gt;
                        &lt;span class=&quot;glyphicon glyphicon-chevron-up pull-right&quot;&gt;
                        &lt;/span&gt;
                     &lt;/div&gt;
                     &lt;strong&gt;
                        Question 2:
                     &lt;/strong&gt;
                     &lt;span class=&quot;text-preserve-space&quot;&gt;
                        What is the best selling point of your product?
                     &lt;/span&gt;
                  &lt;/div&gt;
                  &lt;div class=&quot;panel-collapse collapse in&quot; id=&quot;panelBodyCollapse-2&quot;&gt;
                     &lt;div class=&quot;panel-body padding-0&quot; id=&quot;questionBody-1&quot;&gt;
                        &lt;div class=&quot;resultStatistics&quot;&gt;
                        &lt;/div&gt;
                        &lt;div class=&quot;table-responsive&quot;&gt;
                           &lt;table class=&quot;table table-striped table-bordered dataTable margin-0&quot;&gt;
                              &lt;thead class=&quot;background-color-medium-gray text-color-gray font-weight-normal&quot;&gt;
                                 &lt;tr&gt;
                                    &lt;th class=&quot;button-sort-none&quot; id=&quot;button_sortFromName&quot; onclick=&quot;toggleSort(this,1)&quot; style=&quot;width: 15%;&quot;&gt;
                                       Giver
                                       &lt;span class=&quot;icon-sort unsorted&quot;&gt;
                                       &lt;/span&gt;
                                    &lt;/th&gt;
                                    &lt;th class=&quot;button-sort-none&quot; id=&quot;button_sortFromTeam&quot; onclick=&quot;toggleSort(this,2)&quot; style=&quot;width: 15%;&quot;&gt;
                                       Team
                                       &lt;span class=&quot;icon-sort unsorted&quot;&gt;
                                       &lt;/span&gt;
                                    &lt;/th&gt;
                                    &lt;th class=&quot;button-sort-none&quot; id=&quot;button_sortToName&quot; onclick=&quot;toggleSort(this,3)&quot; style=&quot;width: 15%;&quot;&gt;
                                       Recipient
                                       &lt;span class=&quot;icon-sort unsorted&quot;&gt;
                                       &lt;/span&gt;
                                    &lt;/th&gt;
                                    &lt;th class=&quot;button-sort-ascending&quot; id=&quot;button_sortToTeam&quot; onclick=&quot;toggleSort(this,4)&quot; style=&quot;width: 15%;&quot;&gt;
                                       Team
                                       &lt;span class=&quot;icon-sort unsorted&quot;&gt;
                                       &lt;/span&gt;
                                    &lt;/th&gt;
                                    &lt;th class=&quot;button-sort-none&quot; id=&quot;button_sortFeedback&quot; onclick=&quot;toggleSort(this,5)&quot;&gt;
                                       Feedback
                                       &lt;span class=&quot;icon-sort unsorted&quot;&gt;
                                       &lt;/span&gt;
                                    &lt;/th&gt;
                                 &lt;/tr&gt;
                              &lt;/thead&gt;
                              &lt;thead&gt;
                              &lt;/thead&gt;
                              &lt;tbody&gt;
                                 &lt;tr&gt;
                                    &lt;td class=&quot;middlealign&quot;&gt;
                                       Alice Betsy
                                    &lt;/td&gt;
                                    &lt;td class=&quot;middlealign&quot;&gt;
                                       Team 1
                                    &lt;/td&gt;
                                    &lt;td class=&quot;middlealign&quot;&gt;
                                       Alice Betsy
                                    &lt;/td&gt;
                                    &lt;td class=&quot;middlealign&quot;&gt;
                                       Team 1
                                    &lt;/td&gt;
                                    &lt;td class=&quot;text-preserve-space&quot;&gt;
                                       Alice self feedback.
                                    &lt;/td&gt;
                                 &lt;/tr&gt;
                              &lt;/tbody&gt;
                           &lt;/table&gt;
                        &lt;/div&gt;
                     &lt;/div&gt;
                  &lt;/div&gt;
               &lt;/div&gt;
               &lt;div class=&quot;panel panel-info&quot;&gt;
                  &lt;div class=&quot;panel-heading&quot; data-target=&quot;#panelBodyCollapse-3&quot; id=&quot;panelHeading-3&quot; style=&quot;cursor: pointer;&quot;&gt;
                     &lt;form action=&quot;/page/instructorFeedbackResultsPage&quot; class=&quot;seeMoreForm-3&quot; id=&quot;seeMore-3&quot; style=&quot;display:none;&quot;&gt;
                        &lt;input name=&quot;courseid&quot; type=&quot;hidden&quot; value=&quot;CFResultsUiT.CS2104&quot;/&gt;
                                                &lt;input name=&quot;fsname&quot; type=&quot;hidden&quot; value=&quot;First Session&quot;/&gt;
                                                &lt;input name=&quot;user&quot; type=&quot;hidden&quot; value=&quot;CFResultsUiT.instr&quot;/&gt;
                                                &lt;input name=&quot;frgroupbyteam&quot; type=&quot;hidden&quot; value=&quot;on&quot;/&gt;
                                                &lt;input name=&quot;frsorttype&quot; type=&quot;hidden&quot; value=&quot;question&quot;/&gt;
                                                &lt;input id=&quot;showStats-3&quot; name=&quot;frshowstats&quot; type=&quot;hidden&quot; value=&quot;on&quot;/&gt;
                                                &lt;input name=&quot;questionnum&quot; type=&quot;hidden&quot; value=&quot;3&quot;/&gt;
                                             &lt;/form&gt;
                     &lt;div class=&quot;display-icon pull-right&quot;&gt;
                        &lt;span class=&quot;glyphicon glyphicon-chevron-up pull-right&quot;&gt;
                        &lt;/span&gt;
                     &lt;/div&gt;
                     &lt;strong&gt;
                        Question 3:
                     &lt;/strong&gt;
                     &lt;span class=&quot;text-preserve-space&quot;&gt;
                        My comments on the class
                     &lt;/span&gt;
                  &lt;/div&gt;
                  &lt;div class=&quot;panel-collapse collapse in&quot; id=&quot;panelBodyCollapse-3&quot;&gt;
                     &lt;div class=&quot;panel-body padding-0&quot; id=&quot;questionBody-2&quot;&gt;
                        &lt;div class=&quot;resultStatistics&quot;&gt;
                        &lt;/div&gt;
                        &lt;div class=&quot;table-responsive&quot;&gt;
                           &lt;table class=&quot;table table-striped table-bordered dataTable margin-0&quot;&gt;
                              &lt;thead class=&quot;background-color-medium-gray text-color-gray font-weight-normal&quot;&gt;
                                 &lt;tr&gt;
                                    &lt;th class=&quot;button-sort-none&quot; id=&quot;button_sortFromName&quot; onclick=&quot;toggleSort(this,1)&quot; style=&quot;width: 15%;&quot;&gt;
                                       Giver
                                       &lt;span class=&quot;icon-sort unsorted&quot;&gt;
                                       &lt;/span&gt;
                                    &lt;/th&gt;
                                    &lt;th class=&quot;button-sort-none&quot; id=&quot;button_sortFromTeam&quot; onclick=&quot;toggleSort(this,2)&quot; style=&quot;width: 15%;&quot;&gt;
                                       Team
                                       &lt;span class=&quot;icon-sort unsorted&quot;&gt;
                                       &lt;/span&gt;
                                    &lt;/th&gt;
                                    &lt;th class=&quot;button-sort-none&quot; id=&quot;button_sortToName&quot; onclick=&quot;toggleSort(this,3)&quot; style=&quot;width: 15%;&quot;&gt;
                                       Recipient
                                       &lt;span class=&quot;icon-sort unsorted&quot;&gt;
                                       &lt;/span&gt;
                                    &lt;/th&gt;
                                    &lt;th class=&quot;button-sort-ascending&quot; id=&quot;button_sortToTeam&quot; onclick=&quot;toggleSort(this,4)&quot; style=&quot;width: 15%;&quot;&gt;
                                       Team
                                       &lt;span class=&quot;icon-sort unsorted&quot;&gt;
                                       &lt;/span&gt;
                                    &lt;/th&gt;
                                    &lt;th class=&quot;button-sort-none&quot; id=&quot;button_sortFeedback&quot; onclick=&quot;toggleSort(this,5)&quot;&gt;
                                       Feedback
                                       &lt;span class=&quot;icon-sort unsorted&quot;&gt;
                                       &lt;/span&gt;
                                    &lt;/th&gt;
                                 &lt;/tr&gt;
                              &lt;/thead&gt;
                              &lt;thead&gt;
                              &lt;/thead&gt;
                              &lt;tbody&gt;
                                 &lt;tr&gt;
                                    &lt;td class=&quot;middlealign&quot;&gt;
                                       Teammates Test
                                    &lt;/td&gt;
                                    &lt;td class=&quot;middlealign&quot;&gt;
                                       Instructors
                                    &lt;/td&gt;
                                    &lt;td class=&quot;middlealign&quot;&gt;
                                       -
                                    &lt;/td&gt;
                                    &lt;td class=&quot;middlealign&quot;&gt;
                                       -
                                    &lt;/td&gt;
                                    &lt;td class=&quot;text-preserve-space&quot;&gt;
                                       This is for nobody specific.
                                    &lt;/td&gt;
                                 &lt;/tr&gt;
                              &lt;/tbody&gt;
                           &lt;/table&gt;
                        &lt;/div&gt;
                     &lt;/div&gt;
                  &lt;/div&gt;
               &lt;/div&gt;
               &lt;div class=&quot;panel panel-info&quot;&gt;
                  &lt;div class=&quot;panel-heading&quot; data-target=&quot;#panelBodyCollapse-4&quot; id=&quot;panelHeading-4&quot; style=&quot;cursor: pointer;&quot;&gt;
                     &lt;form action=&quot;/page/instructorFeedbackResultsPage&quot; class=&quot;seeMoreForm-4&quot; id=&quot;seeMore-4&quot; style=&quot;display:none;&quot;&gt;
                        &lt;input name=&quot;courseid&quot; type=&quot;hidden&quot; value=&quot;CFResultsUiT.CS2104&quot;/&gt;
                                                &lt;input name=&quot;fsname&quot; type=&quot;hidden&quot; value=&quot;First Session&quot;/&gt;
                                                &lt;input name=&quot;user&quot; type=&quot;hidden&quot; value=&quot;CFResultsUiT.instr&quot;/&gt;
                                                &lt;input name=&quot;frgroupbyteam&quot; type=&quot;hidden&quot; value=&quot;on&quot;/&gt;
                                                &lt;input name=&quot;frsorttype&quot; type=&quot;hidden&quot; value=&quot;question&quot;/&gt;
                                                &lt;input id=&quot;showStats-4&quot; name=&quot;frshowstats&quot; type=&quot;hidden&quot; value=&quot;on&quot;/&gt;
                                                &lt;input name=&quot;questionnum&quot; type=&quot;hidden&quot; value=&quot;4&quot;/&gt;
                                             &lt;/form&gt;
                     &lt;div class=&quot;display-icon pull-right&quot;&gt;
                        &lt;span class=&quot;glyphicon glyphicon-chevron-up pull-right&quot;&gt;
                        &lt;/span&gt;
                     &lt;/div&gt;
                     &lt;strong&gt;
                        Question 4:
                     &lt;/strong&gt;
                     &lt;span class=&quot;text-preserve-space&quot;&gt;
                        Give feedback to 3 other teams.
                     &lt;/span&gt;
                  &lt;/div&gt;
                  &lt;div class=&quot;panel-collapse collapse in&quot; id=&quot;panelBodyCollapse-4&quot;&gt;
                     &lt;div class=&quot;panel-body padding-0&quot; id=&quot;questionBody-3&quot;&gt;
                        &lt;div class=&quot;resultStatistics&quot;&gt;
                        &lt;/div&gt;
                        &lt;div class=&quot;table-responsive&quot;&gt;
                           &lt;table class=&quot;table table-striped table-bordered dataTable margin-0&quot;&gt;
                              &lt;thead class=&quot;background-color-medium-gray text-color-gray font-weight-normal&quot;&gt;
                                 &lt;tr&gt;
                                    &lt;th class=&quot;button-sort-none&quot; id=&quot;button_sortFromName&quot; onclick=&quot;toggleSort(this,1)&quot; style=&quot;width: 15%;&quot;&gt;
                                       Giver
                                       &lt;span class=&quot;icon-sort unsorted&quot;&gt;
                                       &lt;/span&gt;
                                    &lt;/th&gt;
                                    &lt;th class=&quot;button-sort-none&quot; id=&quot;button_sortFromTeam&quot; onclick=&quot;toggleSort(this,2)&quot; style=&quot;width: 15%;&quot;&gt;
                                       Team
                                       &lt;span class=&quot;icon-sort unsorted&quot;&gt;
                                       &lt;/span&gt;
                                    &lt;/th&gt;
                                    &lt;th class=&quot;button-sort-none&quot; id=&quot;button_sortToName&quot; onclick=&quot;toggleSort(this,3)&quot; style=&quot;width: 15%;&quot;&gt;
                                       Recipient
                                       &lt;span class=&quot;icon-sort unsorted&quot;&gt;
                                       &lt;/span&gt;
                                    &lt;/th&gt;
                                    &lt;th class=&quot;button-sort-ascending&quot; id=&quot;button_sortToTeam&quot; onclick=&quot;toggleSort(this,4)&quot; style=&quot;width: 15%;&quot;&gt;
                                       Team
                                       &lt;span class=&quot;icon-sort unsorted&quot;&gt;
                                       &lt;/span&gt;
                                    &lt;/th&gt;
                                    &lt;th class=&quot;button-sort-none&quot; id=&quot;button_sortFeedback&quot; onclick=&quot;toggleSort(this,5)&quot;&gt;
                                       Feedback
                                       &lt;span class=&quot;icon-sort unsorted&quot;&gt;
                                       &lt;/span&gt;
                                    &lt;/th&gt;
                                 &lt;/tr&gt;
                              &lt;/thead&gt;
                              &lt;thead&gt;
                              &lt;/thead&gt;
                              &lt;tbody&gt;
                                 &lt;tr&gt;
                                    &lt;td class=&quot;middlealign&quot;&gt;
                                       Team 1
                                    &lt;/td&gt;
                                    &lt;td class=&quot;middlealign&quot;&gt;
                                    &lt;/td&gt;
                                    &lt;td class=&quot;middlealign&quot;&gt;
                                       Team 2
                                    &lt;/td&gt;
                                    &lt;td class=&quot;middlealign&quot;&gt;
                                    &lt;/td&gt;
                                    &lt;td class=&quot;text-preserve-space&quot;&gt;
                                       Response from team 1 (by alice) to team 2.
                                    &lt;/td&gt;
                                 &lt;/tr&gt;
                              &lt;/tbody&gt;
                           &lt;/table&gt;
                        &lt;/div&gt;
                     &lt;/div&gt;
                  &lt;/div&gt;
               &lt;/div&gt;
               &lt;div class=&quot;panel panel-info&quot;&gt;
                  &lt;div class=&quot;panel-heading&quot; data-target=&quot;#panelBodyCollapse-5&quot; id=&quot;panelHeading-5&quot; style=&quot;cursor: pointer;&quot;&gt;
                     &lt;form action=&quot;/page/instructorFeedbackResultsPage&quot; class=&quot;seeMoreForm-5&quot; id=&quot;seeMore-5&quot; style=&quot;display:none;&quot;&gt;
                        &lt;input name=&quot;courseid&quot; type=&quot;hidden&quot; value=&quot;CFResultsUiT.CS2104&quot;/&gt;
                                                &lt;input name=&quot;fsname&quot; type=&quot;hidden&quot; value=&quot;First Session&quot;/&gt;
                                                &lt;input name=&quot;user&quot; type=&quot;hidden&quot; value=&quot;CFResultsUiT.instr&quot;/&gt;
                                                &lt;input name=&quot;frgroupbyteam&quot; type=&quot;hidden&quot; value=&quot;on&quot;/&gt;
                                                &lt;input name=&quot;frsorttype&quot; type=&quot;hidden&quot; value=&quot;question&quot;/&gt;
                                                &lt;input id=&quot;showStats-5&quot; name=&quot;frshowstats&quot; type=&quot;hidden&quot; value=&quot;on&quot;/&gt;
                                                &lt;input name=&quot;questionnum&quot; type=&quot;hidden&quot; value=&quot;5&quot;/&gt;
                                             &lt;/form&gt;
                     &lt;div class=&quot;display-icon pull-right&quot;&gt;
                        &lt;span class=&quot;glyphicon glyphicon-chevron-up pull-right&quot;&gt;
                        &lt;/span&gt;
                     &lt;/div&gt;
                     &lt;strong&gt;
                        Question 5:
                     &lt;/strong&gt;
                     &lt;span class=&quot;text-preserve-space&quot;&gt;
                        Give feedback to your team mates
                     &lt;/span&gt;
                  &lt;/div&gt;
                  &lt;div class=&quot;panel-collapse collapse in&quot; id=&quot;panelBodyCollapse-5&quot;&gt;
                     &lt;div class=&quot;panel-body padding-0&quot; id=&quot;questionBody-4&quot;&gt;
                        &lt;div class=&quot;col-sm-12&quot;&gt;
                           &lt;i class=&quot;text-muted&quot;&gt;
                              There are no responses for this question.
                           &lt;/i&gt;
                        &lt;/div&gt;
                     &lt;/div&gt;
                  &lt;/div&gt;
               &lt;/div&gt;
               &lt;div class=&quot;panel panel-info&quot;&gt;
                  &lt;div class=&quot;panel-heading&quot; data-target=&quot;#panelBodyCollapse-6&quot; id=&quot;panelHeading-6&quot; style=&quot;cursor: pointer;&quot;&gt;
                     &lt;form action=&quot;/page/instructorFeedbackResultsPage&quot; class=&quot;seeMoreForm-6&quot; id=&quot;seeMore-6&quot; style=&quot;display:none;&quot;&gt;
                        &lt;input name=&quot;courseid&quot; type=&quot;hidden&quot; value=&quot;CFResultsUiT.CS2104&quot;/&gt;
                                                &lt;input name=&quot;fsname&quot; type=&quot;hidden&quot; value=&quot;First Session&quot;/&gt;
                                                &lt;input name=&quot;user&quot; type=&quot;hidden&quot; value=&quot;CFResultsUiT.instr&quot;/&gt;
                                                &lt;input name=&quot;frgroupbyteam&quot; type=&quot;hidden&quot; value=&quot;on&quot;/&gt;
                                                &lt;input name=&quot;frsorttype&quot; type=&quot;hidden&quot; value=&quot;question&quot;/&gt;
                                                &lt;input id=&quot;showStats-6&quot; name=&quot;frshowstats&quot; type=&quot;hidden&quot; value=&quot;on&quot;/&gt;
                                                &lt;input name=&quot;questionnum&quot; type=&quot;hidden&quot; value=&quot;6&quot;/&gt;
                                             &lt;/form&gt;
                     &lt;div class=&quot;display-icon pull-right&quot;&gt;
                        &lt;span class=&quot;glyphicon glyphicon-chevron-up pull-right&quot;&gt;
                        &lt;/span&gt;
                     &lt;/div&gt;
                     &lt;strong&gt;
                        Question 6:
                     &lt;/strong&gt;
                     &lt;span class=&quot;text-preserve-space&quot;&gt;
                        This question should be hidden.
                     &lt;/span&gt;
                  &lt;/div&gt;
                  &lt;div class=&quot;panel-collapse collapse in&quot; id=&quot;panelBodyCollapse-6&quot;&gt;
                     &lt;div class=&quot;panel-body padding-0&quot; id=&quot;questionBody-5&quot;&gt;
                        &lt;div class=&quot;col-sm-12&quot;&gt;
                           &lt;i class=&quot;text-muted&quot;&gt;
                              There are no responses for this question.
                           &lt;/i&gt;
                        &lt;/div&gt;
                     &lt;/div&gt;
                  &lt;/div&gt;
               &lt;/div&gt;
               &lt;div class=&quot;panel panel-info&quot;&gt;
                  &lt;div class=&quot;panel-heading&quot; data-target=&quot;#panelBodyCollapse-7&quot; id=&quot;panelHeading-7&quot; style=&quot;cursor: pointer;&quot;&gt;
                     &lt;form action=&quot;/page/instructorFeedbackResultsPage&quot; class=&quot;seeMoreForm-7&quot; id=&quot;seeMore-7&quot; style=&quot;display:none;&quot;&gt;
                        &lt;input name=&quot;courseid&quot; type=&quot;hidden&quot; value=&quot;CFResultsUiT.CS2104&quot;/&gt;
                                                &lt;input name=&quot;fsname&quot; type=&quot;hidden&quot; value=&quot;First Session&quot;/&gt;
                                                &lt;input name=&quot;user&quot; type=&quot;hidden&quot; value=&quot;CFResultsUiT.instr&quot;/&gt;
                                                &lt;input name=&quot;frgroupbyteam&quot; type=&quot;hidden&quot; value=&quot;on&quot;/&gt;
                                                &lt;input name=&quot;frsorttype&quot; type=&quot;hidden&quot; value=&quot;question&quot;/&gt;
                                                &lt;input id=&quot;showStats-7&quot; name=&quot;frshowstats&quot; type=&quot;hidden&quot; value=&quot;on&quot;/&gt;
                                                &lt;input name=&quot;questionnum&quot; type=&quot;hidden&quot; value=&quot;7&quot;/&gt;
                                             &lt;/form&gt;
                     &lt;div class=&quot;display-icon pull-right&quot;&gt;
                        &lt;span class=&quot;glyphicon glyphicon-chevron-up pull-right&quot;&gt;
                        &lt;/span&gt;
                     &lt;/div&gt;
                     &lt;strong&gt;
                        Question 7:
                     &lt;/strong&gt;
                     &lt;span class=&quot;text-preserve-space&quot;&gt;
                        What is your extra feature? 
                        &lt;span style=&quot; white-space: normal;&quot;&gt;
                           &lt;a class=&quot;color_gray&quot; data-less=&quot;[less]&quot; data-more=&quot;[more]&quot; href=&quot;javascript:;&quot; id=&quot;questionAdditionalInfoButton-7-&quot; onclick=&quot;toggleAdditionalQuestionInfo(&#039;7-&#039;)&quot;&gt;
                              [more]
                           &lt;/a&gt;
                           &lt;br/&gt;
                                                      &lt;span id=&quot;questionAdditionalInfo-7-&quot; style=&quot;display:none;&quot;&gt;
                              Multiple-choice (single answer) question options:
                              &lt;ul style=&quot;list-style-type: disc;margin-left: 20px;&quot;&gt;
                                 &lt;li&gt;
                                    FlexiCommand
                                 &lt;/li&gt;
                                 &lt;li&gt;
                                    PowerSearch
                                 &lt;/li&gt;
                                 &lt;li&gt;
                                    GoodUI
                                 &lt;/li&gt;
                                 &lt;li&gt;
                                    Google Integration
                                 &lt;/li&gt;
                              &lt;/ul&gt;
                           &lt;/span&gt;
                        &lt;/span&gt;
                     &lt;/span&gt;
                  &lt;/div&gt;
                  &lt;div class=&quot;panel-collapse collapse in&quot; id=&quot;panelBodyCollapse-7&quot;&gt;
                     &lt;div class=&quot;panel-body padding-0&quot; id=&quot;questionBody-6&quot;&gt;
                        &lt;div class=&quot;resultStatistics&quot;&gt;
                           &lt;div class=&quot;panel-body&quot;&gt;
                              &lt;div class=&quot;row&quot;&gt;
                                 &lt;div class=&quot;col-sm-4 text-color-gray&quot;&gt;
                                    &lt;strong&gt;
                                       Response Summary
                                    &lt;/strong&gt;
                                 &lt;/div&gt;
                              &lt;/div&gt;
                              &lt;div class=&quot;row&quot;&gt;
                                 &lt;div class=&quot;col-sm-4&quot;&gt;
                                    &lt;table class=&quot;table margin-0&quot;&gt;
                                       &lt;thead&gt;
                                          &lt;tr&gt;
                                             &lt;td&gt;
                                                Choice
                                             &lt;/td&gt;
                                             &lt;td&gt;
                                                Response Count
                                             &lt;/td&gt;
                                             &lt;td&gt;
                                                Percentage
                                             &lt;/td&gt;
                                          &lt;/tr&gt;
                                       &lt;/thead&gt;
                                       &lt;tbody&gt;
                                          &lt;tr&gt;
                                             &lt;td&gt;
                                                FlexiCommand
                                             &lt;/td&gt;
                                             &lt;td&gt;
                                                0
                                             &lt;/td&gt;
                                             &lt;td&gt;
                                                0%
                                             &lt;/td&gt;
                                          &lt;/tr&gt;
                                          &lt;tr&gt;
                                             &lt;td&gt;
                                                PowerSearch
                                             &lt;/td&gt;
                                             &lt;td&gt;
                                                2
                                             &lt;/td&gt;
                                             &lt;td&gt;
                                                100%
                                             &lt;/td&gt;
                                          &lt;/tr&gt;
                                          &lt;tr&gt;
                                             &lt;td&gt;
                                                GoodUI
                                             &lt;/td&gt;
                                             &lt;td&gt;
                                                0
                                             &lt;/td&gt;
                                             &lt;td&gt;
                                                0%
                                             &lt;/td&gt;
                                          &lt;/tr&gt;
                                          &lt;tr&gt;
                                             &lt;td&gt;
                                                Google Integration
                                             &lt;/td&gt;
                                             &lt;td&gt;
                                                0
                                             &lt;/td&gt;
                                             &lt;td&gt;
                                                0%
                                             &lt;/td&gt;
                                          &lt;/tr&gt;
                                       &lt;/tbody&gt;
                                    &lt;/table&gt;
                                 &lt;/div&gt;
                              &lt;/div&gt;
                           &lt;/div&gt;
                        &lt;/div&gt;
                        &lt;div class=&quot;table-responsive&quot;&gt;
                           &lt;table class=&quot;table table-striped table-bordered dataTable margin-0&quot;&gt;
                              &lt;thead class=&quot;background-color-medium-gray text-color-gray font-weight-normal&quot;&gt;
                                 &lt;tr&gt;
                                    &lt;th class=&quot;button-sort-none&quot; id=&quot;button_sortFromName&quot; onclick=&quot;toggleSort(this,1)&quot; style=&quot;width: 15%;&quot;&gt;
                                       Giver
                                       &lt;span class=&quot;icon-sort unsorted&quot;&gt;
                                       &lt;/span&gt;
                                    &lt;/th&gt;
                                    &lt;th class=&quot;button-sort-none&quot; id=&quot;button_sortFromTeam&quot; onclick=&quot;toggleSort(this,2)&quot; style=&quot;width: 15%;&quot;&gt;
                                       Team
                                       &lt;span class=&quot;icon-sort unsorted&quot;&gt;
                                       &lt;/span&gt;
                                    &lt;/th&gt;
                                    &lt;th class=&quot;button-sort-none&quot; id=&quot;button_sortToName&quot; onclick=&quot;toggleSort(this,3)&quot; style=&quot;width: 15%;&quot;&gt;
                                       Recipient
                                       &lt;span class=&quot;icon-sort unsorted&quot;&gt;
                                       &lt;/span&gt;
                                    &lt;/th&gt;
                                    &lt;th class=&quot;button-sort-ascending&quot; id=&quot;button_sortToTeam&quot; onclick=&quot;toggleSort(this,4)&quot; style=&quot;width: 15%;&quot;&gt;
                                       Team
                                       &lt;span class=&quot;icon-sort unsorted&quot;&gt;
                                       &lt;/span&gt;
                                    &lt;/th&gt;
                                    &lt;th class=&quot;button-sort-none&quot; id=&quot;button_sortFeedback&quot; onclick=&quot;toggleSort(this,5)&quot;&gt;
                                       Feedback
                                       &lt;span class=&quot;icon-sort unsorted&quot;&gt;
                                       &lt;/span&gt;
                                    &lt;/th&gt;
                                 &lt;/tr&gt;
                              &lt;/thead&gt;
                              &lt;thead&gt;
                              &lt;/thead&gt;
                              &lt;tbody&gt;
                                 &lt;tr&gt;
                                    &lt;td class=&quot;middlealign&quot;&gt;
                                       Alice Betsy
                                    &lt;/td&gt;
                                    &lt;td class=&quot;middlealign&quot;&gt;
                                       Team 1
                                    &lt;/td&gt;
                                    &lt;td class=&quot;middlealign&quot;&gt;
                                       Alice Betsy
                                    &lt;/td&gt;
                                    &lt;td class=&quot;middlealign&quot;&gt;
                                       Team 1
                                    &lt;/td&gt;
                                    &lt;td class=&quot;text-preserve-space&quot;&gt;
                                       PowerSearch
                                    &lt;/td&gt;
                                 &lt;/tr&gt;
                                 &lt;tr&gt;
                                    &lt;td class=&quot;middlealign&quot;&gt;
                                       Drop out
                                    &lt;/td&gt;
                                    &lt;td class=&quot;middlealign&quot;&gt;
                                       Team 2
                                    &lt;/td&gt;
                                    &lt;td class=&quot;middlealign&quot;&gt;
                                       Drop out
                                    &lt;/td&gt;
                                    &lt;td class=&quot;middlealign&quot;&gt;
                                       Team 2
                                    &lt;/td&gt;
                                    &lt;td class=&quot;text-preserve-space&quot;&gt;
                                       PowerSearch
                                    &lt;/td&gt;
                                 &lt;/tr&gt;
                              &lt;/tbody&gt;
                           &lt;/table&gt;
                        &lt;/div&gt;
                     &lt;/div&gt;
                  &lt;/div&gt;
               &lt;/div&gt;
               &lt;div class=&quot;panel panel-info&quot;&gt;
                  &lt;div class=&quot;panel-heading&quot; data-target=&quot;#panelBodyCollapse-8&quot; id=&quot;panelHeading-8&quot; style=&quot;cursor: pointer;&quot;&gt;
                     &lt;form action=&quot;/page/instructorFeedbackResultsPage&quot; class=&quot;seeMoreForm-8&quot; id=&quot;seeMore-8&quot; style=&quot;display:none;&quot;&gt;
                        &lt;input name=&quot;courseid&quot; type=&quot;hidden&quot; value=&quot;CFResultsUiT.CS2104&quot;/&gt;
                                                &lt;input name=&quot;fsname&quot; type=&quot;hidden&quot; value=&quot;First Session&quot;/&gt;
                                                &lt;input name=&quot;user&quot; type=&quot;hidden&quot; value=&quot;CFResultsUiT.instr&quot;/&gt;
                                                &lt;input name=&quot;frgroupbyteam&quot; type=&quot;hidden&quot; value=&quot;on&quot;/&gt;
                                                &lt;input name=&quot;frsorttype&quot; type=&quot;hidden&quot; value=&quot;question&quot;/&gt;
                                                &lt;input id=&quot;showStats-8&quot; name=&quot;frshowstats&quot; type=&quot;hidden&quot; value=&quot;on&quot;/&gt;
                                                &lt;input name=&quot;questionnum&quot; type=&quot;hidden&quot; value=&quot;8&quot;/&gt;
                                             &lt;/form&gt;
                     &lt;div class=&quot;display-icon pull-right&quot;&gt;
                        &lt;span class=&quot;glyphicon glyphicon-chevron-up pull-right&quot;&gt;
                        &lt;/span&gt;
                     &lt;/div&gt;
                     &lt;strong&gt;
                        Question 8:
                     &lt;/strong&gt;
                     &lt;span class=&quot;text-preserve-space&quot;&gt;
                        What is your extra feature? 
                        &lt;span style=&quot; white-space: normal;&quot;&gt;
                           &lt;a class=&quot;color_gray&quot; data-less=&quot;[less]&quot; data-more=&quot;[more]&quot; href=&quot;javascript:;&quot; id=&quot;questionAdditionalInfoButton-8-&quot; onclick=&quot;toggleAdditionalQuestionInfo(&#039;8-&#039;)&quot;&gt;
                              [more]
                           &lt;/a&gt;
                           &lt;br/&gt;
                                                      &lt;span id=&quot;questionAdditionalInfo-8-&quot; style=&quot;display:none;&quot;&gt;
                              Multiple-choice (multiple answers) question options:
                              &lt;ul style=&quot;list-style-type: disc;margin-left: 20px;&quot;&gt;
                                 &lt;li&gt;
                                    FlexiCommand
                                 &lt;/li&gt;
                                 &lt;li&gt;
                                    PowerSearch
                                 &lt;/li&gt;
                                 &lt;li&gt;
                                    GoodUI
                                 &lt;/li&gt;
                                 &lt;li&gt;
                                    Google Integration
                                 &lt;/li&gt;
                              &lt;/ul&gt;
                           &lt;/span&gt;
                        &lt;/span&gt;
                     &lt;/span&gt;
                  &lt;/div&gt;
                  &lt;div class=&quot;panel-collapse collapse in&quot; id=&quot;panelBodyCollapse-8&quot;&gt;
                     &lt;div class=&quot;panel-body padding-0&quot; id=&quot;questionBody-7&quot;&gt;
                        &lt;div class=&quot;resultStatistics&quot;&gt;
                           &lt;div class=&quot;panel-body&quot;&gt;
                              &lt;div class=&quot;row&quot;&gt;
                                 &lt;div class=&quot;col-sm-4 text-color-gray&quot;&gt;
                                    &lt;strong&gt;
                                       Response Summary
                                    &lt;/strong&gt;
                                 &lt;/div&gt;
                              &lt;/div&gt;
                              &lt;div class=&quot;row&quot;&gt;
                                 &lt;div class=&quot;col-sm-4&quot;&gt;
                                    &lt;table class=&quot;table margin-0&quot;&gt;
                                       &lt;thead&gt;
                                          &lt;tr&gt;
                                             &lt;td&gt;
                                                Choice
                                             &lt;/td&gt;
                                             &lt;td&gt;
                                                Response Count
                                             &lt;/td&gt;
                                             &lt;td&gt;
                                                Percentage
                                             &lt;/td&gt;
                                          &lt;/tr&gt;
                                       &lt;/thead&gt;
                                       &lt;tbody&gt;
                                          &lt;tr&gt;
                                             &lt;td&gt;
                                                FlexiCommand
                                             &lt;/td&gt;
                                             &lt;td&gt;
                                                0
                                             &lt;/td&gt;
                                             &lt;td&gt;
                                                0%
                                             &lt;/td&gt;
                                          &lt;/tr&gt;
                                          &lt;tr&gt;
                                             &lt;td&gt;
                                                PowerSearch
                                             &lt;/td&gt;
                                             &lt;td&gt;
                                                1
                                             &lt;/td&gt;
                                             &lt;td&gt;
                                                50%
                                             &lt;/td&gt;
                                          &lt;/tr&gt;
                                          &lt;tr&gt;
                                             &lt;td&gt;
                                                GoodUI
                                             &lt;/td&gt;
                                             &lt;td&gt;
                                                1
                                             &lt;/td&gt;
                                             &lt;td&gt;
                                                50%
                                             &lt;/td&gt;
                                          &lt;/tr&gt;
                                          &lt;tr&gt;
                                             &lt;td&gt;
                                                Google Integration
                                             &lt;/td&gt;
                                             &lt;td&gt;
                                                0
                                             &lt;/td&gt;
                                             &lt;td&gt;
                                                0%
                                             &lt;/td&gt;
                                          &lt;/tr&gt;
                                       &lt;/tbody&gt;
                                    &lt;/table&gt;
                                 &lt;/div&gt;
                              &lt;/div&gt;
                           &lt;/div&gt;
                        &lt;/div&gt;
                        &lt;div class=&quot;table-responsive&quot;&gt;
                           &lt;table class=&quot;table table-striped table-bordered dataTable margin-0&quot;&gt;
                              &lt;thead class=&quot;background-color-medium-gray text-color-gray font-weight-normal&quot;&gt;
                                 &lt;tr&gt;
                                    &lt;th class=&quot;button-sort-none&quot; id=&quot;button_sortFromName&quot; onclick=&quot;toggleSort(this,1)&quot; style=&quot;width: 15%;&quot;&gt;
                                       Giver
                                       &lt;span class=&quot;icon-sort unsorted&quot;&gt;
                                       &lt;/span&gt;
                                    &lt;/th&gt;
                                    &lt;th class=&quot;button-sort-none&quot; id=&quot;button_sortFromTeam&quot; onclick=&quot;toggleSort(this,2)&quot; style=&quot;width: 15%;&quot;&gt;
                                       Team
                                       &lt;span class=&quot;icon-sort unsorted&quot;&gt;
                                       &lt;/span&gt;
                                    &lt;/th&gt;
                                    &lt;th class=&quot;button-sort-none&quot; id=&quot;button_sortToName&quot; onclick=&quot;toggleSort(this,3)&quot; style=&quot;width: 15%;&quot;&gt;
                                       Recipient
                                       &lt;span class=&quot;icon-sort unsorted&quot;&gt;
                                       &lt;/span&gt;
                                    &lt;/th&gt;
                                    &lt;th class=&quot;button-sort-ascending&quot; id=&quot;button_sortToTeam&quot; onclick=&quot;toggleSort(this,4)&quot; style=&quot;width: 15%;&quot;&gt;
[...]
                        </span>
                     </span>
                  </div>
                  <div class="panel-collapse collapse in" id="panelBodyCollapse-11">
                     <div class="panel-body padding-0" id="questionBody-10">
                        <div class="col-sm-12">
                           <i class="text-muted">
                              There are no responses for this question.
                           </i>
                        </div>
                     </div>
                  </div>
               </div>
               <div class="panel panel-info">
                  <div class="panel-heading" data-target="#panelBodyCollapse-12" id="panelHeading-12" style="cursor: pointer;">
                     <form action="/page/instructorFeedbackResultsPage" class="seeMoreForm-12" id="seeMore-12" style="display:none;">
                        <input name="courseid" type="hidden" value="CFResultsUiT.CS2104"/>
                                                <input name="fsname" type="hidden" value="First Session"/>
                                                <input name="user" type="hidden" value="CFResultsUiT.instr"/>
                                                <input name="frgroupbyteam" type="hidden" value="on"/>
                                                <input name="frsorttype" type="hidden" value="question"/>
                                                <input id="showStats-12" name="frshowstats" type="hidden" value="on"/>
                                                <input name="questionnum" type="hidden" value="12"/>
                                             </form>
                     <div class="display-icon pull-right">
                        <span class="glyphicon glyphicon-chevron-up pull-right">
                        </span>
                     </div>
                     <strong>
                        Question 12:
                     </strong>
                     <span class="text-preserve-space">
                        Which teams do you like? 
                        <span style=" white-space: normal;">
                           <a class="color_gray" data-less="[less]" data-more="[more]" href="javascript:;" id="questionAdditionalInfoButton-12-" onclick="toggleAdditionalQuestionInfo('12-')">
                              [more]
                           </a>
                           <br/>
                                                      <span id="questionAdditionalInfo-12-" style="display:none;">
                              Multiple-choice (multiple answers) question options:
                              <br/>
                                                            The options for this question is automatically generated from the list of all teams in this course.
                           </span>
                        </span>
                     </span>
                  </div>
                  <div class="panel-collapse collapse in" id="panelBodyCollapse-12">
                     <div class="panel-body padding-0" id="questionBody-11">
                        <div class="col-sm-12">
                           <i class="text-muted">
                              There are no responses for this question.
                           </i>
                        </div>
                     </div>
                  </div>
               </div>
               <div class="panel panel-info">
                  <div class="panel-heading" data-target="#panelBodyCollapse-13" id="panelHeading-13" style="cursor: pointer;">
                     <form action="/page/instructorFeedbackResultsPage" class="seeMoreForm-13" id="seeMore-13" style="display:none;">
                        <input name="courseid" type="hidden" value="CFResultsUiT.CS2104"/>
                                                <input name="fsname" type="hidden" value="First Session"/>
                                                <input name="user" type="hidden" value="CFResultsUiT.instr"/>
                                                <input name="frgroupbyteam" type="hidden" value="on"/>
                                                <input name="frsorttype" type="hidden" value="question"/>
                                                <input id="showStats-13" name="frshowstats" type="hidden" value="on"/>
                                                <input name="questionnum" type="hidden" value="13"/>
                                             </form>
                     <div class="display-icon pull-right">
                        <span class="glyphicon glyphicon-chevron-up pull-right">
                        </span>
                     </div>
                     <strong>
                        Question 13:
                     </strong>
                     <span class="text-preserve-space">
                        Rate our product. 
                        <span style=" white-space: normal;">
                           <a class="color_gray" data-less="[less]" data-more="[more]" href="javascript:;" id="questionAdditionalInfoButton-13-" onclick="toggleAdditionalQuestionInfo('13-')">
                              [more]
                           </a>
                           <br/>
                                                      <span id="questionAdditionalInfo-13-" style="display:none;">
                              Numerical-scale question:
                              <br/>
                                                            Minimum value: 1. Increment: 0.5. Maximum value: 5.
                           </span>
                        </span>
                     </span>
                  </div>
                  <div class="panel-collapse collapse in" id="panelBodyCollapse-13">
                     <div class="panel-body padding-0" id="questionBody-12">
                        <div class="col-sm-12">
                           <i class="text-muted">
                              There are no responses for this question.
                           </i>
                        </div>
                     </div>
                  </div>
               </div>
               <div class="panel panel-info">
                  <div class="panel-heading" data-target="#panelBodyCollapse-14" id="panelHeading-14" style="cursor: pointer;">
                     <form action="/page/instructorFeedbackResultsPage" class="seeMoreForm-14" id="seeMore-14" style="display:none;">
                        <input name="courseid" type="hidden" value="CFResultsUiT.CS2104"/>
                                                <input name="fsname" type="hidden" value="First Session"/>
                                                <input name="user" type="hidden" value="CFResultsUiT.instr"/>
                                                <input name="frgroupbyteam" type="hidden" value="on"/>
                                                <input name="frsorttype" type="hidden" value="question"/>
                                                <input id="showStats-14" name="frshowstats" type="hidden" value="on"/>
                                                <input name="questionnum" type="hidden" value="14"/>
                                             </form>
                     <div class="display-icon pull-right">
                        <span class="glyphicon glyphicon-chevron-up pull-right">
                        </span>
                     </div>
                     <strong>
                        Question 14:
                     </strong>
                     <span class="text-preserve-space">
                        How important are the following factors to you? Give points accordingly. 
                        <span style=" white-space: normal;">
                           <a class="color_gray" data-less="[less]" data-more="[more]" href="javascript:;" id="questionAdditionalInfoButton-14-" onclick="toggleAdditionalQuestionInfo('14-')">
                              [more]
                           </a>
                           <br/>
                                                      <span id="questionAdditionalInfo-14-" style="display:none;">
                              Distribute points (among options) question options:
                              <ul style="list-style-type: disc;margin-left: 20px;">
                                 <li>
                                    Grades
                                 </li>
                                 <li>
                                    Fun
                                 </li>
                              </ul>
                              Total points: 100
                           </span>
                        </span>
                     </span>
                  </div>
                  <div class="panel-collapse collapse in" id="panelBodyCollapse-14">
                     <div class="panel-body padding-0" id="questionBody-13">
                        <div class="col-sm-12">
                           <i class="text-muted">
                              There are no responses for this question.
                           </i>
                        </div>
                     </div>
                  </div>
               </div>
               <div class="panel panel-info">
                  <div class="panel-heading" data-target="#panelBodyCollapse-15" id="panelHeading-15" style="cursor: pointer;">
                     <form action="/page/instructorFeedbackResultsPage" class="seeMoreForm-15" id="seeMore-15" style="display:none;">
                        <input name="courseid" type="hidden" value="CFResultsUiT.CS2104"/>
                                                <input name="fsname" type="hidden" value="First Session"/>
                                                <input name="user" type="hidden" value="CFResultsUiT.instr"/>
                                                <input name="frgroupbyteam" type="hidden" value="on"/>
                                                <input name="frsorttype" type="hidden" value="question"/>
                                                <input id="showStats-15" name="frshowstats" type="hidden" value="on"/>
                                                <input name="questionnum" type="hidden" value="15"/>
                                             </form>
                     <div class="display-icon pull-right">
                        <span class="glyphicon glyphicon-chevron-up pull-right">
                        </span>
                     </div>
                     <strong>
                        Question 15:
                     </strong>
                     <span class="text-preserve-space">
                        Split points among the your team members and yourself, according to how much you think each member has contributed. 
                        <span style=" white-space: normal;">
                           <a class="color_gray" data-less="[less]" data-more="[more]" href="javascript:;" id="questionAdditionalInfoButton-15-" onclick="toggleAdditionalQuestionInfo('15-')">
                              [more]
                           </a>
                           <br/>
                                                      <span id="questionAdditionalInfo-15-" style="display:none;">
                              Distribute points (among recipients) question
                              <br/>
                                                            Points per recipient: 100
                           </span>
                        </span>
                     </span>
                  </div>
                  <div class="panel-collapse collapse in" id="panelBodyCollapse-15">
                     <div class="panel-body padding-0" id="questionBody-14">
                        <div class="col-sm-12">
                           <i class="text-muted">
                              There are no responses for this question.
                           </i>
                        </div>
                     </div>
                  </div>
               </div>
               <div class="panel panel-info">
                  <div class="panel-heading" data-target="#panelBodyCollapse-16" id="panelHeading-16" style="cursor: pointer;">
                     <form action="/page/instructorFeedbackResultsPage" class="seeMoreForm-16" id="seeMore-16" style="display:none;">
                        <input name="courseid" type="hidden" value="CFResultsUiT.CS2104"/>
                                                <input name="fsname" type="hidden" value="First Session"/>
                                                <input name="user" type="hidden" value="CFResultsUiT.instr"/>
                                                <input name="frgroupbyteam" type="hidden" value="on"/>
                                                <input name="frsorttype" type="hidden" value="question"/>
                                                <input id="showStats-16" name="frshowstats" type="hidden" value="on"/>
                                                <input name="questionnum" type="hidden" value="16"/>
                                             </form>
                     <div class="display-icon pull-right">
                        <span class="glyphicon glyphicon-chevron-up pull-right">
                        </span>
                     </div>
                     <strong>
                        Question 16:
                     </strong>
                     <span class="text-preserve-space">
                        Rate the contribution of yourself and your team members towards the latest project. 
                        <span style=" white-space: normal;">
                           <a class="color_gray" data-less="[less]" data-more="[more]" href="javascript:;" id="questionAdditionalInfoButton-16-" onclick="toggleAdditionalQuestionInfo('16-')">
                              [more]
                           </a>
                           <br/>
                                                      <span id="questionAdditionalInfo-16-" style="display:none;">
                              Team contribution question
                           </span>
                        </span>
                     </span>
                  </div>
                  <div class="panel-collapse collapse in" id="panelBodyCollapse-16">
                     <div class="panel-body padding-0" id="questionBody-15">
                        <div class="col-sm-12">
                           <i class="text-muted">
                              There are no responses for this question.
                           </i>
                        </div>
                     </div>
                  </div>
               </div>
               <div class="panel panel-warning">
                  <div class="panel-heading" data-target="#panelBodyCollapse-17" id="panelHeading-17" style="cursor: pointer;">
                     <form action="/page/instructorFeedbackResultsAjaxResponseRate" class="responseRateForm" id="responseRate" style="display:none;">
                        <input name="courseid" type="hidden" value="CFResultsUiT.CS2104"/>
                                                <input name="fsname" type="hidden" value="First Session"/>
                                                <input name="user" type="hidden" value="CFResultsUiT.instr"/>
                                             </form>
                     <div class="display-icon pull-right">
                        <span class="glyphicon glyphicon-chevron-up pull-right">
                        </span>
                     </div>
                     Participants who have not responded to any question
                  </div>
                  <div class="panel-collapse collapse in" id="panelBodyCollapse-17">
                     <div class="panel-body padding-0">
                        <table class="table table-striped table-bordered margin-0">
                           <tbody>
                              <tr>
                                 <td>
                                    Danny Engrid
                                 </td>
                              </tr>
                              <tr>
                                 <td>
                                    Emily
                                 </td>
                              </tr>
                              <tr>
                                 <td>
                                    Extra guy
                                 </td>
                              </tr>
                              <tr>
                                 <td>
                                    Teammates Helper1
                                 </td>
                              </tr>
                              <tr>
                                 <td>
                                    Teammates Helper2
                                 </td>
                              </tr>
                           </tbody>
                        </table>
                     </div>
                  </div>
               </div>
            </div>
         </div>
         <div class="container-fluid" id="footerComponent">
            <div class="container">
               <div class="row">
                  <div class="col-md-4">
                     <span>
                        [
                        <a href="/index.html">
                           TEAMMATES
                        </a>
                        V4.99]
                     </span>
                  </div>
                  <div class="col-md-4">
                     [for
                     <span class="highlight-white">
                        <span class="color_white">
                           TEAMMATES Test Institute 1
                        </span>
                     </span>
                     ]
                  </div>
                  <div class="col-md-4">
                     <span>
                        [Send
                        <a class="link" href="../contact.html" target="_blank">
                           Feedback
                        </a>
                        ]
                     </span>
                  </div>
               </div>
            </div>
         </div>
      </body>
   </html>

</actual]>>
	at org.junit.Assert.assertEquals(Assert.java:115)
	at org.junit.Assert.assertEquals(Assert.java:144)
	at teammates.test.driver.HtmlHelper.assertSameHtml(HtmlHelper.java:34)
	at teammates.test.pageobjects.AppPage.verifyHtml(AppPage.java:723)
	at teammates.test.cases.ui.browsertests.InstructorFeedbackResultsPageUiTest.testContent(InstructorFeedbackResultsPageUiTest.java:68)
	at teammates.test.cases.ui.browsertests.InstructorFeedbackResultsPageUiTest.testAll(InstructorFeedbackResultsPageUiTest.java:50)
	at sun.reflect.NativeMethodAccessorImpl.invoke0(Native Method)
	at sun.reflect.NativeMethodAccessorImpl.invoke(NativeMethodAccessorImpl.java:57)
	at sun.reflect.DelegatingMethodAccessorImpl.invoke(DelegatingMethodAccessorImpl.java:43)
	at java.lang.reflect.Method.invoke(Method.java:606)
	at org.testng.internal.MethodInvocationHelper.invokeMethod(MethodInvocationHelper.java:84)
	at org.testng.internal.Invoker.invokeMethod(Invoker.java:714)
	at org.testng.internal.Invoker.invokeTestMethod(Invoker.java:901)
	at org.testng.internal.Invoker.invokeTestMethods(Invoker.java:1231)
	at org.testng.internal.TestMethodWorker.invokeTestMethods(TestMethodWorker.java:127)
	at org.testng.internal.TestMethodWorker.run(TestMethodWorker.java:111)
	at java.util.concurrent.ThreadPoolExecutor.runWorker(ThreadPoolExecutor.java:1145)
	at java.util.concurrent.ThreadPoolExecutor$Worker.run(ThreadPoolExecutor.java:615)
	at java.lang.Thread.run(Thread.java:745)
]]>
    </error>
  </testcase> <!-- testAll -->
</testsuite> <!-- teammates.test.cases.ui.browsertests.InstructorFeedbackResultsPageUiTest -->
