<?xml version="1.0" encoding="UTF-8"?>
<!-- Generated by org.testng.reporters.JUnitXMLReporter -->
<testsuite hostname="soccf-tr5-001" name="occasional-tests" tests="13" failures="0" timestamp="24 Sep 2014 13:27:50 GMT" time="129.902" errors="0">
  <testcase name="executeJsTests" time="1.669" classname="teammates.test.cases.ui.browsertests.AllJsTests"/>
  <testcase name="testAssertionError" time="1.482" classname="teammates.test.cases.ui.browsertests.SystemErrorEmailReportTest"/>
  <testcase name="testDeadlineExceededException" time="1.684" classname="teammates.test.cases.ui.browsertests.SystemErrorEmailReportTest"/>
  <testcase name="testEntityDoesNotExistException" time="1.545" classname="teammates.test.cases.ui.browsertests.SystemErrorEmailReportTest"/>
  <testcase name="testStableSort" time="0.686" classname="teammates.test.cases.ui.browsertests.TableSortTest"/>
  <testcase name="testTableSortingDate" time="0.53" classname="teammates.test.cases.ui.browsertests.TableSortTest"/>
  <testcase name="testNullPointerException" time="0.905" classname="teammates.test.cases.ui.browsertests.SystemErrorEmailReportTest"/>
  <testcase name="testTableSortingDiff" time="0.25" classname="teammates.test.cases.ui.browsertests.TableSortTest"/>
  <testcase name="testTableSortingID" time="0.344" classname="teammates.test.cases.ui.browsertests.TableSortTest"/>
  <testcase name="testTableSortingName" time="1.092" classname="teammates.test.cases.ui.browsertests.TableSortTest"/>
  <testcase name="testTableSortingPoint" time="0.328" classname="teammates.test.cases.ui.browsertests.TableSortTest"/>
  <testcase name="testUnauthorizedAccessException" time="1.966" classname="teammates.test.cases.ui.browsertests.SystemErrorEmailReportTest"/>
  <testcase name="loadWebpageCompilation" time="45.975" classname="teammates.test.cases.ui.browsertests.MashupPageUiTest"/>
</testsuite> <!-- occasional-tests -->
